{"/Users/ksmith/dev/zzz/reprMan/apps/client-web/src/App.tsx": {"path":"/Users/ksmith/dev/zzz/reprMan/apps/client-web/src/App.tsx","statementMap":{"0":{"start":{"line":17,"column":12},"end":{"line":62,"column":1}},"1":{"start":{"line":18,"column":2},"end":{"line":20,"column":4}},"2":{"start":{"line":19,"column":4},"end":{"line":19,"column":36}},"3":{"start":{"line":22,"column":2},"end":{"line":61,"column":3}}},"fnMap":{"0":{"name":"(anonymous_0)","decl":{"start":{"line":17,"column":12},"end":{"line":17,"column":13}},"loc":{"start":{"line":17,"column":18},"end":{"line":62,"column":1}},"line":17},"1":{"name":"(anonymous_1)","decl":{"start":{"line":18,"column":12},"end":{"line":18,"column":13}},"loc":{"start":{"line":18,"column":18},"end":{"line":20,"column":3}},"line":18}},"branchMap":{},"s":{"0":1,"1":1,"2":1,"3":1},"f":{"0":1,"1":1},"b":{},"_coverageSchema":"1a1c01bbd47fc00a2c39e90264f33305004495a9","hash":"5af6901a600e43f829060b2f1ae0e8920e7355d3"}
,"/Users/ksmith/dev/zzz/reprMan/apps/client-web/src/index.tsx": {"path":"/Users/ksmith/dev/zzz/reprMan/apps/client-web/src/index.tsx","statementMap":{"0":{"start":{"line":15,"column":0},"end":{"line":15,"column":18}},"1":{"start":{"line":17,"column":13},"end":{"line":17,"column":80}},"2":{"start":{"line":19,"column":0},"end":{"line":29,"column":1}},"3":{"start":{"line":31,"column":0},"end":{"line":31,"column":17}}},"fnMap":{},"branchMap":{},"s":{"0":0,"1":0,"2":0,"3":0},"f":{},"b":{}}
,"/Users/ksmith/dev/zzz/reprMan/apps/client-web/src/reportWebVitals.ts": {"path":"/Users/ksmith/dev/zzz/reprMan/apps/client-web/src/reportWebVitals.ts","statementMap":{"0":{"start":{"line":3,"column":24},"end":{"line":13,"column":1}},"1":{"start":{"line":4,"column":2},"end":{"line":12,"column":3}},"2":{"start":{"line":5,"column":4},"end":{"line":11,"column":6}},"3":{"start":{"line":6,"column":6},"end":{"line":6,"column":25}},"4":{"start":{"line":7,"column":6},"end":{"line":7,"column":25}},"5":{"start":{"line":8,"column":6},"end":{"line":8,"column":25}},"6":{"start":{"line":9,"column":6},"end":{"line":9,"column":25}},"7":{"start":{"line":10,"column":6},"end":{"line":10,"column":26}}},"fnMap":{"0":{"name":"(anonymous_0)","decl":{"start":{"line":3,"column":24},"end":{"line":3,"column":25}},"loc":{"start":{"line":3,"column":57},"end":{"line":13,"column":1}},"line":3},"1":{"name":"(anonymous_1)","decl":{"start":{"line":5,"column":30},"end":{"line":5,"column":31}},"loc":{"start":{"line":5,"column":79},"end":{"line":11,"column":5}},"line":5}},"branchMap":{"0":{"loc":{"start":{"line":4,"column":2},"end":{"line":12,"column":3}},"type":"if","locations":[{"start":{"line":4,"column":2},"end":{"line":12,"column":3}},{"start":{},"end":{}}],"line":4},"1":{"loc":{"start":{"line":4,"column":6},"end":{"line":4,"column":52}},"type":"binary-expr","locations":[{"start":{"line":4,"column":6},"end":{"line":4,"column":17}},{"start":{"line":4,"column":21},"end":{"line":4,"column":52}}],"line":4}},"s":{"0":0,"1":0,"2":0,"3":0,"4":0,"5":0,"6":0,"7":0},"f":{"0":0,"1":0},"b":{"0":[0,0],"1":[0,0]}}
,"/Users/ksmith/dev/zzz/reprMan/apps/client-web/src/components/AddReprButton/AddReprButton.tsx": {"path":"/Users/ksmith/dev/zzz/reprMan/apps/client-web/src/components/AddReprButton/AddReprButton.tsx","statementMap":{"0":{"start":{"line":10,"column":46},"end":{"line":31,"column":1}},"1":{"start":{"line":11,"column":16},"end":{"line":11,"column":25}},"2":{"start":{"line":12,"column":2},"end":{"line":30,"column":3}},"3":{"start":{"line":23,"column":8},"end":{"line":25,"column":9}}},"fnMap":{"0":{"name":"(anonymous_0)","decl":{"start":{"line":10,"column":46},"end":{"line":10,"column":47}},"loc":{"start":{"line":10,"column":52},"end":{"line":31,"column":1}},"line":10},"1":{"name":"(anonymous_1)","decl":{"start":{"line":22,"column":15},"end":{"line":22,"column":16}},"loc":{"start":{"line":23,"column":8},"end":{"line":25,"column":9}},"line":23}},"branchMap":{},"s":{"0":1,"1":0,"2":0,"3":0},"f":{"0":0,"1":0},"b":{},"_coverageSchema":"1a1c01bbd47fc00a2c39e90264f33305004495a9","hash":"710331f9a63ac4431640f9b683b10c9f05af78e3"}
,"/Users/ksmith/dev/zzz/reprMan/apps/client-web/src/components/AddReprButton/index.ts": {"path":"/Users/ksmith/dev/zzz/reprMan/apps/client-web/src/components/AddReprButton/index.ts","statementMap":{},"fnMap":{},"branchMap":{},"s":{},"f":{},"b":{},"_coverageSchema":"1a1c01bbd47fc00a2c39e90264f33305004495a9","hash":"6d26ebf985be3abafde917a1c2ec357ed5478330"}
,"/Users/ksmith/dev/zzz/reprMan/apps/client-web/src/components/CategoryPills/CategoryPills.tsx": {"path":"/Users/ksmith/dev/zzz/reprMan/apps/client-web/src/components/CategoryPills/CategoryPills.tsx","statementMap":{"0":{"start":{"line":10,"column":18},"end":{"line":24,"column":1}},"1":{"start":{"line":33,"column":46},"end":{"line":55,"column":1}},"2":{"start":{"line":39,"column":46},"end":{"line":44,"column":3}},"3":{"start":{"line":46,"column":2},"end":{"line":54,"column":3}},"4":{"start":{"line":49,"column":8},"end":{"line":51,"column":16}},"5":{"start":{"line":49,"column":67},"end":{"line":49,"column":77}}},"fnMap":{"0":{"name":"(anonymous_0)","decl":{"start":{"line":33,"column":46},"end":{"line":33,"column":47}},"loc":{"start":{"line":38,"column":6},"end":{"line":55,"column":1}},"line":38},"1":{"name":"(anonymous_1)","decl":{"start":{"line":35,"column":12},"end":{"line":35,"column":13}},"loc":{"start":{"line":35,"column":18},"end":{"line":35,"column":20}},"line":35},"2":{"name":"(anonymous_2)","decl":{"start":{"line":48,"column":22},"end":{"line":48,"column":23}},"loc":{"start":{"line":49,"column":8},"end":{"line":51,"column":16}},"line":49},"3":{"name":"(anonymous_3)","decl":{"start":{"line":49,"column":61},"end":{"line":49,"column":62}},"loc":{"start":{"line":49,"column":67},"end":{"line":49,"column":77}},"line":49}},"branchMap":{"0":{"loc":{"start":{"line":35,"column":2},"end":{"line":35,"column":20}},"type":"default-arg","locations":[{"start":{"line":35,"column":12},"end":{"line":35,"column":20}}],"line":35},"1":{"loc":{"start":{"line":37,"column":2},"end":{"line":37,"column":31}},"type":"default-arg","locations":[{"start":{"line":37,"column":9},"end":{"line":37,"column":31}}],"line":37}},"s":{"0":1,"1":1,"2":0,"3":0,"4":0,"5":0},"f":{"0":0,"1":0,"2":0,"3":0},"b":{"0":[0],"1":[0]},"_coverageSchema":"1a1c01bbd47fc00a2c39e90264f33305004495a9","hash":"bf0b93daff3f9e0b47a0dca26fedcc17f0c30632"}
,"/Users/ksmith/dev/zzz/reprMan/apps/client-web/src/components/CategoryPills/index.ts": {"path":"/Users/ksmith/dev/zzz/reprMan/apps/client-web/src/components/CategoryPills/index.ts","statementMap":{},"fnMap":{},"branchMap":{},"s":{},"f":{},"b":{},"_coverageSchema":"1a1c01bbd47fc00a2c39e90264f33305004495a9","hash":"91ed27108027e162d7dbc4f2f8fbde343ed1d6b5"}
,"/Users/ksmith/dev/zzz/reprMan/apps/client-web/src/components/Footer/Footer.tsx": {"path":"/Users/ksmith/dev/zzz/reprMan/apps/client-web/src/components/Footer/Footer.tsx","statementMap":{"0":{"start":{"line":5,"column":15},"end":{"line":34,"column":1}},"1":{"start":{"line":6,"column":16},"end":{"line":6,"column":25}},"2":{"start":{"line":8,"column":2},"end":{"line":33,"column":3}}},"fnMap":{"0":{"name":"(anonymous_0)","decl":{"start":{"line":5,"column":15},"end":{"line":5,"column":16}},"loc":{"start":{"line":5,"column":21},"end":{"line":34,"column":1}},"line":5}},"branchMap":{},"s":{"0":1,"1":1,"2":1},"f":{"0":1},"b":{},"_coverageSchema":"1a1c01bbd47fc00a2c39e90264f33305004495a9","hash":"349be964fb2dbb814579981aef5c471d5a9a6f68"}
,"/Users/ksmith/dev/zzz/reprMan/apps/client-web/src/components/Footer/index.ts": {"path":"/Users/ksmith/dev/zzz/reprMan/apps/client-web/src/components/Footer/index.ts","statementMap":{},"fnMap":{},"branchMap":{},"s":{},"f":{},"b":{},"_coverageSchema":"1a1c01bbd47fc00a2c39e90264f33305004495a9","hash":"ed5b9693144323496ca7ce26da5af673f580426d"}
,"/Users/ksmith/dev/zzz/reprMan/apps/client-web/src/components/Header/Header.tsx": {"path":"/Users/ksmith/dev/zzz/reprMan/apps/client-web/src/components/Header/Header.tsx","statementMap":{"0":{"start":{"line":17,"column":15},"end":{"line":72,"column":1}},"1":{"start":{"line":18,"column":19},"end":{"line":18,"column":32}},"2":{"start":{"line":19,"column":19},"end":{"line":19,"column":56}},"3":{"start":{"line":20,"column":16},"end":{"line":20,"column":25}},"4":{"start":{"line":21,"column":39},"end":{"line":21,"column":55}},"5":{"start":{"line":23,"column":17},"end":{"line":27,"column":18}},"6":{"start":{"line":29,"column":30},"end":{"line":29,"column":79}},"7":{"start":{"line":31,"column":4},"end":{"line":31,"column":57}},"8":{"start":{"line":33,"column":2},"end":{"line":71,"column":3}},"9":{"start":{"line":63,"column":31},"end":{"line":63,"column":78}},"10":{"start":{"line":76,"column":19},"end":{"line":109,"column":1}},"11":{"start":{"line":82,"column":20},"end":{"line":82,"column":43}},"12":{"start":{"line":83,"column":21},"end":{"line":83,"column":47}},"13":{"start":{"line":84,"column":19},"end":{"line":84,"column":52}},"14":{"start":{"line":86,"column":20},"end":{"line":86,"column":64}},"15":{"start":{"line":87,"column":2},"end":{"line":108,"column":3}}},"fnMap":{"0":{"name":"(anonymous_0)","decl":{"start":{"line":17,"column":15},"end":{"line":17,"column":16}},"loc":{"start":{"line":17,"column":21},"end":{"line":72,"column":1}},"line":17},"1":{"name":"(anonymous_1)","decl":{"start":{"line":63,"column":24},"end":{"line":63,"column":25}},"loc":{"start":{"line":63,"column":31},"end":{"line":63,"column":78}},"line":63},"2":{"name":"(anonymous_2)","decl":{"start":{"line":76,"column":19},"end":{"line":76,"column":20}},"loc":{"start":{"line":81,"column":5},"end":{"line":109,"column":1}},"line":81}},"branchMap":{"0":{"loc":{"start":{"line":29,"column":30},"end":{"line":29,"column":79}},"type":"binary-expr","locations":[{"start":{"line":29,"column":30},"end":{"line":29,"column":48}},{"start":{"line":29,"column":52},"end":{"line":29,"column":66}},{"start":{"line":29,"column":70},"end":{"line":29,"column":79}}],"line":29},"1":{"loc":{"start":{"line":31,"column":4},"end":{"line":31,"column":57}},"type":"binary-expr","locations":[{"start":{"line":31,"column":4},"end":{"line":31,"column":20}},{"start":{"line":31,"column":25},"end":{"line":31,"column":44}},{"start":{"line":31,"column":48},"end":{"line":31,"column":56}}],"line":31},"2":{"loc":{"start":{"line":84,"column":19},"end":{"line":84,"column":52}},"type":"binary-expr","locations":[{"start":{"line":84,"column":19},"end":{"line":84,"column":29}},{"start":{"line":84,"column":33},"end":{"line":84,"column":52}}],"line":84},"3":{"loc":{"start":{"line":86,"column":20},"end":{"line":86,"column":64}},"type":"cond-expr","locations":[{"start":{"line":86,"column":32},"end":{"line":86,"column":51}},{"start":{"line":86,"column":54},"end":{"line":86,"column":64}}],"line":86},"4":{"loc":{"start":{"line":94,"column":7},"end":{"line":106,"column":7}},"type":"cond-expr","locations":[{"start":{"line":95,"column":8},"end":{"line":101,"column":15}},{"start":{"line":103,"column":8},"end":{"line":105,"column":18}}],"line":94}},"s":{"0":1,"1":1,"2":1,"3":1,"4":1,"5":1,"6":1,"7":1,"8":1,"9":3,"10":1,"11":3,"12":3,"13":3,"14":3,"15":3},"f":{"0":1,"1":3,"2":3},"b":{"0":[1,1,0],"1":[1,1,1],"2":[3,1],"3":[1,2],"4":[0,3]},"_coverageSchema":"1a1c01bbd47fc00a2c39e90264f33305004495a9","hash":"bacbf2952c1c83d20d21dd9ffadec34f07841b28"}
,"/Users/ksmith/dev/zzz/reprMan/apps/client-web/src/components/Header/index.ts": {"path":"/Users/ksmith/dev/zzz/reprMan/apps/client-web/src/components/Header/index.ts","statementMap":{},"fnMap":{},"branchMap":{},"s":{},"f":{},"b":{},"_coverageSchema":"1a1c01bbd47fc00a2c39e90264f33305004495a9","hash":"f8261d3d6dd410656cbd692ae5d41b70552082a6"}
,"/Users/ksmith/dev/zzz/reprMan/apps/client-web/src/components/Header/Controls/Controls.tsx": {"path":"/Users/ksmith/dev/zzz/reprMan/apps/client-web/src/components/Header/Controls/Controls.tsx","statementMap":{"0":{"start":{"line":12,"column":36},"end":{"line":70,"column":1}},"1":{"start":{"line":13,"column":21},"end":{"line":13,"column":36}},"2":{"start":{"line":15,"column":2},"end":{"line":17,"column":3}},"3":{"start":{"line":16,"column":4},"end":{"line":16,"column":15}},"4":{"start":{"line":19,"column":21},"end":{"line":19,"column":62}},"5":{"start":{"line":20,"column":18},"end":{"line":20,"column":52}},"6":{"start":{"line":21,"column":25},"end":{"line":21,"column":55}},"7":{"start":{"line":23,"column":2},"end":{"line":69,"column":3}}},"fnMap":{"0":{"name":"(anonymous_0)","decl":{"start":{"line":12,"column":36},"end":{"line":12,"column":37}},"loc":{"start":{"line":12,"column":56},"end":{"line":70,"column":1}},"line":12}},"branchMap":{"0":{"loc":{"start":{"line":15,"column":2},"end":{"line":17,"column":3}},"type":"if","locations":[{"start":{"line":15,"column":2},"end":{"line":17,"column":3}},{"start":{},"end":{}}],"line":15},"1":{"loc":{"start":{"line":20,"column":18},"end":{"line":20,"column":52}},"type":"cond-expr","locations":[{"start":{"line":20,"column":35},"end":{"line":20,"column":39}},{"start":{"line":20,"column":42},"end":{"line":20,"column":52}}],"line":20},"2":{"loc":{"start":{"line":21,"column":25},"end":{"line":21,"column":55}},"type":"cond-expr","locations":[{"start":{"line":21,"column":38},"end":{"line":21,"column":50}},{"start":{"line":21,"column":53},"end":{"line":21,"column":55}}],"line":21},"3":{"loc":{"start":{"line":42,"column":11},"end":{"line":61,"column":11}},"type":"binary-expr","locations":[{"start":{"line":42,"column":11},"end":{"line":42,"column":27}},{"start":{"line":43,"column":12},"end":{"line":60,"column":20}}],"line":42},"4":{"loc":{"start":{"line":56,"column":31},"end":{"line":56,"column":67}},"type":"cond-expr","locations":[{"start":{"line":56,"column":48},"end":{"line":56,"column":56}},{"start":{"line":56,"column":59},"end":{"line":56,"column":67}}],"line":56}},"s":{"0":1,"1":1,"2":1,"3":1,"4":0,"5":0,"6":0,"7":0},"f":{"0":1},"b":{"0":[1,0],"1":[0,0],"2":[0,0],"3":[0,0],"4":[0,0]},"_coverageSchema":"1a1c01bbd47fc00a2c39e90264f33305004495a9","hash":"28f6027d291d5c4d99aa81ef5e5ae21ef4e51fa6"}
,"/Users/ksmith/dev/zzz/reprMan/apps/client-web/src/components/Header/Controls/index.ts": {"path":"/Users/ksmith/dev/zzz/reprMan/apps/client-web/src/components/Header/Controls/index.ts","statementMap":{},"fnMap":{},"branchMap":{},"s":{},"f":{},"b":{},"_coverageSchema":"1a1c01bbd47fc00a2c39e90264f33305004495a9","hash":"895e38aedddc0a5780adaf3604611b2435705c20"}
,"/Users/ksmith/dev/zzz/reprMan/apps/client-web/src/components/Header/Controls/FilterForm/Filter.form.tsx": {"path":"/Users/ksmith/dev/zzz/reprMan/apps/client-web/src/components/Header/Controls/FilterForm/Filter.form.tsx","statementMap":{"0":{"start":{"line":10,"column":19},"end":{"line":55,"column":1}},"1":{"start":{"line":11,"column":25},"end":{"line":11,"column":40}},"2":{"start":{"line":12,"column":21},"end":{"line":12,"column":36}},"3":{"start":{"line":14,"column":31},"end":{"line":27,"column":3}},"4":{"start":{"line":18,"column":26},"end":{"line":18,"column":51}},"5":{"start":{"line":19,"column":18},"end":{"line":19,"column":68}},"6":{"start":{"line":19,"column":53},"end":{"line":19,"column":67}},"7":{"start":{"line":20,"column":4},"end":{"line":24,"column":5}},"8":{"start":{"line":21,"column":6},"end":{"line":21,"column":34}},"9":{"start":{"line":23,"column":6},"end":{"line":23,"column":36}},"10":{"start":{"line":26,"column":4},"end":{"line":26,"column":62}},"11":{"start":{"line":29,"column":33},"end":{"line":38,"column":3}},"12":{"start":{"line":30,"column":4},"end":{"line":37,"column":6}},"13":{"start":{"line":36,"column":23},"end":{"line":36,"column":56}},"14":{"start":{"line":40,"column":2},"end":{"line":54,"column":3}},"15":{"start":{"line":47,"column":10},"end":{"line":47,"column":54}}},"fnMap":{"0":{"name":"(anonymous_0)","decl":{"start":{"line":10,"column":19},"end":{"line":10,"column":20}},"loc":{"start":{"line":10,"column":25},"end":{"line":55,"column":1}},"line":10},"1":{"name":"(anonymous_1)","decl":{"start":{"line":14,"column":31},"end":{"line":14,"column":32}},"loc":{"start":{"line":17,"column":7},"end":{"line":27,"column":3}},"line":17},"2":{"name":"(anonymous_2)","decl":{"start":{"line":19,"column":46},"end":{"line":19,"column":47}},"loc":{"start":{"line":19,"column":53},"end":{"line":19,"column":67}},"line":19},"3":{"name":"(anonymous_3)","decl":{"start":{"line":29,"column":33},"end":{"line":29,"column":34}},"loc":{"start":{"line":30,"column":4},"end":{"line":37,"column":6}},"line":30},"4":{"name":"(anonymous_4)","decl":{"start":{"line":36,"column":16},"end":{"line":36,"column":17}},"loc":{"start":{"line":36,"column":23},"end":{"line":36,"column":56}},"line":36},"5":{"name":"(anonymous_5)","decl":{"start":{"line":46,"column":18},"end":{"line":46,"column":19}},"loc":{"start":{"line":47,"column":10},"end":{"line":47,"column":54}},"line":47}},"branchMap":{"0":{"loc":{"start":{"line":20,"column":4},"end":{"line":24,"column":5}},"type":"if","locations":[{"start":{"line":20,"column":4},"end":{"line":24,"column":5}},{"start":{"line":22,"column":11},"end":{"line":24,"column":5}}],"line":20}},"s":{"0":1,"1":0,"2":0,"3":0,"4":0,"5":0,"6":0,"7":0,"8":0,"9":0,"10":0,"11":0,"12":0,"13":0,"14":0,"15":0},"f":{"0":0,"1":0,"2":0,"3":0,"4":0,"5":0},"b":{"0":[0,0]},"_coverageSchema":"1a1c01bbd47fc00a2c39e90264f33305004495a9","hash":"1084f70fc04b0b6e764388ca45abc47b50b852b0"}
,"/Users/ksmith/dev/zzz/reprMan/apps/client-web/src/components/Header/Controls/FilterForm/index.ts": {"path":"/Users/ksmith/dev/zzz/reprMan/apps/client-web/src/components/Header/Controls/FilterForm/index.ts","statementMap":{},"fnMap":{},"branchMap":{},"s":{},"f":{},"b":{},"_coverageSchema":"1a1c01bbd47fc00a2c39e90264f33305004495a9","hash":"cf0089a0ab5521081c3d9a7b4cea930c9cbc0ec4"}
,"/Users/ksmith/dev/zzz/reprMan/apps/client-web/src/components/InfoButton/InfoButton.tsx": {"path":"/Users/ksmith/dev/zzz/reprMan/apps/client-web/src/components/InfoButton/InfoButton.tsx","statementMap":{"0":{"start":{"line":12,"column":40},"end":{"line":27,"column":1}},"1":{"start":{"line":13,"column":2},"end":{"line":26,"column":4}},"2":{"start":{"line":16,"column":6},"end":{"line":24,"column":7}}},"fnMap":{"0":{"name":"(anonymous_0)","decl":{"start":{"line":12,"column":40},"end":{"line":12,"column":41}},"loc":{"start":{"line":13,"column":2},"end":{"line":26,"column":4}},"line":13},"1":{"name":"(anonymous_1)","decl":{"start":{"line":15,"column":13},"end":{"line":15,"column":14}},"loc":{"start":{"line":16,"column":6},"end":{"line":24,"column":7}},"line":16}},"branchMap":{},"s":{"0":1,"1":0,"2":0},"f":{"0":0,"1":0},"b":{},"_coverageSchema":"1a1c01bbd47fc00a2c39e90264f33305004495a9","hash":"ded30d193ba35e144b2611190b1e17401259cca0"}
,"/Users/ksmith/dev/zzz/reprMan/apps/client-web/src/components/InfoButton/index.ts": {"path":"/Users/ksmith/dev/zzz/reprMan/apps/client-web/src/components/InfoButton/index.ts","statementMap":{},"fnMap":{},"branchMap":{},"s":{},"f":{},"b":{},"_coverageSchema":"1a1c01bbd47fc00a2c39e90264f33305004495a9","hash":"3cc724c9affc868c5551eaa75739df18da0c82ec"}
,"/Users/ksmith/dev/zzz/reprMan/apps/client-web/src/components/ReprButton/ReprButton.tsx": {"path":"/Users/ksmith/dev/zzz/reprMan/apps/client-web/src/components/ReprButton/ReprButton.tsx","statementMap":{"0":{"start":{"line":23,"column":40},"end":{"line":57,"column":1}},"1":{"start":{"line":24,"column":16},"end":{"line":24,"column":25}},"2":{"start":{"line":26,"column":22},"end":{"line":42,"column":3}},"3":{"start":{"line":44,"column":19},"end":{"line":44,"column":36}},"4":{"start":{"line":45,"column":2},"end":{"line":56,"column":3}},"5":{"start":{"line":50,"column":8},"end":{"line":50,"column":27}},"6":{"start":{"line":51,"column":8},"end":{"line":51,"column":58}}},"fnMap":{"0":{"name":"(anonymous_0)","decl":{"start":{"line":23,"column":40},"end":{"line":23,"column":41}},"loc":{"start":{"line":23,"column":73},"end":{"line":57,"column":1}},"line":23},"1":{"name":"(anonymous_1)","decl":{"start":{"line":49,"column":15},"end":{"line":49,"column":16}},"loc":{"start":{"line":49,"column":22},"end":{"line":52,"column":7}},"line":49}},"branchMap":{},"s":{"0":1,"1":0,"2":0,"3":0,"4":0,"5":0,"6":0},"f":{"0":0,"1":0},"b":{},"_coverageSchema":"1a1c01bbd47fc00a2c39e90264f33305004495a9","hash":"bc09a1038d2a17f9d1a5d13a36ba10b66583a40f"}
,"/Users/ksmith/dev/zzz/reprMan/apps/client-web/src/components/ReprButton/index.ts": {"path":"/Users/ksmith/dev/zzz/reprMan/apps/client-web/src/components/ReprButton/index.ts","statementMap":{},"fnMap":{},"branchMap":{},"s":{},"f":{},"b":{},"_coverageSchema":"1a1c01bbd47fc00a2c39e90264f33305004495a9","hash":"565054f9fc28c2570dc84dc009b25e0922eb8d30"}
,"/Users/ksmith/dev/zzz/reprMan/apps/client-web/src/components/ReprLine/ReprLine.helpers.tsx": {"path":"/Users/ksmith/dev/zzz/reprMan/apps/client-web/src/components/ReprLine/ReprLine.helpers.tsx","statementMap":{"0":{"start":{"line":4,"column":25},"end":{"line":4,"column":30}},"1":{"start":{"line":8,"column":29},"end":{"line":8,"column":75}},"2":{"start":{"line":9,"column":29},"end":{"line":9,"column":75}},"3":{"start":{"line":10,"column":28},"end":{"line":10,"column":72}},"4":{"start":{"line":12,"column":29},"end":{"line":27,"column":1}},"5":{"start":{"line":16,"column":18},"end":{"line":16,"column":76}},"6":{"start":{"line":18,"column":2},"end":{"line":20,"column":3}},"7":{"start":{"line":19,"column":4},"end":{"line":19,"column":23}},"8":{"start":{"line":22,"column":2},"end":{"line":24,"column":3}},"9":{"start":{"line":23,"column":4},"end":{"line":23,"column":24}},"10":{"start":{"line":26,"column":2},"end":{"line":26,"column":22}}},"fnMap":{"0":{"name":"(anonymous_0)","decl":{"start":{"line":12,"column":29},"end":{"line":12,"column":30}},"loc":{"start":{"line":15,"column":16},"end":{"line":27,"column":1}},"line":15}},"branchMap":{"0":{"loc":{"start":{"line":18,"column":2},"end":{"line":20,"column":3}},"type":"if","locations":[{"start":{"line":18,"column":2},"end":{"line":20,"column":3}},{"start":{},"end":{}}],"line":18},"1":{"loc":{"start":{"line":22,"column":2},"end":{"line":24,"column":3}},"type":"if","locations":[{"start":{"line":22,"column":2},"end":{"line":24,"column":3}},{"start":{},"end":{}}],"line":22}},"s":{"0":2,"1":2,"2":2,"3":2,"4":2,"5":9,"6":9,"7":4,"8":5,"9":2,"10":3},"f":{"0":9},"b":{"0":[4,5],"1":[2,3]},"_coverageSchema":"1a1c01bbd47fc00a2c39e90264f33305004495a9","hash":"108a733596b8156f9e954d157073c38afea2a677"}
,"/Users/ksmith/dev/zzz/reprMan/apps/client-web/src/components/ReprLine/ReprLine.tsx": {"path":"/Users/ksmith/dev/zzz/reprMan/apps/client-web/src/components/ReprLine/ReprLine.tsx","statementMap":{"0":{"start":{"line":19,"column":36},"end":{"line":85,"column":1}},"1":{"start":{"line":20,"column":16},"end":{"line":20,"column":25}},"2":{"start":{"line":21,"column":23},"end":{"line":21,"column":36}},"3":{"start":{"line":22,"column":61},"end":{"line":22,"column":65}},"4":{"start":{"line":23,"column":24},"end":{"line":23,"column":46}},"5":{"start":{"line":24,"column":21},"end":{"line":24,"column":59}},"6":{"start":{"line":25,"column":19},"end":{"line":25,"column":32}},"7":{"start":{"line":27,"column":2},"end":{"line":84,"column":3}},"8":{"start":{"line":31,"column":21},"end":{"line":31,"column":43}}},"fnMap":{"0":{"name":"(anonymous_0)","decl":{"start":{"line":19,"column":36},"end":{"line":19,"column":37}},"loc":{"start":{"line":19,"column":50},"end":{"line":85,"column":1}},"line":19},"1":{"name":"(anonymous_1)","decl":{"start":{"line":31,"column":15},"end":{"line":31,"column":16}},"loc":{"start":{"line":31,"column":21},"end":{"line":31,"column":43}},"line":31}},"branchMap":{"0":{"loc":{"start":{"line":23,"column":24},"end":{"line":23,"column":46}},"type":"binary-expr","locations":[{"start":{"line":23,"column":24},"end":{"line":23,"column":41}},{"start":{"line":23,"column":45},"end":{"line":23,"column":46}}],"line":23},"1":{"loc":{"start":{"line":40,"column":9},"end":{"line":47,"column":9}},"type":"binary-expr","locations":[{"start":{"line":40,"column":9},"end":{"line":40,"column":18}},{"start":{"line":41,"column":10},"end":{"line":46,"column":26}}],"line":40},"2":{"loc":{"start":{"line":50,"column":11},"end":{"line":50,"column":76}},"type":"cond-expr","locations":[{"start":{"line":50,"column":27},"end":{"line":50,"column":56}},{"start":{"line":50,"column":59},"end":{"line":50,"column":76}}],"line":50},"3":{"loc":{"start":{"line":54,"column":7},"end":{"line":62,"column":7}},"type":"binary-expr","locations":[{"start":{"line":54,"column":7},"end":{"line":54,"column":26}},{"start":{"line":55,"column":8},"end":{"line":61,"column":10}}],"line":54}},"s":{"0":1,"1":0,"2":0,"3":0,"4":0,"5":0,"6":0,"7":0,"8":0},"f":{"0":0,"1":0},"b":{"0":[0,0],"1":[0,0],"2":[0,0],"3":[0,0]},"_coverageSchema":"1a1c01bbd47fc00a2c39e90264f33305004495a9","hash":"638bc3bf265edb540a68471919549ab638d8bc24"}
,"/Users/ksmith/dev/zzz/reprMan/apps/client-web/src/components/ReprLine/index.ts": {"path":"/Users/ksmith/dev/zzz/reprMan/apps/client-web/src/components/ReprLine/index.ts","statementMap":{},"fnMap":{},"branchMap":{},"s":{},"f":{},"b":{},"_coverageSchema":"1a1c01bbd47fc00a2c39e90264f33305004495a9","hash":"d13193490a3bdb77f95474cae92f4bf206097469"}
,"/Users/ksmith/dev/zzz/reprMan/apps/client-web/src/components/ReprsList/ReprsList.tsx": {"path":"/Users/ksmith/dev/zzz/reprMan/apps/client-web/src/components/ReprsList/ReprsList.tsx","statementMap":{"0":{"start":{"line":6,"column":38},"end":{"line":17,"column":1}},"1":{"start":{"line":7,"column":16},"end":{"line":7,"column":25}},"2":{"start":{"line":9,"column":19},"end":{"line":9,"column":33}},"3":{"start":{"line":11,"column":2},"end":{"line":16,"column":3}},"4":{"start":{"line":14,"column":36},"end":{"line":14,"column":64}}},"fnMap":{"0":{"name":"(anonymous_0)","decl":{"start":{"line":6,"column":38},"end":{"line":6,"column":39}},"loc":{"start":{"line":6,"column":53},"end":{"line":17,"column":1}},"line":6},"1":{"name":"(anonymous_1)","decl":{"start":{"line":14,"column":29},"end":{"line":14,"column":30}},"loc":{"start":{"line":14,"column":36},"end":{"line":14,"column":64}},"line":14}},"branchMap":{"0":{"loc":{"start":{"line":14,"column":7},"end":{"line":14,"column":65}},"type":"binary-expr","locations":[{"start":{"line":14,"column":7},"end":{"line":14,"column":15}},{"start":{"line":14,"column":19},"end":{"line":14,"column":65}}],"line":14}},"s":{"0":1,"1":0,"2":0,"3":0,"4":0},"f":{"0":0,"1":0},"b":{"0":[0,0]},"_coverageSchema":"1a1c01bbd47fc00a2c39e90264f33305004495a9","hash":"038eeed31e03b7ed5e3eb02c60a177071790e7ab"}
,"/Users/ksmith/dev/zzz/reprMan/apps/client-web/src/components/ReprsList/ReprsList.types.ts": {"path":"/Users/ksmith/dev/zzz/reprMan/apps/client-web/src/components/ReprsList/ReprsList.types.ts","statementMap":{},"fnMap":{},"branchMap":{},"s":{},"f":{},"b":{}}
,"/Users/ksmith/dev/zzz/reprMan/apps/client-web/src/components/ReprsList/index.ts": {"path":"/Users/ksmith/dev/zzz/reprMan/apps/client-web/src/components/ReprsList/index.ts","statementMap":{},"fnMap":{},"branchMap":{},"s":{},"f":{},"b":{},"_coverageSchema":"1a1c01bbd47fc00a2c39e90264f33305004495a9","hash":"234a7f54eed0a2b9cfa09b44d106308dc0c1dfa1"}
,"/Users/ksmith/dev/zzz/reprMan/apps/client-web/src/components/ToastWrapper/ToastWrapper.tsx": {"path":"/Users/ksmith/dev/zzz/reprMan/apps/client-web/src/components/ToastWrapper/ToastWrapper.tsx","statementMap":{"0":{"start":{"line":9,"column":21},"end":{"line":23,"column":1}},"1":{"start":{"line":10,"column":21},"end":{"line":10,"column":32}},"2":{"start":{"line":12,"column":2},"end":{"line":12,"column":37}},"3":{"start":{"line":12,"column":26},"end":{"line":12,"column":37}},"4":{"start":{"line":14,"column":2},"end":{"line":22,"column":3}},"5":{"start":{"line":27,"column":20},"end":{"line":59,"column":1}},"6":{"start":{"line":33,"column":27},"end":{"line":33,"column":53}},"7":{"start":{"line":34,"column":2},"end":{"line":58,"column":3}},"8":{"start":{"line":38,"column":21},"end":{"line":38,"column":54}},"9":{"start":{"line":61,"column":27},"end":{"line":66,"column":1}},"10":{"start":{"line":68,"column":28},"end":{"line":70,"column":63}},"11":{"start":{"line":70,"column":38},"end":{"line":70,"column":63}}},"fnMap":{"0":{"name":"(anonymous_0)","decl":{"start":{"line":9,"column":21},"end":{"line":9,"column":22}},"loc":{"start":{"line":9,"column":27},"end":{"line":23,"column":1}},"line":9},"1":{"name":"(anonymous_1)","decl":{"start":{"line":27,"column":20},"end":{"line":27,"column":21}},"loc":{"start":{"line":32,"column":17},"end":{"line":59,"column":1}},"line":32},"2":{"name":"(anonymous_2)","decl":{"start":{"line":38,"column":15},"end":{"line":38,"column":16}},"loc":{"start":{"line":38,"column":21},"end":{"line":38,"column":54}},"line":38},"3":{"name":"(anonymous_3)","decl":{"start":{"line":68,"column":28},"end":{"line":68,"column":29}},"loc":{"start":{"line":70,"column":38},"end":{"line":70,"column":63}},"line":70}},"branchMap":{"0":{"loc":{"start":{"line":12,"column":2},"end":{"line":12,"column":37}},"type":"if","locations":[{"start":{"line":12,"column":2},"end":{"line":12,"column":37}},{"start":{},"end":{}}],"line":12},"1":{"loc":{"start":{"line":29,"column":2},"end":{"line":29,"column":12}},"type":"default-arg","locations":[{"start":{"line":29,"column":10},"end":{"line":29,"column":12}}],"line":29},"2":{"loc":{"start":{"line":31,"column":2},"end":{"line":31,"column":25}},"type":"default-arg","locations":[{"start":{"line":31,"column":10},"end":{"line":31,"column":25}}],"line":31},"3":{"loc":{"start":{"line":69,"column":2},"end":{"line":69,"column":37}},"type":"default-arg","locations":[{"start":{"line":69,"column":22},"end":{"line":69,"column":37}}],"line":69}},"s":{"0":1,"1":1,"2":1,"3":0,"4":1,"5":1,"6":0,"7":0,"8":0,"9":1,"10":1,"11":0},"f":{"0":1,"1":0,"2":0,"3":0},"b":{"0":[0,1],"1":[0],"2":[0],"3":[0]},"_coverageSchema":"1a1c01bbd47fc00a2c39e90264f33305004495a9","hash":"108ce9cbaa15dca74b4f2e1e3d7a3c5127fc22c8"}
,"/Users/ksmith/dev/zzz/reprMan/apps/client-web/src/components/ToastWrapper/index.ts": {"path":"/Users/ksmith/dev/zzz/reprMan/apps/client-web/src/components/ToastWrapper/index.ts","statementMap":{},"fnMap":{},"branchMap":{},"s":{},"f":{},"b":{},"_coverageSchema":"1a1c01bbd47fc00a2c39e90264f33305004495a9","hash":"457c99c880c31d5fd80714caa435c6ee04891f54"}
,"/Users/ksmith/dev/zzz/reprMan/apps/client-web/src/config/configureAmplify.ts": {"path":"/Users/ksmith/dev/zzz/reprMan/apps/client-web/src/config/configureAmplify.ts","statementMap":{"0":{"start":{"line":3,"column":16},"end":{"line":3,"column":59}},"1":{"start":{"line":3,"column":43},"end":{"line":3,"column":59}},"2":{"start":{"line":10,"column":19},"end":{"line":10,"column":70}},"3":{"start":{"line":11,"column":25},"end":{"line":13,"column":1}},"4":{"start":{"line":14,"column":23},"end":{"line":14,"column":78}},"5":{"start":{"line":16,"column":35},"end":{"line":16,"column":74}},"6":{"start":{"line":23,"column":2},"end":{"line":23,"column":55}},"7":{"start":{"line":29,"column":2},"end":{"line":29,"column":55}},"8":{"start":{"line":37,"column":2},"end":{"line":37,"column":69}},"9":{"start":{"line":43,"column":2},"end":{"line":45,"column":3}},"10":{"start":{"line":44,"column":4},"end":{"line":44,"column":10}},"11":{"start":{"line":47,"column":2},"end":{"line":59,"column":3}},"12":{"start":{"line":48,"column":4},"end":{"line":57,"column":6}},"13":{"start":{"line":58,"column":4},"end":{"line":58,"column":10}},"14":{"start":{"line":61,"column":2},"end":{"line":69,"column":4}}},"fnMap":{"0":{"name":"(anonymous_0)","decl":{"start":{"line":3,"column":16},"end":{"line":3,"column":17}},"loc":{"start":{"line":3,"column":43},"end":{"line":3,"column":59}},"line":3},"1":{"name":"configureAmplify","decl":{"start":{"line":42,"column":16},"end":{"line":42,"column":32}},"loc":{"start":{"line":42,"column":41},"end":{"line":70,"column":1}},"line":42}},"branchMap":{"0":{"loc":{"start":{"line":3,"column":44},"end":{"line":3,"column":51}},"type":"binary-expr","locations":[{"start":{"line":3,"column":44},"end":{"line":3,"column":45}},{"start":{"line":3,"column":49},"end":{"line":3,"column":51}}],"line":3},"1":{"loc":{"start":{"line":16,"column":43},"end":{"line":16,"column":73}},"type":"binary-expr","locations":[{"start":{"line":16,"column":43},"end":{"line":16,"column":53}},{"start":{"line":16,"column":57},"end":{"line":16,"column":73}}],"line":16},"2":{"loc":{"start":{"line":37,"column":2},"end":{"line":37,"column":69}},"type":"binary-expr","locations":[{"start":{"line":37,"column":2},"end":{"line":37,"column":21}},{"start":{"line":37,"column":25},"end":{"line":37,"column":46}},{"start":{"line":37,"column":50},"end":{"line":37,"column":69}}],"line":37},"3":{"loc":{"start":{"line":43,"column":2},"end":{"line":45,"column":3}},"type":"if","locations":[{"start":{"line":43,"column":2},"end":{"line":45,"column":3}},{"start":{},"end":{}}],"line":43},"4":{"loc":{"start":{"line":47,"column":2},"end":{"line":59,"column":3}},"type":"if","locations":[{"start":{"line":47,"column":2},"end":{"line":59,"column":3}},{"start":{},"end":{}}],"line":47}},"s":{"0":1,"1":3,"2":1,"3":1,"4":1,"5":1,"6":1,"7":1,"8":1,"9":0,"10":0,"11":0,"12":0,"13":0,"14":0},"f":{"0":3,"1":0},"b":{"0":[3,1],"1":[1,1],"2":[1,0,0],"3":[0,0],"4":[0,0]},"_coverageSchema":"1a1c01bbd47fc00a2c39e90264f33305004495a9","hash":"eff45ce86aec6c044286bb0b50f5d15994dd766b"}
,"/Users/ksmith/dev/zzz/reprMan/apps/client-web/src/constants/index.ts": {"path":"/Users/ksmith/dev/zzz/reprMan/apps/client-web/src/constants/index.ts","statementMap":{"0":{"start":{"line":1,"column":30},"end":{"line":1,"column":32}},"1":{"start":{"line":3,"column":36},"end":{"line":3,"column":38}},"2":{"start":{"line":4,"column":40},"end":{"line":4,"column":41}},"3":{"start":{"line":5,"column":40},"end":{"line":5,"column":43}},"4":{"start":{"line":7,"column":37},"end":{"line":7,"column":40}},"5":{"start":{"line":9,"column":35},"end":{"line":9,"column":38}},"6":{"start":{"line":11,"column":24},"end":{"line":11,"column":52}},"7":{"start":{"line":13,"column":30},"end":{"line":13,"column":36}}},"fnMap":{},"branchMap":{},"s":{"0":4,"1":4,"2":4,"3":4,"4":4,"5":4,"6":4,"7":4},"f":{},"b":{},"_coverageSchema":"1a1c01bbd47fc00a2c39e90264f33305004495a9","hash":"50f1324aa99c31567d480468a16d7c4a83c7961c"}
,"/Users/ksmith/dev/zzz/reprMan/apps/client-web/src/modals/Confirmation/Confirmation.helpers.ts": {"path":"/Users/ksmith/dev/zzz/reprMan/apps/client-web/src/modals/Confirmation/Confirmation.helpers.ts","statementMap":{"0":{"start":{"line":10,"column":2},"end":{"line":18,"column":3}},"1":{"start":{"line":20,"column":36},"end":{"line":23,"column":4}},"2":{"start":{"line":25,"column":2},"end":{"line":25,"column":75}}},"fnMap":{"0":{"name":"callConfirmation","decl":{"start":{"line":9,"column":17},"end":{"line":9,"column":33}},"loc":{"start":{"line":9,"column":51},"end":{"line":26,"column":1}},"line":9}},"branchMap":{"0":{"loc":{"start":{"line":25,"column":9},"end":{"line":25,"column":75}},"type":"binary-expr","locations":[{"start":{"line":25,"column":9},"end":{"line":25,"column":60}},{"start":{"line":25,"column":64},"end":{"line":25,"column":75}}],"line":25}},"s":{"0":0,"1":0,"2":0},"f":{"0":0},"b":{"0":[0,0]},"_coverageSchema":"1a1c01bbd47fc00a2c39e90264f33305004495a9","hash":"175bf1e4b0d356cace8a1f1d666a02ff2e48d799"}
,"/Users/ksmith/dev/zzz/reprMan/apps/client-web/src/modals/Confirmation/Confirmation.tsx": {"path":"/Users/ksmith/dev/zzz/reprMan/apps/client-web/src/modals/Confirmation/Confirmation.tsx","statementMap":{"0":{"start":{"line":13,"column":44},"end":{"line":45,"column":1}},"1":{"start":{"line":14,"column":16},"end":{"line":14,"column":25}},"2":{"start":{"line":15,"column":2},"end":{"line":44,"column":3}},"3":{"start":{"line":26,"column":12},"end":{"line":26,"column":67}},"4":{"start":{"line":27,"column":12},"end":{"line":27,"column":24}},"5":{"start":{"line":36,"column":12},"end":{"line":36,"column":66}},"6":{"start":{"line":37,"column":12},"end":{"line":37,"column":24}}},"fnMap":{"0":{"name":"(anonymous_0)","decl":{"start":{"line":13,"column":44},"end":{"line":13,"column":45}},"loc":{"start":{"line":13,"column":77},"end":{"line":45,"column":1}},"line":13},"1":{"name":"(anonymous_1)","decl":{"start":{"line":25,"column":19},"end":{"line":25,"column":20}},"loc":{"start":{"line":25,"column":25},"end":{"line":28,"column":11}},"line":25},"2":{"name":"(anonymous_2)","decl":{"start":{"line":35,"column":19},"end":{"line":35,"column":20}},"loc":{"start":{"line":35,"column":25},"end":{"line":38,"column":11}},"line":35}},"branchMap":{},"s":{"0":4,"1":0,"2":0,"3":0,"4":0,"5":0,"6":0},"f":{"0":0,"1":0,"2":0},"b":{},"_coverageSchema":"1a1c01bbd47fc00a2c39e90264f33305004495a9","hash":"b91eece2fe043c7c5a593228ce550a8e6dd29093"}
,"/Users/ksmith/dev/zzz/reprMan/apps/client-web/src/modals/Confirmation/index.ts": {"path":"/Users/ksmith/dev/zzz/reprMan/apps/client-web/src/modals/Confirmation/index.ts","statementMap":{},"fnMap":{},"branchMap":{},"s":{},"f":{},"b":{},"_coverageSchema":"1a1c01bbd47fc00a2c39e90264f33305004495a9","hash":"d15a66322ce28adf272fb885037b1bf7f3273380"}
,"/Users/ksmith/dev/zzz/reprMan/apps/client-web/src/modals/EditRepr/EditRepr.helpers.ts": {"path":"/Users/ksmith/dev/zzz/reprMan/apps/client-web/src/modals/EditRepr/EditRepr.helpers.ts","statementMap":{"0":{"start":{"line":9,"column":30},"end":{"line":46,"column":1}},"1":{"start":{"line":10,"column":44},"end":{"line":10,"column":48}},"2":{"start":{"line":11,"column":20},"end":{"line":11,"column":34}},"3":{"start":{"line":13,"column":2},"end":{"line":13,"column":57}},"4":{"start":{"line":13,"column":14},"end":{"line":13,"column":57}},"5":{"start":{"line":14,"column":2},"end":{"line":15,"column":66}},"6":{"start":{"line":15,"column":4},"end":{"line":15,"column":66}},"7":{"start":{"line":17,"column":34},"end":{"line":19,"column":3}},"8":{"start":{"line":18,"column":11},"end":{"line":18,"column":32}},"9":{"start":{"line":21,"column":2},"end":{"line":25,"column":5}},"10":{"start":{"line":22,"column":4},"end":{"line":25,"column":5}},"11":{"start":{"line":27,"column":2},"end":{"line":31,"column":5}},"12":{"start":{"line":28,"column":4},"end":{"line":31,"column":5}},"13":{"start":{"line":33,"column":2},"end":{"line":37,"column":5}},"14":{"start":{"line":34,"column":4},"end":{"line":37,"column":5}},"15":{"start":{"line":39,"column":2},"end":{"line":43,"column":5}},"16":{"start":{"line":40,"column":4},"end":{"line":43,"column":5}},"17":{"start":{"line":45,"column":2},"end":{"line":45,"column":18}},"18":{"start":{"line":48,"column":20},"end":{"line":49,"column":43}},"19":{"start":{"line":49,"column":2},"end":{"line":49,"column":43}},"20":{"start":{"line":51,"column":30},"end":{"line":55,"column":57}},"21":{"start":{"line":55,"column":5},"end":{"line":55,"column":57}},"22":{"start":{"line":55,"column":44},"end":{"line":55,"column":55}},"23":{"start":{"line":57,"column":27},"end":{"line":72,"column":1}},"24":{"start":{"line":65,"column":22},"end":{"line":65,"column":75}},"25":{"start":{"line":66,"column":2},"end":{"line":66,"column":24}},"26":{"start":{"line":68,"column":2},"end":{"line":68,"column":59}},"27":{"start":{"line":68,"column":53},"end":{"line":68,"column":59}},"28":{"start":{"line":70,"column":2},"end":{"line":70,"column":49}},"29":{"start":{"line":71,"column":2},"end":{"line":71,"column":24}},"30":{"start":{"line":74,"column":31},"end":{"line":84,"column":1}},"31":{"start":{"line":79,"column":16},"end":{"line":79,"column":59}},"32":{"start":{"line":79,"column":44},"end":{"line":79,"column":58}},"33":{"start":{"line":81,"column":2},"end":{"line":81,"column":26}},"34":{"start":{"line":81,"column":20},"end":{"line":81,"column":26}},"35":{"start":{"line":83,"column":2},"end":{"line":83,"column":42}}},"fnMap":{"0":{"name":"(anonymous_0)","decl":{"start":{"line":9,"column":30},"end":{"line":9,"column":31}},"loc":{"start":{"line":9,"column":73},"end":{"line":46,"column":1}},"line":9},"1":{"name":"(anonymous_1)","decl":{"start":{"line":18,"column":4},"end":{"line":18,"column":5}},"loc":{"start":{"line":18,"column":11},"end":{"line":18,"column":32}},"line":18},"2":{"name":"(anonymous_2)","decl":{"start":{"line":48,"column":20},"end":{"line":48,"column":21}},"loc":{"start":{"line":49,"column":2},"end":{"line":49,"column":43}},"line":49},"3":{"name":"(anonymous_3)","decl":{"start":{"line":51,"column":30},"end":{"line":51,"column":31}},"loc":{"start":{"line":55,"column":5},"end":{"line":55,"column":57}},"line":55},"4":{"name":"(anonymous_4)","decl":{"start":{"line":55,"column":37},"end":{"line":55,"column":38}},"loc":{"start":{"line":55,"column":44},"end":{"line":55,"column":55}},"line":55},"5":{"name":"(anonymous_5)","decl":{"start":{"line":57,"column":27},"end":{"line":57,"column":28}},"loc":{"start":{"line":64,"column":6},"end":{"line":72,"column":1}},"line":64},"6":{"name":"(anonymous_6)","decl":{"start":{"line":74,"column":31},"end":{"line":74,"column":32}},"loc":{"start":{"line":78,"column":5},"end":{"line":84,"column":1}},"line":78},"7":{"name":"(anonymous_7)","decl":{"start":{"line":79,"column":37},"end":{"line":79,"column":38}},"loc":{"start":{"line":79,"column":44},"end":{"line":79,"column":58}},"line":79}},"branchMap":{"0":{"loc":{"start":{"line":13,"column":2},"end":{"line":13,"column":57}},"type":"if","locations":[{"start":{"line":13,"column":2},"end":{"line":13,"column":57}},{"start":{},"end":{}}],"line":13},"1":{"loc":{"start":{"line":14,"column":2},"end":{"line":15,"column":66}},"type":"if","locations":[{"start":{"line":14,"column":2},"end":{"line":15,"column":66}},{"start":{},"end":{}}],"line":14},"2":{"loc":{"start":{"line":21,"column":2},"end":{"line":25,"column":5}},"type":"if","locations":[{"start":{"line":21,"column":2},"end":{"line":25,"column":5}},{"start":{},"end":{}}],"line":21},"3":{"loc":{"start":{"line":27,"column":2},"end":{"line":31,"column":5}},"type":"if","locations":[{"start":{"line":27,"column":2},"end":{"line":31,"column":5}},{"start":{},"end":{}}],"line":27},"4":{"loc":{"start":{"line":33,"column":2},"end":{"line":37,"column":5}},"type":"if","locations":[{"start":{"line":33,"column":2},"end":{"line":37,"column":5}},{"start":{},"end":{}}],"line":33},"5":{"loc":{"start":{"line":39,"column":2},"end":{"line":43,"column":5}},"type":"if","locations":[{"start":{"line":39,"column":2},"end":{"line":43,"column":5}},{"start":{},"end":{}}],"line":39},"6":{"loc":{"start":{"line":49,"column":2},"end":{"line":49,"column":43}},"type":"cond-expr","locations":[{"start":{"line":49,"column":18},"end":{"line":49,"column":32}},{"start":{"line":49,"column":35},"end":{"line":49,"column":43}}],"line":49},"7":{"loc":{"start":{"line":68,"column":2},"end":{"line":68,"column":59}},"type":"if","locations":[{"start":{"line":68,"column":2},"end":{"line":68,"column":59}},{"start":{},"end":{}}],"line":68},"8":{"loc":{"start":{"line":68,"column":6},"end":{"line":68,"column":51}},"type":"binary-expr","locations":[{"start":{"line":68,"column":6},"end":{"line":68,"column":31}},{"start":{"line":68,"column":35},"end":{"line":68,"column":51}}],"line":68},"9":{"loc":{"start":{"line":81,"column":2},"end":{"line":81,"column":26}},"type":"if","locations":[{"start":{"line":81,"column":2},"end":{"line":81,"column":26}},{"start":{},"end":{}}],"line":81}},"s":{"0":1,"1":0,"2":0,"3":0,"4":0,"5":0,"6":0,"7":0,"8":0,"9":0,"10":0,"11":0,"12":0,"13":0,"14":0,"15":0,"16":0,"17":0,"18":1,"19":0,"20":1,"21":0,"22":0,"23":1,"24":0,"25":0,"26":0,"27":0,"28":0,"29":0,"30":1,"31":0,"32":0,"33":0,"34":0,"35":0},"f":{"0":0,"1":0,"2":0,"3":0,"4":0,"5":0,"6":0,"7":0},"b":{"0":[0,0],"1":[0,0],"2":[0,0],"3":[0,0],"4":[0,0],"5":[0,0],"6":[0,0],"7":[0,0],"8":[0,0],"9":[0,0]},"_coverageSchema":"1a1c01bbd47fc00a2c39e90264f33305004495a9","hash":"c2db0b1247d47bb6c4857ec2d17b2b25ce939653"}
,"/Users/ksmith/dev/zzz/reprMan/apps/client-web/src/modals/EditRepr/EditRepr.tsx": {"path":"/Users/ksmith/dev/zzz/reprMan/apps/client-web/src/modals/EditRepr/EditRepr.tsx","statementMap":{"0":{"start":{"line":32,"column":36},"end":{"line":265,"column":1}},"1":{"start":{"line":33,"column":16},"end":{"line":33,"column":25}},"2":{"start":{"line":34,"column":46},"end":{"line":34,"column":61}},"3":{"start":{"line":35,"column":48},"end":{"line":35,"column":60}},"4":{"start":{"line":36,"column":29},"end":{"line":36,"column":39}},"5":{"start":{"line":37,"column":15},"end":{"line":37,"column":26}},"6":{"start":{"line":38,"column":38},"end":{"line":38,"column":79}},"7":{"start":{"line":40,"column":26},"end":{"line":44,"column":4}},"8":{"start":{"line":45,"column":30},"end":{"line":45,"column":52}},"9":{"start":{"line":47,"column":19},"end":{"line":52,"column":3}},"10":{"start":{"line":48,"column":4},"end":{"line":51,"column":6}},"11":{"start":{"line":54,"column":31},"end":{"line":54,"column":77}},"12":{"start":{"line":56,"column":2},"end":{"line":67,"column":3}},"13":{"start":{"line":57,"column":4},"end":{"line":66,"column":5}},"14":{"start":{"line":69,"column":2},"end":{"line":264,"column":3}},"15":{"start":{"line":85,"column":51},"end":{"line":85,"column":75}},"16":{"start":{"line":112,"column":18},"end":{"line":118,"column":20}},"17":{"start":{"line":116,"column":22},"end":{"line":116,"column":70}},"18":{"start":{"line":138,"column":22},"end":{"line":138,"column":74}},"19":{"start":{"line":164,"column":20},"end":{"line":164,"column":45}},"20":{"start":{"line":167,"column":20},"end":{"line":176,"column":21}},"21":{"start":{"line":168,"column":22},"end":{"line":175,"column":24}},"22":{"start":{"line":185,"column":20},"end":{"line":192,"column":22}},"23":{"start":{"line":216,"column":51},"end":{"line":216,"column":77}},"24":{"start":{"line":238,"column":32},"end":{"line":242,"column":14}},"25":{"start":{"line":244,"column":12},"end":{"line":257,"column":13}},"26":{"start":{"line":245,"column":14},"end":{"line":245,"column":36}},"27":{"start":{"line":247,"column":31},"end":{"line":254,"column":23}},"28":{"start":{"line":255,"column":14},"end":{"line":255,"column":50}},"29":{"start":{"line":256,"column":14},"end":{"line":256,"column":26}}},"fnMap":{"0":{"name":"(anonymous_0)","decl":{"start":{"line":32,"column":36},"end":{"line":32,"column":37}},"loc":{"start":{"line":32,"column":60},"end":{"line":265,"column":1}},"line":32},"1":{"name":"(anonymous_1)","decl":{"start":{"line":47,"column":19},"end":{"line":47,"column":20}},"loc":{"start":{"line":47,"column":53},"end":{"line":52,"column":3}},"line":47},"2":{"name":"(anonymous_2)","decl":{"start":{"line":85,"column":24},"end":{"line":85,"column":25}},"loc":{"start":{"line":85,"column":51},"end":{"line":85,"column":75}},"line":85},"3":{"name":"(anonymous_3)","decl":{"start":{"line":111,"column":31},"end":{"line":111,"column":32}},"loc":{"start":{"line":112,"column":18},"end":{"line":118,"column":20}},"line":112},"4":{"name":"(anonymous_4)","decl":{"start":{"line":115,"column":36},"end":{"line":115,"column":37}},"loc":{"start":{"line":116,"column":22},"end":{"line":116,"column":70}},"line":116},"5":{"name":"(anonymous_5)","decl":{"start":{"line":137,"column":29},"end":{"line":137,"column":30}},"loc":{"start":{"line":138,"column":22},"end":{"line":138,"column":74}},"line":138},"6":{"name":"(anonymous_6)","decl":{"start":{"line":163,"column":28},"end":{"line":163,"column":29}},"loc":{"start":{"line":164,"column":20},"end":{"line":164,"column":45}},"line":164},"7":{"name":"(anonymous_7)","decl":{"start":{"line":166,"column":30},"end":{"line":166,"column":31}},"loc":{"start":{"line":166,"column":43},"end":{"line":177,"column":19}},"line":166},"8":{"name":"(anonymous_8)","decl":{"start":{"line":184,"column":27},"end":{"line":184,"column":28}},"loc":{"start":{"line":185,"column":20},"end":{"line":192,"column":22}},"line":185},"9":{"name":"(anonymous_9)","decl":{"start":{"line":216,"column":24},"end":{"line":216,"column":25}},"loc":{"start":{"line":216,"column":51},"end":{"line":216,"column":77}},"line":216},"10":{"name":"(anonymous_10)","decl":{"start":{"line":237,"column":19},"end":{"line":237,"column":20}},"loc":{"start":{"line":237,"column":25},"end":{"line":258,"column":11}},"line":237}},"branchMap":{"0":{"loc":{"start":{"line":38,"column":57},"end":{"line":38,"column":78}},"type":"binary-expr","locations":[{"start":{"line":38,"column":57},"end":{"line":38,"column":72}},{"start":{"line":38,"column":76},"end":{"line":38,"column":78}}],"line":38},"1":{"loc":{"start":{"line":56,"column":2},"end":{"line":67,"column":3}},"type":"if","locations":[{"start":{"line":56,"column":2},"end":{"line":67,"column":3}},{"start":{},"end":{}}],"line":56},"2":{"loc":{"start":{"line":110,"column":15},"end":{"line":127,"column":15}},"type":"cond-expr","locations":[{"start":{"line":111,"column":16},"end":{"line":119,"column":18}},{"start":{"line":121,"column":16},"end":{"line":126,"column":28}}],"line":110},"3":{"loc":{"start":{"line":129,"column":15},"end":{"line":142,"column":15}},"type":"binary-expr","locations":[{"start":{"line":129,"column":15},"end":{"line":129,"column":44}},{"start":{"line":130,"column":16},"end":{"line":141,"column":19}}],"line":129},"4":{"loc":{"start":{"line":161,"column":28},"end":{"line":161,"column":72}},"type":"cond-expr","locations":[{"start":{"line":161,"column":51},"end":{"line":161,"column":67}},{"start":{"line":161,"column":70},"end":{"line":161,"column":72}}],"line":161},"5":{"loc":{"start":{"line":167,"column":20},"end":{"line":176,"column":21}},"type":"if","locations":[{"start":{"line":167,"column":20},"end":{"line":176,"column":21}},{"start":{},"end":{}}],"line":167},"6":{"loc":{"start":{"line":198,"column":15},"end":{"line":202,"column":15}},"type":"binary-expr","locations":[{"start":{"line":198,"column":15},"end":{"line":198,"column":37}},{"start":{"line":199,"column":16},"end":{"line":201,"column":20}}],"line":198},"7":{"loc":{"start":{"line":244,"column":12},"end":{"line":257,"column":13}},"type":"if","locations":[{"start":{"line":244,"column":12},"end":{"line":257,"column":13}},{"start":{"line":246,"column":19},"end":{"line":257,"column":13}}],"line":244},"8":{"loc":{"start":{"line":248,"column":20},"end":{"line":248,"column":33}},"type":"binary-expr","locations":[{"start":{"line":248,"column":20},"end":{"line":248,"column":27}},{"start":{"line":248,"column":31},"end":{"line":248,"column":33}}],"line":248},"9":{"loc":{"start":{"line":251,"column":29},"end":{"line":251,"column":52}},"type":"binary-expr","locations":[{"start":{"line":251,"column":29},"end":{"line":251,"column":45}},{"start":{"line":251,"column":49},"end":{"line":251,"column":52}}],"line":251},"10":{"loc":{"start":{"line":252,"column":32},"end":{"line":252,"column":71}},"type":"binary-expr","locations":[{"start":{"line":252,"column":32},"end":{"line":252,"column":51}},{"start":{"line":252,"column":56},"end":{"line":252,"column":70}}],"line":252}},"s":{"0":1,"1":0,"2":0,"3":0,"4":0,"5":0,"6":0,"7":0,"8":0,"9":0,"10":0,"11":0,"12":0,"13":0,"14":0,"15":0,"16":0,"17":0,"18":0,"19":0,"20":0,"21":0,"22":0,"23":0,"24":0,"25":0,"26":0,"27":0,"28":0,"29":0},"f":{"0":0,"1":0,"2":0,"3":0,"4":0,"5":0,"6":0,"7":0,"8":0,"9":0,"10":0},"b":{"0":[0,0],"1":[0,0],"2":[0,0],"3":[0,0],"4":[0,0],"5":[0,0],"6":[0,0],"7":[0,0],"8":[0,0],"9":[0,0],"10":[0,0]},"_coverageSchema":"1a1c01bbd47fc00a2c39e90264f33305004495a9","hash":"a5a5a96ec30680ed297d454bb6d2f291b13116f1"}
,"/Users/ksmith/dev/zzz/reprMan/apps/client-web/src/modals/EditRepr/index.ts": {"path":"/Users/ksmith/dev/zzz/reprMan/apps/client-web/src/modals/EditRepr/index.ts","statementMap":{},"fnMap":{},"branchMap":{},"s":{},"f":{},"b":{},"_coverageSchema":"1a1c01bbd47fc00a2c39e90264f33305004495a9","hash":"b682b97e631ee3b8f481ed2014f8e528845275b1"}
,"/Users/ksmith/dev/zzz/reprMan/apps/client-web/src/modals/EditRepr/CategoryLine/CategoryLine.tsx": {"path":"/Users/ksmith/dev/zzz/reprMan/apps/client-web/src/modals/EditRepr/CategoryLine/CategoryLine.tsx","statementMap":{"0":{"start":{"line":9,"column":44},"end":{"line":33,"column":1}},"1":{"start":{"line":10,"column":2},"end":{"line":32,"column":3}},"2":{"start":{"line":27,"column":23},"end":{"line":27,"column":47}}},"fnMap":{"0":{"name":"(anonymous_0)","decl":{"start":{"line":9,"column":44},"end":{"line":9,"column":45}},"loc":{"start":{"line":9,"column":78},"end":{"line":33,"column":1}},"line":9},"1":{"name":"(anonymous_1)","decl":{"start":{"line":27,"column":17},"end":{"line":27,"column":18}},"loc":{"start":{"line":27,"column":23},"end":{"line":27,"column":47}},"line":27}},"branchMap":{},"s":{"0":1,"1":0,"2":0},"f":{"0":0,"1":0},"b":{},"_coverageSchema":"1a1c01bbd47fc00a2c39e90264f33305004495a9","hash":"d2659d9141cbdaae9084892b16eaeaf3e53ce0ac"}
,"/Users/ksmith/dev/zzz/reprMan/apps/client-web/src/modals/EditRepr/CategoryLine/index.ts": {"path":"/Users/ksmith/dev/zzz/reprMan/apps/client-web/src/modals/EditRepr/CategoryLine/index.ts","statementMap":{},"fnMap":{},"branchMap":{},"s":{},"f":{},"b":{},"_coverageSchema":"1a1c01bbd47fc00a2c39e90264f33305004495a9","hash":"9a97159eb8ee20a894091ce9610fba6827c23f3e"}
,"/Users/ksmith/dev/zzz/reprMan/apps/client-web/src/modals/Info/Info.tsx": {"path":"/Users/ksmith/dev/zzz/reprMan/apps/client-web/src/modals/Info/Info.tsx","statementMap":{"0":{"start":{"line":9,"column":28},"end":{"line":33,"column":1}},"1":{"start":{"line":10,"column":2},"end":{"line":32,"column":3}},"2":{"start":{"line":17,"column":27},"end":{"line":17,"column":43}},"3":{"start":{"line":18,"column":24},"end":{"line":22,"column":11}},"4":{"start":{"line":23,"column":10},"end":{"line":28,"column":11}}},"fnMap":{"0":{"name":"(anonymous_0)","decl":{"start":{"line":9,"column":28},"end":{"line":9,"column":29}},"loc":{"start":{"line":9,"column":49},"end":{"line":33,"column":1}},"line":9},"1":{"name":"(anonymous_1)","decl":{"start":{"line":16,"column":18},"end":{"line":16,"column":19}},"loc":{"start":{"line":16,"column":46},"end":{"line":29,"column":9}},"line":16}},"branchMap":{"0":{"loc":{"start":{"line":19,"column":20},"end":{"line":19,"column":43}},"type":"cond-expr","locations":[{"start":{"line":19,"column":31},"end":{"line":19,"column":39}},{"start":{"line":19,"column":42},"end":{"line":19,"column":43}}],"line":19},"1":{"loc":{"start":{"line":20,"column":24},"end":{"line":20,"column":52}},"type":"cond-expr","locations":[{"start":{"line":20,"column":35},"end":{"line":20,"column":41}},{"start":{"line":20,"column":44},"end":{"line":20,"column":52}}],"line":20},"2":{"loc":{"start":{"line":21,"column":23},"end":{"line":21,"column":53}},"type":"cond-expr","locations":[{"start":{"line":21,"column":34},"end":{"line":21,"column":42}},{"start":{"line":21,"column":45},"end":{"line":21,"column":53}}],"line":21}},"s":{"0":1,"1":0,"2":0,"3":0,"4":0},"f":{"0":0,"1":0},"b":{"0":[0,0],"1":[0,0],"2":[0,0]},"_coverageSchema":"1a1c01bbd47fc00a2c39e90264f33305004495a9","hash":"ca6eec87f5fbf89871e8441bddefd889ebe80717"}
,"/Users/ksmith/dev/zzz/reprMan/apps/client-web/src/modals/Info/index.ts": {"path":"/Users/ksmith/dev/zzz/reprMan/apps/client-web/src/modals/Info/index.ts","statementMap":{},"fnMap":{},"branchMap":{},"s":{},"f":{},"b":{}}
,"/Users/ksmith/dev/zzz/reprMan/apps/client-web/src/modals/ModalContainer/ModalContainer.tsx": {"path":"/Users/ksmith/dev/zzz/reprMan/apps/client-web/src/modals/ModalContainer/ModalContainer.tsx","statementMap":{"0":{"start":{"line":12,"column":23},"end":{"line":43,"column":1}},"1":{"start":{"line":13,"column":31},"end":{"line":13,"column":41}},"2":{"start":{"line":14,"column":21},"end":{"line":14,"column":55}},"3":{"start":{"line":14,"column":27},"end":{"line":14,"column":55}},"4":{"start":{"line":16,"column":2},"end":{"line":42,"column":3}}},"fnMap":{"0":{"name":"(anonymous_0)","decl":{"start":{"line":12,"column":23},"end":{"line":12,"column":24}},"loc":{"start":{"line":12,"column":29},"end":{"line":43,"column":1}},"line":12},"1":{"name":"(anonymous_1)","decl":{"start":{"line":14,"column":21},"end":{"line":14,"column":22}},"loc":{"start":{"line":14,"column":27},"end":{"line":14,"column":55}},"line":14}},"branchMap":{"0":{"loc":{"start":{"line":25,"column":7},"end":{"line":27,"column":7}},"type":"binary-expr","locations":[{"start":{"line":25,"column":7},"end":{"line":25,"column":45}},{"start":{"line":26,"column":8},"end":{"line":26,"column":74}}],"line":25},"1":{"loc":{"start":{"line":29,"column":7},"end":{"line":34,"column":7}},"type":"binary-expr","locations":[{"start":{"line":29,"column":7},"end":{"line":29,"column":48}},{"start":{"line":30,"column":8},"end":{"line":33,"column":10}}],"line":29},"2":{"loc":{"start":{"line":36,"column":7},"end":{"line":38,"column":7}},"type":"binary-expr","locations":[{"start":{"line":36,"column":7},"end":{"line":36,"column":41}},{"start":{"line":37,"column":8},"end":{"line":37,"column":68}}],"line":36},"3":{"loc":{"start":{"line":40,"column":7},"end":{"line":40,"column":78}},"type":"binary-expr","locations":[{"start":{"line":40,"column":7},"end":{"line":40,"column":40}},{"start":{"line":40,"column":44},"end":{"line":40,"column":78}}],"line":40}},"s":{"0":1,"1":1,"2":1,"3":0,"4":1},"f":{"0":1,"1":0},"b":{"0":[1,0],"1":[1,0],"2":[1,0],"3":[1,0]},"_coverageSchema":"1a1c01bbd47fc00a2c39e90264f33305004495a9","hash":"cf5cf283518bd100b6775fdb69116f310270969e"}
,"/Users/ksmith/dev/zzz/reprMan/apps/client-web/src/modals/ModalContainer/ModalContainer.types.ts": {"path":"/Users/ksmith/dev/zzz/reprMan/apps/client-web/src/modals/ModalContainer/ModalContainer.types.ts","statementMap":{"0":{"start":{"line":13,"column":30},"end":{"line":13,"column":43}}},"fnMap":{},"branchMap":{},"s":{"0":4},"f":{},"b":{},"_coverageSchema":"1a1c01bbd47fc00a2c39e90264f33305004495a9","hash":"eee164e9f870f1d5b8b882c7b38ea7f5d0581735"}
,"/Users/ksmith/dev/zzz/reprMan/apps/client-web/src/modals/ModalContainer/index.ts": {"path":"/Users/ksmith/dev/zzz/reprMan/apps/client-web/src/modals/ModalContainer/index.ts","statementMap":{},"fnMap":{},"branchMap":{},"s":{},"f":{},"b":{},"_coverageSchema":"1a1c01bbd47fc00a2c39e90264f33305004495a9","hash":"d24f8c010cd18599808383bf35b22b0479e3660d"}
,"/Users/ksmith/dev/zzz/reprMan/apps/client-web/src/modals/Query/Query.helpers.ts": {"path":"/Users/ksmith/dev/zzz/reprMan/apps/client-web/src/modals/Query/Query.helpers.ts","statementMap":{"0":{"start":{"line":15,"column":36},"end":{"line":21,"column":34}},"1":{"start":{"line":16,"column":38},"end":{"line":20,"column":5}},"2":{"start":{"line":23,"column":2},"end":{"line":32,"column":3}},"3":{"start":{"line":34,"column":25},"end":{"line":36,"column":3}},"4":{"start":{"line":35,"column":41},"end":{"line":35,"column":59}},"5":{"start":{"line":38,"column":2},"end":{"line":38,"column":45}},"6":{"start":{"line":38,"column":41},"end":{"line":38,"column":44}},"7":{"start":{"line":41,"column":13},"end":{"line":41,"column":26}},"8":{"start":{"line":42,"column":21},"end":{"line":42,"column":54}},"9":{"start":{"line":42,"column":38},"end":{"line":42,"column":54}}},"fnMap":{"0":{"name":"callQuery","decl":{"start":{"line":6,"column":17},"end":{"line":6,"column":26}},"loc":{"start":{"line":14,"column":3},"end":{"line":39,"column":1}},"line":14},"1":{"name":"(anonymous_1)","decl":{"start":{"line":16,"column":4},"end":{"line":16,"column":5}},"loc":{"start":{"line":16,"column":38},"end":{"line":20,"column":5}},"line":16},"2":{"name":"(anonymous_2)","decl":{"start":{"line":35,"column":34},"end":{"line":35,"column":35}},"loc":{"start":{"line":35,"column":41},"end":{"line":35,"column":59}},"line":35},"3":{"name":"(anonymous_3)","decl":{"start":{"line":38,"column":29},"end":{"line":38,"column":30}},"loc":{"start":{"line":38,"column":41},"end":{"line":38,"column":44}},"line":38},"4":{"name":"(anonymous_4)","decl":{"start":{"line":42,"column":21},"end":{"line":42,"column":22}},"loc":{"start":{"line":42,"column":38},"end":{"line":42,"column":54}},"line":42}},"branchMap":{},"s":{"0":0,"1":0,"2":0,"3":0,"4":0,"5":0,"6":0,"7":4,"8":4,"9":0},"f":{"0":0,"1":0,"2":0,"3":0,"4":0},"b":{},"_coverageSchema":"1a1c01bbd47fc00a2c39e90264f33305004495a9","hash":"1974eea4081b70c730ce097d945b67a3fca5679a"}
,"/Users/ksmith/dev/zzz/reprMan/apps/client-web/src/modals/Query/Query.tsx": {"path":"/Users/ksmith/dev/zzz/reprMan/apps/client-web/src/modals/Query/Query.tsx","statementMap":{"0":{"start":{"line":21,"column":30},"end":{"line":57,"column":1}},"1":{"start":{"line":27,"column":2},"end":{"line":27,"column":55}},"2":{"start":{"line":27,"column":44},"end":{"line":27,"column":55}},"3":{"start":{"line":29,"column":2},"end":{"line":56,"column":3}},"4":{"start":{"line":36,"column":27},"end":{"line":36,"column":43}},"5":{"start":{"line":37,"column":24},"end":{"line":41,"column":11}},"6":{"start":{"line":42,"column":10},"end":{"line":47,"column":11}},"7":{"start":{"line":52,"column":10},"end":{"line":52,"column":52}},"8":{"start":{"line":61,"column":21},"end":{"line":79,"column":1}},"9":{"start":{"line":65,"column":2},"end":{"line":78,"column":11}},"10":{"start":{"line":70,"column":6},"end":{"line":73,"column":8}},"11":{"start":{"line":74,"column":6},"end":{"line":74,"column":18}}},"fnMap":{"0":{"name":"(anonymous_0)","decl":{"start":{"line":21,"column":30},"end":{"line":21,"column":31}},"loc":{"start":{"line":26,"column":6},"end":{"line":57,"column":1}},"line":26},"1":{"name":"(anonymous_1)","decl":{"start":{"line":35,"column":18},"end":{"line":35,"column":19}},"loc":{"start":{"line":35,"column":46},"end":{"line":48,"column":9}},"line":35},"2":{"name":"(anonymous_2)","decl":{"start":{"line":51,"column":39},"end":{"line":51,"column":40}},"loc":{"start":{"line":52,"column":10},"end":{"line":52,"column":52}},"line":52},"3":{"name":"(anonymous_3)","decl":{"start":{"line":61,"column":21},"end":{"line":61,"column":22}},"loc":{"start":{"line":65,"column":2},"end":{"line":78,"column":11}},"line":65},"4":{"name":"(anonymous_4)","decl":{"start":{"line":69,"column":13},"end":{"line":69,"column":14}},"loc":{"start":{"line":69,"column":19},"end":{"line":75,"column":5}},"line":69}},"branchMap":{"0":{"loc":{"start":{"line":27,"column":2},"end":{"line":27,"column":55}},"type":"if","locations":[{"start":{"line":27,"column":2},"end":{"line":27,"column":55}},{"start":{},"end":{}}],"line":27},"1":{"loc":{"start":{"line":38,"column":20},"end":{"line":38,"column":43}},"type":"cond-expr","locations":[{"start":{"line":38,"column":31},"end":{"line":38,"column":39}},{"start":{"line":38,"column":42},"end":{"line":38,"column":43}}],"line":38},"2":{"loc":{"start":{"line":39,"column":24},"end":{"line":39,"column":52}},"type":"cond-expr","locations":[{"start":{"line":39,"column":35},"end":{"line":39,"column":41}},{"start":{"line":39,"column":44},"end":{"line":39,"column":52}}],"line":39},"3":{"loc":{"start":{"line":40,"column":23},"end":{"line":40,"column":53}},"type":"cond-expr","locations":[{"start":{"line":40,"column":34},"end":{"line":40,"column":42}},{"start":{"line":40,"column":45},"end":{"line":40,"column":53}}],"line":40},"4":{"loc":{"start":{"line":68,"column":13},"end":{"line":68,"column":33}},"type":"binary-expr","locations":[{"start":{"line":68,"column":13},"end":{"line":68,"column":20}},{"start":{"line":68,"column":24},"end":{"line":68,"column":33}}],"line":68}},"s":{"0":4,"1":0,"2":0,"3":0,"4":0,"5":0,"6":0,"7":0,"8":4,"9":0,"10":0,"11":0},"f":{"0":0,"1":0,"2":0,"3":0,"4":0},"b":{"0":[0,0],"1":[0,0],"2":[0,0],"3":[0,0],"4":[0,0]},"_coverageSchema":"1a1c01bbd47fc00a2c39e90264f33305004495a9","hash":"697874754e4fcdacad1e24f8165ad43e1f670653"}
,"/Users/ksmith/dev/zzz/reprMan/apps/client-web/src/modals/Query/index.ts": {"path":"/Users/ksmith/dev/zzz/reprMan/apps/client-web/src/modals/Query/index.ts","statementMap":{},"fnMap":{},"branchMap":{},"s":{},"f":{},"b":{},"_coverageSchema":"1a1c01bbd47fc00a2c39e90264f33305004495a9","hash":"d5ebf418ad5a332152e8268a57b27f7b39180d30"}
,"/Users/ksmith/dev/zzz/reprMan/apps/client-web/src/modules/index.ts": {"path":"/Users/ksmith/dev/zzz/reprMan/apps/client-web/src/modules/index.ts","statementMap":{},"fnMap":{},"branchMap":{},"s":{},"f":{},"b":{},"_coverageSchema":"1a1c01bbd47fc00a2c39e90264f33305004495a9","hash":"f084b75689575f58ce6c26859a403a3e4d4fee8c"}
,"/Users/ksmith/dev/zzz/reprMan/apps/client-web/src/modules/CognitoAuth/CognitoAuthBar.tsx": {"path":"/Users/ksmith/dev/zzz/reprMan/apps/client-web/src/modules/CognitoAuth/CognitoAuthBar.tsx","statementMap":{"0":{"start":{"line":16,"column":23},"end":{"line":126,"column":1}},"1":{"start":{"line":17,"column":19},"end":{"line":17,"column":32}},"2":{"start":{"line":18,"column":19},"end":{"line":18,"column":32}},"3":{"start":{"line":19,"column":16},"end":{"line":19,"column":25}},"4":{"start":{"line":20,"column":19},"end":{"line":20,"column":28}},"5":{"start":{"line":21,"column":39},"end":{"line":21,"column":55}},"6":{"start":{"line":22,"column":40},"end":{"line":22,"column":55}},"7":{"start":{"line":24,"column":26},"end":{"line":34,"column":3}},"8":{"start":{"line":26,"column":6},"end":{"line":26,"column":78}},"9":{"start":{"line":27,"column":4},"end":{"line":33,"column":5}},"10":{"start":{"line":36,"column":24},"end":{"line":46,"column":3}},"11":{"start":{"line":37,"column":4},"end":{"line":37,"column":24}},"12":{"start":{"line":38,"column":4},"end":{"line":45,"column":5}},"13":{"start":{"line":39,"column":6},"end":{"line":39,"column":21}},"14":{"start":{"line":40,"column":6},"end":{"line":40,"column":27}},"15":{"start":{"line":42,"column":6},"end":{"line":42,"column":26}},"16":{"start":{"line":44,"column":6},"end":{"line":44,"column":27}},"17":{"start":{"line":48,"column":2},"end":{"line":50,"column":3}},"18":{"start":{"line":49,"column":4},"end":{"line":49,"column":15}},"19":{"start":{"line":52,"column":2},"end":{"line":61,"column":3}},"20":{"start":{"line":53,"column":4},"end":{"line":60,"column":5}},"21":{"start":{"line":63,"column":19},"end":{"line":63,"column":56}},"22":{"start":{"line":65,"column":2},"end":{"line":125,"column":3}},"23":{"start":{"line":98,"column":29},"end":{"line":98,"column":44}},"24":{"start":{"line":118,"column":25},"end":{"line":118,"column":44}}},"fnMap":{"0":{"name":"(anonymous_0)","decl":{"start":{"line":16,"column":23},"end":{"line":16,"column":24}},"loc":{"start":{"line":16,"column":29},"end":{"line":126,"column":1}},"line":16},"1":{"name":"(anonymous_1)","decl":{"start":{"line":24,"column":26},"end":{"line":24,"column":27}},"loc":{"start":{"line":24,"column":44},"end":{"line":34,"column":3}},"line":24},"2":{"name":"(anonymous_2)","decl":{"start":{"line":36,"column":24},"end":{"line":36,"column":25}},"loc":{"start":{"line":36,"column":36},"end":{"line":46,"column":3}},"line":36},"3":{"name":"(anonymous_3)","decl":{"start":{"line":98,"column":23},"end":{"line":98,"column":24}},"loc":{"start":{"line":98,"column":29},"end":{"line":98,"column":44}},"line":98},"4":{"name":"(anonymous_4)","decl":{"start":{"line":118,"column":19},"end":{"line":118,"column":20}},"loc":{"start":{"line":118,"column":25},"end":{"line":118,"column":44}},"line":118}},"branchMap":{"0":{"loc":{"start":{"line":26,"column":6},"end":{"line":26,"column":78}},"type":"cond-expr","locations":[{"start":{"line":26,"column":33},"end":{"line":26,"column":44}},{"start":{"line":26,"column":47},"end":{"line":26,"column":78}}],"line":26},"1":{"loc":{"start":{"line":48,"column":2},"end":{"line":50,"column":3}},"type":"if","locations":[{"start":{"line":48,"column":2},"end":{"line":50,"column":3}},{"start":{},"end":{}}],"line":48},"2":{"loc":{"start":{"line":52,"column":2},"end":{"line":61,"column":3}},"type":"if","locations":[{"start":{"line":52,"column":2},"end":{"line":61,"column":3}},{"start":{},"end":{}}],"line":52},"3":{"loc":{"start":{"line":63,"column":19},"end":{"line":63,"column":56}},"type":"cond-expr","locations":[{"start":{"line":63,"column":30},"end":{"line":63,"column":51}},{"start":{"line":63,"column":54},"end":{"line":63,"column":56}}],"line":63},"4":{"loc":{"start":{"line":67,"column":7},"end":{"line":123,"column":7}},"type":"cond-expr","locations":[{"start":{"line":68,"column":8},"end":{"line":112,"column":19}},{"start":{"line":114,"column":8},"end":{"line":122,"column":17}}],"line":67},"5":{"loc":{"start":{"line":89,"column":15},"end":{"line":91,"column":22}},"type":"cond-expr","locations":[{"start":{"line":90,"column":16},"end":{"line":90,"column":72}},{"start":{"line":91,"column":18},"end":{"line":91,"column":22}}],"line":89},"6":{"loc":{"start":{"line":89,"column":15},"end":{"line":89,"column":52}},"type":"binary-expr","locations":[{"start":{"line":89,"column":15},"end":{"line":89,"column":24}},{"start":{"line":89,"column":28},"end":{"line":89,"column":52}}],"line":89},"7":{"loc":{"start":{"line":101,"column":15},"end":{"line":108,"column":22}},"type":"cond-expr","locations":[{"start":{"line":102,"column":16},"end":{"line":107,"column":18}},{"start":{"line":108,"column":18},"end":{"line":108,"column":22}}],"line":101}},"s":{"0":1,"1":1,"2":1,"3":1,"4":1,"5":1,"6":1,"7":1,"8":0,"9":0,"10":1,"11":0,"12":0,"13":0,"14":0,"15":0,"16":0,"17":1,"18":0,"19":1,"20":1,"21":0,"22":0,"23":0,"24":0},"f":{"0":1,"1":0,"2":0,"3":0,"4":0},"b":{"0":[0,0],"1":[0,1],"2":[1,0],"3":[0,0],"4":[0,0],"5":[0,0],"6":[0,0],"7":[0,0]},"_coverageSchema":"1a1c01bbd47fc00a2c39e90264f33305004495a9","hash":"2f7a1adb72bd3d48d91305fe629ed4bce5eb0015"}
,"/Users/ksmith/dev/zzz/reprMan/apps/client-web/src/modules/CognitoAuth/CognitoAuthContext.tsx": {"path":"/Users/ksmith/dev/zzz/reprMan/apps/client-web/src/modules/CognitoAuth/CognitoAuthContext.tsx","statementMap":{"0":{"start":{"line":21,"column":27},"end":{"line":21,"column":78}},"1":{"start":{"line":23,"column":35},"end":{"line":73,"column":1}},"2":{"start":{"line":28,"column":19},"end":{"line":28,"column":32}},"3":{"start":{"line":29,"column":19},"end":{"line":29,"column":28}},"4":{"start":{"line":30,"column":46},"end":{"line":30,"column":76}},"5":{"start":{"line":32,"column":25},"end":{"line":48,"column":16}},"6":{"start":{"line":33,"column":4},"end":{"line":35,"column":5}},"7":{"start":{"line":34,"column":6},"end":{"line":34,"column":12}},"8":{"start":{"line":36,"column":4},"end":{"line":47,"column":5}},"9":{"start":{"line":37,"column":19},"end":{"line":37,"column":49}},"10":{"start":{"line":38,"column":6},"end":{"line":42,"column":7}},"11":{"start":{"line":39,"column":8},"end":{"line":39,"column":31}},"12":{"start":{"line":41,"column":8},"end":{"line":41,"column":29}},"13":{"start":{"line":44,"column":6},"end":{"line":44,"column":27}},"14":{"start":{"line":46,"column":6},"end":{"line":46,"column":29}},"15":{"start":{"line":50,"column":2},"end":{"line":55,"column":22}},"16":{"start":{"line":51,"column":4},"end":{"line":53,"column":5}},"17":{"start":{"line":52,"column":6},"end":{"line":52,"column":12}},"18":{"start":{"line":54,"column":4},"end":{"line":54,"column":20}},"19":{"start":{"line":57,"column":19},"end":{"line":57,"column":53}},"20":{"start":{"line":59,"column":16},"end":{"line":66,"column":3}},"21":{"start":{"line":60,"column":11},"end":{"line":64,"column":5}},"22":{"start":{"line":68,"column":2},"end":{"line":72,"column":3}},"23":{"start":{"line":76,"column":14},"end":{"line":76,"column":44}},"24":{"start":{"line":77,"column":2},"end":{"line":79,"column":3}},"25":{"start":{"line":78,"column":4},"end":{"line":78,"column":77}},"26":{"start":{"line":80,"column":2},"end":{"line":80,"column":12}}},"fnMap":{"0":{"name":"(anonymous_0)","decl":{"start":{"line":23,"column":35},"end":{"line":23,"column":36}},"loc":{"start":{"line":27,"column":6},"end":{"line":73,"column":1}},"line":27},"1":{"name":"(anonymous_1)","decl":{"start":{"line":32,"column":37},"end":{"line":32,"column":38}},"loc":{"start":{"line":32,"column":49},"end":{"line":48,"column":3}},"line":32},"2":{"name":"(anonymous_2)","decl":{"start":{"line":50,"column":12},"end":{"line":50,"column":13}},"loc":{"start":{"line":50,"column":18},"end":{"line":55,"column":3}},"line":50},"3":{"name":"(anonymous_3)","decl":{"start":{"line":60,"column":4},"end":{"line":60,"column":5}},"loc":{"start":{"line":60,"column":11},"end":{"line":64,"column":5}},"line":60},"4":{"name":"useCognitoAuth","decl":{"start":{"line":75,"column":16},"end":{"line":75,"column":30}},"loc":{"start":{"line":75,"column":58},"end":{"line":81,"column":1}},"line":75}},"branchMap":{"0":{"loc":{"start":{"line":33,"column":4},"end":{"line":35,"column":5}},"type":"if","locations":[{"start":{"line":33,"column":4},"end":{"line":35,"column":5}},{"start":{},"end":{}}],"line":33},"1":{"loc":{"start":{"line":38,"column":6},"end":{"line":42,"column":7}},"type":"if","locations":[{"start":{"line":38,"column":6},"end":{"line":42,"column":7}},{"start":{"line":40,"column":13},"end":{"line":42,"column":7}}],"line":38},"2":{"loc":{"start":{"line":51,"column":4},"end":{"line":53,"column":5}},"type":"if","locations":[{"start":{"line":51,"column":4},"end":{"line":53,"column":5}},{"start":{},"end":{}}],"line":51},"3":{"loc":{"start":{"line":57,"column":27},"end":{"line":57,"column":52}},"type":"binary-expr","locations":[{"start":{"line":57,"column":27},"end":{"line":57,"column":37}},{"start":{"line":57,"column":41},"end":{"line":57,"column":52}}],"line":57},"4":{"loc":{"start":{"line":77,"column":2},"end":{"line":79,"column":3}},"type":"if","locations":[{"start":{"line":77,"column":2},"end":{"line":79,"column":3}},{"start":{},"end":{}}],"line":77}},"s":{"0":1,"1":1,"2":1,"3":1,"4":1,"5":1,"6":1,"7":0,"8":1,"9":1,"10":1,"11":0,"12":1,"13":0,"14":1,"15":1,"16":1,"17":0,"18":1,"19":1,"20":1,"21":1,"22":1,"23":3,"24":3,"25":0,"26":3},"f":{"0":1,"1":1,"2":1,"3":1,"4":3},"b":{"0":[0,1],"1":[0,1],"2":[0,1],"3":[1,0],"4":[0,3]},"_coverageSchema":"1a1c01bbd47fc00a2c39e90264f33305004495a9","hash":"25346b9ef4343211a97c64e7208495e88c786097"}
,"/Users/ksmith/dev/zzz/reprMan/apps/client-web/src/modules/CognitoAuth/CognitoSignInFields.tsx": {"path":"/Users/ksmith/dev/zzz/reprMan/apps/client-web/src/modules/CognitoAuth/CognitoSignInFields.tsx","statementMap":{"0":{"start":{"line":19,"column":28},"end":{"line":67,"column":1}},"1":{"start":{"line":32,"column":2},"end":{"line":66,"column":5}},"2":{"start":{"line":39,"column":26},"end":{"line":39,"column":51}},"3":{"start":{"line":50,"column":26},"end":{"line":50,"column":54}}},"fnMap":{"0":{"name":"(anonymous_0)","decl":{"start":{"line":19,"column":28},"end":{"line":19,"column":29}},"loc":{"start":{"line":32,"column":2},"end":{"line":66,"column":5}},"line":32},"1":{"name":"(anonymous_1)","decl":{"start":{"line":39,"column":18},"end":{"line":39,"column":19}},"loc":{"start":{"line":39,"column":26},"end":{"line":39,"column":51}},"line":39},"2":{"name":"(anonymous_2)","decl":{"start":{"line":50,"column":18},"end":{"line":50,"column":19}},"loc":{"start":{"line":50,"column":26},"end":{"line":50,"column":54}},"line":50}},"branchMap":{"0":{"loc":{"start":{"line":30,"column":2},"end":{"line":30,"column":30}},"type":"default-arg","locations":[{"start":{"line":30,"column":26},"end":{"line":30,"column":30}}],"line":30},"1":{"loc":{"start":{"line":55,"column":5},"end":{"line":65,"column":12}},"type":"cond-expr","locations":[{"start":{"line":56,"column":6},"end":{"line":64,"column":10}},{"start":{"line":65,"column":8},"end":{"line":65,"column":12}}],"line":55}},"s":{"0":1,"1":0,"2":0,"3":0},"f":{"0":0,"1":0,"2":0},"b":{"0":[0],"1":[0,0]},"_coverageSchema":"1a1c01bbd47fc00a2c39e90264f33305004495a9","hash":"68ae2db37d3b612a851ed48f5cbaf5ba3bbde404"}
,"/Users/ksmith/dev/zzz/reprMan/apps/client-web/src/modules/CognitoAuth/cognitoSession.ts": {"path":"/Users/ksmith/dev/zzz/reprMan/apps/client-web/src/modules/CognitoAuth/cognitoSession.ts","statementMap":{"0":{"start":{"line":5,"column":2},"end":{"line":16,"column":3}},"1":{"start":{"line":6,"column":24},"end":{"line":6,"column":46}},"2":{"start":{"line":7,"column":18},"end":{"line":7,"column":45}},"3":{"start":{"line":8,"column":18},"end":{"line":8,"column":73}},"4":{"start":{"line":9,"column":4},"end":{"line":13,"column":5}},"5":{"start":{"line":15,"column":4},"end":{"line":15,"column":15}}},"fnMap":{"0":{"name":"userFromCognitoSession","decl":{"start":{"line":4,"column":22},"end":{"line":4,"column":44}},"loc":{"start":{"line":4,"column":69},"end":{"line":17,"column":1}},"line":4}},"branchMap":{"0":{"loc":{"start":{"line":8,"column":18},"end":{"line":8,"column":73}},"type":"binary-expr","locations":[{"start":{"line":8,"column":18},"end":{"line":8,"column":29}},{"start":{"line":8,"column":33},"end":{"line":8,"column":67}},{"start":{"line":8,"column":71},"end":{"line":8,"column":73}}],"line":8},"1":{"loc":{"start":{"line":11,"column":12},"end":{"line":11,"column":42}},"type":"binary-expr","locations":[{"start":{"line":11,"column":12},"end":{"line":11,"column":22}},{"start":{"line":11,"column":26},"end":{"line":11,"column":42}}],"line":11}},"s":{"0":1,"1":1,"2":0,"3":0,"4":0,"5":1},"f":{"0":1},"b":{"0":[0,0,0],"1":[0,0]},"_coverageSchema":"1a1c01bbd47fc00a2c39e90264f33305004495a9","hash":"70ed091de6424625241ff706285c322f82236fae"}
,"/Users/ksmith/dev/zzz/reprMan/apps/client-web/src/modules/CognitoAuth/getUserInitials.ts": {"path":"/Users/ksmith/dev/zzz/reprMan/apps/client-web/src/modules/CognitoAuth/getUserInitials.ts","statementMap":{"0":{"start":{"line":5,"column":19},"end":{"line":5,"column":36}},"1":{"start":{"line":6,"column":2},"end":{"line":12,"column":3}},"2":{"start":{"line":7,"column":18},"end":{"line":7,"column":55}},"3":{"start":{"line":8,"column":4},"end":{"line":10,"column":5}},"4":{"start":{"line":9,"column":6},"end":{"line":9,"column":72}},"5":{"start":{"line":11,"column":4},"end":{"line":11,"column":45}},"6":{"start":{"line":13,"column":16},"end":{"line":13,"column":54}},"7":{"start":{"line":14,"column":2},"end":{"line":14,"column":47}}},"fnMap":{"0":{"name":"getUserInitials","decl":{"start":{"line":4,"column":16},"end":{"line":4,"column":31}},"loc":{"start":{"line":4,"column":52},"end":{"line":15,"column":1}},"line":4}},"branchMap":{"0":{"loc":{"start":{"line":6,"column":2},"end":{"line":12,"column":3}},"type":"if","locations":[{"start":{"line":6,"column":2},"end":{"line":12,"column":3}},{"start":{},"end":{}}],"line":6},"1":{"loc":{"start":{"line":8,"column":4},"end":{"line":10,"column":5}},"type":"if","locations":[{"start":{"line":8,"column":4},"end":{"line":10,"column":5}},{"start":{},"end":{}}],"line":8},"2":{"loc":{"start":{"line":13,"column":16},"end":{"line":13,"column":54}},"type":"binary-expr","locations":[{"start":{"line":13,"column":16},"end":{"line":13,"column":40}},{"start":{"line":13,"column":44},"end":{"line":13,"column":54}}],"line":13},"3":{"loc":{"start":{"line":14,"column":9},"end":{"line":14,"column":47}},"type":"binary-expr","locations":[{"start":{"line":14,"column":9},"end":{"line":14,"column":40}},{"start":{"line":14,"column":44},"end":{"line":14,"column":47}}],"line":14}},"s":{"0":0,"1":0,"2":0,"3":0,"4":0,"5":0,"6":0,"7":0},"f":{"0":0},"b":{"0":[0,0],"1":[0,0],"2":[0,0],"3":[0,0]},"_coverageSchema":"1a1c01bbd47fc00a2c39e90264f33305004495a9","hash":"33a2d6db0d5b679a491e8364442dfb00545dac5b"}
,"/Users/ksmith/dev/zzz/reprMan/apps/client-web/src/modules/CognitoAuth/index.ts": {"path":"/Users/ksmith/dev/zzz/reprMan/apps/client-web/src/modules/CognitoAuth/index.ts","statementMap":{},"fnMap":{},"branchMap":{},"s":{},"f":{},"b":{},"_coverageSchema":"1a1c01bbd47fc00a2c39e90264f33305004495a9","hash":"28372465a80327a5d50a1f7dec3813f43e96c28b"}
[...]
,"/Users/ksmith/dev/zzz/reprMan/apps/client-web/src/utilities/reprs/reprsText.ts": {"path":"/Users/ksmith/dev/zzz/reprMan/apps/client-web/src/utilities/reprs/reprsText.ts","statementMap":{"0":{"start":{"line":15,"column":35},"end":{"line":31,"column":39}},"1":{"start":{"line":16,"column":2},"end":{"line":31,"column":39}},"2":{"start":{"line":18,"column":6},"end":{"line":29,"column":18}},"3":{"start":{"line":33,"column":36},"end":{"line":120,"column":1}},"4":{"start":{"line":34,"column":20},"end":{"line":34,"column":36}},"5":{"start":{"line":35,"column":16},"end":{"line":35,"column":27}},"6":{"start":{"line":37,"column":2},"end":{"line":117,"column":3}},"7":{"start":{"line":37,"column":15},"end":{"line":37,"column":16}},"8":{"start":{"line":38,"column":18},"end":{"line":38,"column":53}},"9":{"start":{"line":39,"column":4},"end":{"line":41,"column":5}},"10":{"start":{"line":40,"column":6},"end":{"line":40,"column":71}},"11":{"start":{"line":42,"column":4},"end":{"line":46,"column":5}},"12":{"start":{"line":43,"column":6},"end":{"line":45,"column":7}},"13":{"start":{"line":48,"column":23},"end":{"line":51,"column":28}},"14":{"start":{"line":51,"column":18},"end":{"line":51,"column":27}},"15":{"start":{"line":53,"column":23},"end":{"line":53,"column":60}},"16":{"start":{"line":55,"column":6},"end":{"line":55,"column":73}},"17":{"start":{"line":56,"column":4},"end":{"line":62,"column":5}},"18":{"start":{"line":57,"column":6},"end":{"line":61,"column":7}},"19":{"start":{"line":64,"column":27},"end":{"line":64,"column":69}},"20":{"start":{"line":66,"column":6},"end":{"line":68,"column":48}},"21":{"start":{"line":69,"column":4},"end":{"line":75,"column":5}},"22":{"start":{"line":70,"column":6},"end":{"line":74,"column":7}},"23":{"start":{"line":77,"column":29},"end":{"line":77,"column":73}},"24":{"start":{"line":79,"column":6},"end":{"line":81,"column":52}},"25":{"start":{"line":82,"column":4},"end":{"line":88,"column":5}},"26":{"start":{"line":83,"column":6},"end":{"line":87,"column":7}},"27":{"start":{"line":90,"column":18},"end":{"line":90,"column":50}},"28":{"start":{"line":91,"column":15},"end":{"line":91,"column":73}},"29":{"start":{"line":93,"column":19},"end":{"line":95,"column":75}},"30":{"start":{"line":95,"column":23},"end":{"line":95,"column":74}},"31":{"start":{"line":96,"column":22},"end":{"line":96,"column":61}},"32":{"start":{"line":98,"column":4},"end":{"line":104,"column":5}},"33":{"start":{"line":99,"column":6},"end":{"line":103,"column":7}},"34":{"start":{"line":106,"column":17},"end":{"line":113,"column":13}},"35":{"start":{"line":115,"column":4},"end":{"line":115,"column":20}},"36":{"start":{"line":116,"column":4},"end":{"line":116,"column":21}},"37":{"start":{"line":116,"column":16},"end":{"line":116,"column":21}},"38":{"start":{"line":119,"column":2},"end":{"line":119,"column":14}}},"fnMap":{"0":{"name":"(anonymous_0)","decl":{"start":{"line":15,"column":35},"end":{"line":15,"column":36}},"loc":{"start":{"line":16,"column":2},"end":{"line":31,"column":39}},"line":16},"1":{"name":"(anonymous_1)","decl":{"start":{"line":17,"column":9},"end":{"line":17,"column":10}},"loc":{"start":{"line":18,"column":6},"end":{"line":29,"column":18}},"line":18},"2":{"name":"(anonymous_2)","decl":{"start":{"line":33,"column":36},"end":{"line":33,"column":37}},"loc":{"start":{"line":33,"column":61},"end":{"line":120,"column":1}},"line":33},"3":{"name":"(anonymous_3)","decl":{"start":{"line":51,"column":11},"end":{"line":51,"column":12}},"loc":{"start":{"line":51,"column":18},"end":{"line":51,"column":27}},"line":51},"4":{"name":"(anonymous_4)","decl":{"start":{"line":95,"column":13},"end":{"line":95,"column":14}},"loc":{"start":{"line":95,"column":23},"end":{"line":95,"column":74}},"line":95}},"branchMap":{"0":{"loc":{"start":{"line":20,"column":8},"end":{"line":20,"column":69}},"type":"binary-expr","locations":[{"start":{"line":20,"column":8},"end":{"line":20,"column":46}},{"start":{"line":20,"column":50},"end":{"line":20,"column":69}}],"line":20},"1":{"loc":{"start":{"line":21,"column":8},"end":{"line":21,"column":40}},"type":"binary-expr","locations":[{"start":{"line":21,"column":8},"end":{"line":21,"column":17}},{"start":{"line":21,"column":21},"end":{"line":21,"column":40}}],"line":21},"2":{"loc":{"start":{"line":22,"column":8},"end":{"line":24,"column":31}},"type":"cond-expr","locations":[{"start":{"line":23,"column":12},"end":{"line":23,"column":53}},{"start":{"line":24,"column":12},"end":{"line":24,"column":31}}],"line":22},"3":{"loc":{"start":{"line":25,"column":8},"end":{"line":27,"column":31}},"type":"cond-expr","locations":[{"start":{"line":26,"column":12},"end":{"line":26,"column":59}},{"start":{"line":27,"column":12},"end":{"line":27,"column":31}}],"line":25},"4":{"loc":{"start":{"line":28,"column":8},"end":{"line":28,"column":35}},"type":"binary-expr","locations":[{"start":{"line":28,"column":8},"end":{"line":28,"column":12}},{"start":{"line":28,"column":16},"end":{"line":28,"column":35}}],"line":28},"5":{"loc":{"start":{"line":39,"column":4},"end":{"line":41,"column":5}},"type":"if","locations":[{"start":{"line":39,"column":4},"end":{"line":41,"column":5}},{"start":{},"end":{}}],"line":39},"6":{"loc":{"start":{"line":42,"column":4},"end":{"line":46,"column":5}},"type":"if","locations":[{"start":{"line":42,"column":4},"end":{"line":46,"column":5}},{"start":{},"end":{}}],"line":42},"7":{"loc":{"start":{"line":55,"column":6},"end":{"line":55,"column":73}},"type":"cond-expr","locations":[{"start":{"line":55,"column":58},"end":{"line":55,"column":60}},{"start":{"line":55,"column":63},"end":{"line":55,"column":73}}],"line":55},"8":{"loc":{"start":{"line":55,"column":6},"end":{"line":55,"column":55}},"type":"binary-expr","locations":[{"start":{"line":55,"column":6},"end":{"line":55,"column":40}},{"start":{"line":55,"column":44},"end":{"line":55,"column":55}}],"line":55},"9":{"loc":{"start":{"line":56,"column":4},"end":{"line":62,"column":5}},"type":"if","locations":[{"start":{"line":56,"column":4},"end":{"line":62,"column":5}},{"start":{},"end":{}}],"line":56},"10":{"loc":{"start":{"line":66,"column":6},"end":{"line":68,"column":48}},"type":"cond-expr","locations":[{"start":{"line":67,"column":10},"end":{"line":67,"column":34}},{"start":{"line":68,"column":10},"end":{"line":68,"column":48}}],"line":66},"11":{"loc":{"start":{"line":66,"column":6},"end":{"line":66,"column":69}},"type":"binary-expr","locations":[{"start":{"line":66,"column":6},"end":{"line":66,"column":50}},{"start":{"line":66,"column":54},"end":{"line":66,"column":69}}],"line":66},"12":{"loc":{"start":{"line":69,"column":4},"end":{"line":75,"column":5}},"type":"if","locations":[{"start":{"line":69,"column":4},"end":{"line":75,"column":5}},{"start":{},"end":{}}],"line":69},"13":{"loc":{"start":{"line":69,"column":8},"end":{"line":69,"column":55}},"type":"binary-expr","locations":[{"start":{"line":69,"column":8},"end":{"line":69,"column":20}},{"start":{"line":69,"column":24},"end":{"line":69,"column":55}}],"line":69},"14":{"loc":{"start":{"line":79,"column":6},"end":{"line":81,"column":52}},"type":"cond-expr","locations":[{"start":{"line":80,"column":10},"end":{"line":80,"column":12}},{"start":{"line":81,"column":10},"end":{"line":81,"column":52}}],"line":79},"15":{"loc":{"start":{"line":79,"column":6},"end":{"line":79,"column":67}},"type":"binary-expr","locations":[{"start":{"line":79,"column":6},"end":{"line":79,"column":46}},{"start":{"line":79,"column":50},"end":{"line":79,"column":67}}],"line":79},"16":{"loc":{"start":{"line":82,"column":4},"end":{"line":88,"column":5}},"type":"if","locations":[{"start":{"line":82,"column":4},"end":{"line":88,"column":5}},{"start":{},"end":{}}],"line":82},"17":{"loc":{"start":{"line":82,"column":8},"end":{"line":82,"column":76}},"type":"binary-expr","locations":[{"start":{"line":82,"column":8},"end":{"line":82,"column":35}},{"start":{"line":82,"column":39},"end":{"line":82,"column":76}}],"line":82},"18":{"loc":{"start":{"line":91,"column":15},"end":{"line":91,"column":73}},"type":"cond-expr","locations":[{"start":{"line":91,"column":63},"end":{"line":91,"column":65}},{"start":{"line":91,"column":68},"end":{"line":91,"column":73}}],"line":91},"19":{"loc":{"start":{"line":91,"column":15},"end":{"line":91,"column":60}},"type":"binary-expr","locations":[{"start":{"line":91,"column":15},"end":{"line":91,"column":50}},{"start":{"line":91,"column":54},"end":{"line":91,"column":60}}],"line":91},"20":{"loc":{"start":{"line":95,"column":23},"end":{"line":95,"column":74}},"type":"binary-expr","locations":[{"start":{"line":95,"column":23},"end":{"line":95,"column":35}},{"start":{"line":95,"column":39},"end":{"line":95,"column":74}}],"line":95},"21":{"loc":{"start":{"line":98,"column":4},"end":{"line":104,"column":5}},"type":"if","locations":[{"start":{"line":98,"column":4},"end":{"line":104,"column":5}},{"start":{},"end":{}}],"line":98},"22":{"loc":{"start":{"line":98,"column":8},"end":{"line":98,"column":52}},"type":"binary-expr","locations":[{"start":{"line":98,"column":8},"end":{"line":98,"column":15}},{"start":{"line":98,"column":19},"end":{"line":98,"column":52}}],"line":98},"23":{"loc":{"start":{"line":116,"column":4},"end":{"line":116,"column":21}},"type":"if","locations":[{"start":{"line":116,"column":4},"end":{"line":116,"column":21}},{"start":{},"end":{}}],"line":116}},"s":{"0":4,"1":0,"2":0,"3":4,"4":0,"5":0,"6":0,"7":0,"8":0,"9":0,"10":0,"11":0,"12":0,"13":0,"14":0,"15":0,"16":0,"17":0,"18":0,"19":0,"20":0,"21":0,"22":0,"23":0,"24":0,"25":0,"26":0,"27":0,"28":0,"29":0,"30":0,"31":0,"32":0,"33":0,"34":0,"35":0,"36":0,"37":0,"38":0},"f":{"0":0,"1":0,"2":0,"3":0,"4":0},"b":{"0":[0,0],"1":[0,0],"2":[0,0],"3":[0,0],"4":[0,0],"5":[0,0],"6":[0,0],"7":[0,0],"8":[0,0],"9":[0,0],"10":[0,0],"11":[0,0],"12":[0,0],"13":[0,0],"14":[0,0],"15":[0,0],"16":[0,0],"17":[0,0],"18":[0,0],"19":[0,0],"20":[0,0],"21":[0,0],"22":[0,0],"23":[0,0]},"_coverageSchema":"1a1c01bbd47fc00a2c39e90264f33305004495a9","hash":"add32c9fd6324fc6744333db1d9994e370a9b914"}
,"/Users/ksmith/dev/zzz/reprMan/apps/client-web/src/utilities/reprs/reprsXlsx.ts": {"path":"/Users/ksmith/dev/zzz/reprMan/apps/client-web/src/utilities/reprs/reprsXlsx.ts","statementMap":{"0":{"start":{"line":8,"column":16},"end":{"line":8,"column":48}},"1":{"start":{"line":9,"column":19},"end":{"line":9,"column":39}},"2":{"start":{"line":10,"column":2},"end":{"line":10,"column":69}},"3":{"start":{"line":11,"column":25},"end":{"line":11,"column":55}},"4":{"start":{"line":13,"column":2},"end":{"line":20,"column":3}},"5":{"start":{"line":22,"column":2},"end":{"line":22,"column":48}},"6":{"start":{"line":24,"column":2},"end":{"line":24,"column":68}},"7":{"start":{"line":26,"column":2},"end":{"line":39,"column":3}},"8":{"start":{"line":28,"column":6},"end":{"line":37,"column":8}},"9":{"start":{"line":41,"column":24},"end":{"line":41,"column":53}},"10":{"start":{"line":42,"column":28},"end":{"line":44,"column":27}},"11":{"start":{"line":45,"column":2},"end":{"line":45,"column":66}},"12":{"start":{"line":47,"column":17},"end":{"line":47,"column":50}},"13":{"start":{"line":49,"column":2},"end":{"line":49,"column":27}},"14":{"start":{"line":52,"column":42},"end":{"line":135,"column":23}},"15":{"start":{"line":53,"column":2},"end":{"line":135,"column":23}},"16":{"start":{"line":55,"column":6},"end":{"line":55,"column":64}},"17":{"start":{"line":55,"column":42},"end":{"line":55,"column":45}},"18":{"start":{"line":55,"column":48},"end":{"line":55,"column":64}},"19":{"start":{"line":64,"column":10},"end":{"line":64,"column":19}},"20":{"start":{"line":66,"column":20},"end":{"line":66,"column":36}},"21":{"start":{"line":68,"column":27},"end":{"line":68,"column":75}},"22":{"start":{"line":70,"column":6},"end":{"line":72,"column":7}},"23":{"start":{"line":71,"column":8},"end":{"line":71,"column":69}},"24":{"start":{"line":73,"column":6},"end":{"line":77,"column":7}},"25":{"start":{"line":74,"column":8},"end":{"line":76,"column":9}},"26":{"start":{"line":79,"column":25},"end":{"line":79,"column":65}},"27":{"start":{"line":81,"column":22},"end":{"line":81,"column":40}},"28":{"start":{"line":82,"column":6},"end":{"line":86,"column":7}},"29":{"start":{"line":83,"column":8},"end":{"line":85,"column":9}},"30":{"start":{"line":88,"column":36},"end":{"line":88,"column":58}},"31":{"start":{"line":90,"column":8},"end":{"line":92,"column":57}},"32":{"start":{"line":93,"column":6},"end":{"line":100,"column":7}},"33":{"start":{"line":97,"column":8},"end":{"line":99,"column":9}},"34":{"start":{"line":102,"column":42},"end":{"line":102,"column":70}},"35":{"start":{"line":104,"column":8},"end":{"line":107,"column":36}},"36":{"start":{"line":108,"column":6},"end":{"line":116,"column":7}},"37":{"start":{"line":113,"column":8},"end":{"line":115,"column":9}},"38":{"start":{"line":117,"column":29},"end":{"line":117,"column":73}},"39":{"start":{"line":119,"column":24},"end":{"line":119,"column":37}},"40":{"start":{"line":120,"column":6},"end":{"line":122,"column":7}},"41":{"start":{"line":121,"column":8},"end":{"line":121,"column":78}},"42":{"start":{"line":124,"column":17},"end":{"line":124,"column":32}},"43":{"start":{"line":126,"column":6},"end":{"line":133,"column":26}},"44":{"start":{"line":135,"column":19},"end":{"line":135,"column":22}}},"fnMap":{"0":{"name":"makeReprsXlsxFormat","decl":{"start":{"line":7,"column":22},"end":{"line":7,"column":41}},"loc":{"start":{"line":7,"column":56},"end":{"line":50,"column":1}},"line":7},"1":{"name":"(anonymous_1)","decl":{"start":{"line":27,"column":4},"end":{"line":27,"column":5}},"loc":{"start":{"line":27,"column":73},"end":{"line":38,"column":5}},"line":27},"2":{"name":"(anonymous_2)","decl":{"start":{"line":52,"column":42},"end":{"line":52,"column":43}},"loc":{"start":{"line":53,"column":2},"end":{"line":135,"column":23}},"line":53},"3":{"name":"(anonymous_3)","decl":{"start":{"line":54,"column":9},"end":{"line":54,"column":10}},"loc":{"start":{"line":54,"column":29},"end":{"line":134,"column":5}},"line":54},"4":{"name":"(anonymous_4)","decl":{"start":{"line":55,"column":26},"end":{"line":55,"column":27}},"loc":{"start":{"line":55,"column":42},"end":{"line":55,"column":45}},"line":55},"5":{"name":"(anonymous_5)","decl":{"start":{"line":135,"column":12},"end":{"line":135,"column":13}},"loc":{"start":{"line":135,"column":19},"end":{"line":135,"column":22}},"line":135}},"branchMap":{"0":{"loc":{"start":{"line":32,"column":21},"end":{"line":32,"column":73}},"type":"cond-expr","locations":[{"start":{"line":32,"column":35},"end":{"line":32,"column":68}},{"start":{"line":32,"column":71},"end":{"line":32,"column":73}}],"line":32},"1":{"loc":{"start":{"line":33,"column":27},"end":{"line":35,"column":14}},"type":"cond-expr","locations":[{"start":{"line":34,"column":12},"end":{"line":34,"column":51}},{"start":{"line":35,"column":12},"end":{"line":35,"column":14}}],"line":33},"2":{"loc":{"start":{"line":55,"column":6},"end":{"line":55,"column":64}},"type":"if","locations":[{"start":{"line":55,"column":6},"end":{"line":55,"column":64}},{"start":{},"end":{}}],"line":55},"3":{"loc":{"start":{"line":70,"column":6},"end":{"line":72,"column":7}},"type":"if","locations":[{"start":{"line":70,"column":6},"end":{"line":72,"column":7}},{"start":{},"end":{}}],"line":70},"4":{"loc":{"start":{"line":73,"column":6},"end":{"line":77,"column":7}},"type":"if","locations":[{"start":{"line":73,"column":6},"end":{"line":77,"column":7}},{"start":{},"end":{}}],"line":73},"5":{"loc":{"start":{"line":82,"column":6},"end":{"line":86,"column":7}},"type":"if","locations":[{"start":{"line":82,"column":6},"end":{"line":86,"column":7}},{"start":{},"end":{}}],"line":82},"6":{"loc":{"start":{"line":90,"column":8},"end":{"line":92,"column":57}},"type":"cond-expr","locations":[{"start":{"line":91,"column":12},"end":{"line":91,"column":14}},{"start":{"line":92,"column":12},"end":{"line":92,"column":57}}],"line":90},"7":{"loc":{"start":{"line":90,"column":8},"end":{"line":90,"column":79}},"type":"binary-expr","locations":[{"start":{"line":90,"column":8},"end":{"line":90,"column":30}},{"start":{"line":90,"column":34},"end":{"line":90,"column":79}}],"line":90},"8":{"loc":{"start":{"line":93,"column":6},"end":{"line":100,"column":7}},"type":"if","locations":[{"start":{"line":93,"column":6},"end":{"line":100,"column":7}},{"start":{},"end":{}}],"line":93},"9":{"loc":{"start":{"line":94,"column":8},"end":{"line":95,"column":70}},"type":"binary-expr","locations":[{"start":{"line":94,"column":8},"end":{"line":94,"column":21}},{"start":{"line":95,"column":9},"end":{"line":95,"column":40}},{"start":{"line":95,"column":44},"end":{"line":95,"column":69}}],"line":94},"10":{"loc":{"start":{"line":104,"column":8},"end":{"line":107,"column":36}},"type":"cond-expr","locations":[{"start":{"line":106,"column":12},"end":{"line":106,"column":14}},{"start":{"line":107,"column":12},"end":{"line":107,"column":36}}],"line":104},"11":{"loc":{"start":{"line":104,"column":8},"end":{"line":105,"column":59}},"type":"binary-expr","locations":[{"start":{"line":104,"column":8},"end":{"line":104,"column":36}},{"start":{"line":105,"column":8},"end":{"line":105,"column":59}}],"line":104},"12":{"loc":{"start":{"line":108,"column":6},"end":{"line":116,"column":7}},"type":"if","locations":[{"start":{"line":108,"column":6},"end":{"line":116,"column":7}},{"start":{},"end":{}}],"line":108},"13":{"loc":{"start":{"line":109,"column":8},"end":{"line":111,"column":42}},"type":"binary-expr","locations":[{"start":{"line":109,"column":8},"end":{"line":109,"column":27}},{"start":{"line":110,"column":9},"end":{"line":110,"column":46}},{"start":{"line":111,"column":10},"end":{"line":111,"column":41}}],"line":109},"14":{"loc":{"start":{"line":117,"column":29},"end":{"line":117,"column":73}},"type":"cond-expr","locations":[{"start":{"line":117,"column":49},"end":{"line":117,"column":68}},{"start":{"line":117,"column":71},"end":{"line":117,"column":73}}],"line":117},"15":{"loc":{"start":{"line":120,"column":6},"end":{"line":122,"column":7}},"type":"if","locations":[{"start":{"line":120,"column":6},"end":{"line":122,"column":7}},{"start":{},"end":{}}],"line":120},"16":{"loc":{"start":{"line":124,"column":17},"end":{"line":124,"column":32}},"type":"binary-expr","locations":[{"start":{"line":124,"column":17},"end":{"line":124,"column":26}},{"start":{"line":124,"column":30},"end":{"line":124,"column":32}}],"line":124}},"s":{"0":0,"1":0,"2":0,"3":0,"4":0,"5":0,"6":0,"7":0,"8":0,"9":0,"10":0,"11":0,"12":0,"13":0,"14":4,"15":0,"16":0,"17":0,"18":0,"19":0,"20":0,"21":0,"22":0,"23":0,"24":0,"25":0,"26":0,"27":0,"28":0,"29":0,"30":0,"31":0,"32":0,"33":0,"34":0,"35":0,"36":0,"37":0,"38":0,"39":0,"40":0,"41":0,"42":0,"43":0,"44":0},"f":{"0":0,"1":0,"2":0,"3":0,"4":0,"5":0},"b":{"0":[0,0],"1":[0,0],"2":[0,0],"3":[0,0],"4":[0,0],"5":[0,0],"6":[0,0],"7":[0,0],"8":[0,0],"9":[0,0,0],"10":[0,0],"11":[0,0],"12":[0,0],"13":[0,0,0],"14":[0,0],"15":[0,0],"16":[0,0]},"_coverageSchema":"1a1c01bbd47fc00a2c39e90264f33305004495a9","hash":"bb17871fae9cad623c6129546004a38a95c27f8e"}
}
