{"D:\\dev\\reprMan\\apps\\client-web\\src\\App.tsx": {"path":"D:\\dev\\reprMan\\apps\\client-web\\src\\App.tsx","statementMap":{"0":{"start":{"line":17,"column":12},"end":{"line":62,"column":1}},"1":{"start":{"line":18,"column":2},"end":{"line":20,"column":4}},"2":{"start":{"line":19,"column":4},"end":{"line":19,"column":36}},"3":{"start":{"line":22,"column":2},"end":{"line":61,"column":3}}},"fnMap":{"0":{"name":"(anonymous_0)","decl":{"start":{"line":17,"column":12},"end":{"line":17,"column":13}},"loc":{"start":{"line":17,"column":18},"end":{"line":62,"column":1}},"line":17},"1":{"name":"(anonymous_1)","decl":{"start":{"line":18,"column":12},"end":{"line":18,"column":13}},"loc":{"start":{"line":18,"column":18},"end":{"line":20,"column":3}},"line":18}},"branchMap":{},"s":{"0":1,"1":1,"2":1,"3":1},"f":{"0":1,"1":1},"b":{},"_coverageSchema":"1a1c01bbd47fc00a2c39e90264f33305004495a9","hash":"cba9b83c6e379a8d2f1f0701d524699c128d4b7a"}
,"D:\\dev\\reprMan\\apps\\client-web\\src\\index.tsx": {"path":"D:\\dev\\reprMan\\apps\\client-web\\src\\index.tsx","statementMap":{"0":{"start":{"line":15,"column":0},"end":{"line":15,"column":18}},"1":{"start":{"line":17,"column":24},"end":{"line":22,"column":1}},"2":{"start":{"line":24,"column":0},"end":{"line":24,"column":47}},"3":{"start":{"line":26,"column":13},"end":{"line":26,"column":80}},"4":{"start":{"line":28,"column":0},"end":{"line":38,"column":1}},"5":{"start":{"line":40,"column":0},"end":{"line":40,"column":17}}},"fnMap":{},"branchMap":{"0":{"loc":{"start":{"line":18,"column":11},"end":{"line":18,"column":53}},"type":"binary-expr","locations":[{"start":{"line":18,"column":11},"end":{"line":18,"column":40}},{"start":{"line":18,"column":44},"end":{"line":18,"column":53}}],"line":18},"1":{"loc":{"start":{"line":19,"column":15},"end":{"line":19,"column":60}},"type":"binary-expr","locations":[{"start":{"line":19,"column":15},"end":{"line":19,"column":49}},{"start":{"line":19,"column":53},"end":{"line":19,"column":60}}],"line":19},"2":{"loc":{"start":{"line":20,"column":16},"end":{"line":20,"column":65}},"type":"binary-expr","locations":[{"start":{"line":20,"column":16},"end":{"line":20,"column":52}},{"start":{"line":20,"column":56},"end":{"line":20,"column":65}}],"line":20},"3":{"loc":{"start":{"line":21,"column":10},"end":{"line":21,"column":52}},"type":"binary-expr","locations":[{"start":{"line":21,"column":10},"end":{"line":21,"column":39}},{"start":{"line":21,"column":43},"end":{"line":21,"column":52}}],"line":21}},"s":{"0":0,"1":0,"2":0,"3":0,"4":0,"5":0},"f":{},"b":{"0":[0,0],"1":[0,0],"2":[0,0],"3":[0,0]}}
,"D:\\dev\\reprMan\\apps\\client-web\\src\\reportWebVitals.ts": {"path":"D:\\dev\\reprMan\\apps\\client-web\\src\\reportWebVitals.ts","statementMap":{"0":{"start":{"line":3,"column":24},"end":{"line":13,"column":1}},"1":{"start":{"line":4,"column":2},"end":{"line":12,"column":3}},"2":{"start":{"line":5,"column":4},"end":{"line":11,"column":6}},"3":{"start":{"line":6,"column":6},"end":{"line":6,"column":25}},"4":{"start":{"line":7,"column":6},"end":{"line":7,"column":25}},"5":{"start":{"line":8,"column":6},"end":{"line":8,"column":25}},"6":{"start":{"line":9,"column":6},"end":{"line":9,"column":25}},"7":{"start":{"line":10,"column":6},"end":{"line":10,"column":26}}},"fnMap":{"0":{"name":"(anonymous_0)","decl":{"start":{"line":3,"column":24},"end":{"line":3,"column":25}},"loc":{"start":{"line":3,"column":57},"end":{"line":13,"column":1}},"line":3},"1":{"name":"(anonymous_1)","decl":{"start":{"line":5,"column":30},"end":{"line":5,"column":31}},"loc":{"start":{"line":5,"column":79},"end":{"line":11,"column":5}},"line":5}},"branchMap":{"0":{"loc":{"start":{"line":4,"column":2},"end":{"line":12,"column":3}},"type":"if","locations":[{"start":{"line":4,"column":2},"end":{"line":12,"column":3}},{"start":{},"end":{}}],"line":4},"1":{"loc":{"start":{"line":4,"column":6},"end":{"line":4,"column":52}},"type":"binary-expr","locations":[{"start":{"line":4,"column":6},"end":{"line":4,"column":17}},{"start":{"line":4,"column":21},"end":{"line":4,"column":52}}],"line":4}},"s":{"0":0,"1":0,"2":0,"3":0,"4":0,"5":0,"6":0,"7":0},"f":{"0":0,"1":0},"b":{"0":[0,0],"1":[0,0]}}
,"D:\\dev\\reprMan\\apps\\client-web\\src\\components\\AddReprButton\\AddReprButton.tsx": {"path":"D:\\dev\\reprMan\\apps\\client-web\\src\\components\\AddReprButton\\AddReprButton.tsx","statementMap":{"0":{"start":{"line":10,"column":46},"end":{"line":31,"column":1}},"1":{"start":{"line":11,"column":16},"end":{"line":11,"column":25}},"2":{"start":{"line":12,"column":2},"end":{"line":30,"column":3}},"3":{"start":{"line":23,"column":8},"end":{"line":25,"column":9}}},"fnMap":{"0":{"name":"(anonymous_0)","decl":{"start":{"line":10,"column":46},"end":{"line":10,"column":47}},"loc":{"start":{"line":10,"column":52},"end":{"line":31,"column":1}},"line":10},"1":{"name":"(anonymous_1)","decl":{"start":{"line":22,"column":15},"end":{"line":22,"column":16}},"loc":{"start":{"line":23,"column":8},"end":{"line":25,"column":9}},"line":23}},"branchMap":{},"s":{"0":1,"1":0,"2":0,"3":0},"f":{"0":0,"1":0},"b":{},"_coverageSchema":"1a1c01bbd47fc00a2c39e90264f33305004495a9","hash":"dec90d8fa06bcd8e79f8449dbdf8f2d6b9bc34b8"}
,"D:\\dev\\reprMan\\apps\\client-web\\src\\components\\AddReprButton\\index.ts": {"path":"D:\\dev\\reprMan\\apps\\client-web\\src\\components\\AddReprButton\\index.ts","statementMap":{},"fnMap":{},"branchMap":{},"s":{},"f":{},"b":{},"_coverageSchema":"1a1c01bbd47fc00a2c39e90264f33305004495a9","hash":"bdcc732501077567530557f685d559894d9d13df"}
,"D:\\dev\\reprMan\\apps\\client-web\\src\\components\\CategoryPills\\CategoryPills.tsx": {"path":"D:\\dev\\reprMan\\apps\\client-web\\src\\components\\CategoryPills\\CategoryPills.tsx","statementMap":{"0":{"start":{"line":10,"column":18},"end":{"line":28,"column":1}},"1":{"start":{"line":37,"column":46},"end":{"line":61,"column":1}},"2":{"start":{"line":43,"column":27},"end":{"line":43,"column":77}},"3":{"start":{"line":43,"column":58},"end":{"line":43,"column":76}},"4":{"start":{"line":45,"column":46},"end":{"line":50,"column":3}},"5":{"start":{"line":52,"column":2},"end":{"line":60,"column":3}},"6":{"start":{"line":55,"column":8},"end":{"line":57,"column":16}},"7":{"start":{"line":55,"column":62},"end":{"line":55,"column":72}}},"fnMap":{"0":{"name":"(anonymous_0)","decl":{"start":{"line":37,"column":46},"end":{"line":37,"column":47}},"loc":{"start":{"line":42,"column":6},"end":{"line":61,"column":1}},"line":42},"1":{"name":"(anonymous_1)","decl":{"start":{"line":39,"column":12},"end":{"line":39,"column":13}},"loc":{"start":{"line":39,"column":18},"end":{"line":39,"column":20}},"line":39},"2":{"name":"(anonymous_2)","decl":{"start":{"line":43,"column":48},"end":{"line":43,"column":49}},"loc":{"start":{"line":43,"column":58},"end":{"line":43,"column":76}},"line":43},"3":{"name":"(anonymous_3)","decl":{"start":{"line":54,"column":28},"end":{"line":54,"column":29}},"loc":{"start":{"line":55,"column":8},"end":{"line":57,"column":16}},"line":55},"4":{"name":"(anonymous_4)","decl":{"start":{"line":55,"column":56},"end":{"line":55,"column":57}},"loc":{"start":{"line":55,"column":62},"end":{"line":55,"column":72}},"line":55}},"branchMap":{"0":{"loc":{"start":{"line":39,"column":2},"end":{"line":39,"column":20}},"type":"default-arg","locations":[{"start":{"line":39,"column":12},"end":{"line":39,"column":20}}],"line":39},"1":{"loc":{"start":{"line":41,"column":2},"end":{"line":41,"column":31}},"type":"default-arg","locations":[{"start":{"line":41,"column":9},"end":{"line":41,"column":31}}],"line":41}},"s":{"0":1,"1":1,"2":0,"3":0,"4":0,"5":0,"6":0,"7":0},"f":{"0":0,"1":0,"2":0,"3":0,"4":0},"b":{"0":[0],"1":[0]},"_coverageSchema":"1a1c01bbd47fc00a2c39e90264f33305004495a9","hash":"a3bd95edbba21a80904640215d8c323a111b09b0"}
,"D:\\dev\\reprMan\\apps\\client-web\\src\\components\\CategoryPills\\index.ts": {"path":"D:\\dev\\reprMan\\apps\\client-web\\src\\components\\CategoryPills\\index.ts","statementMap":{},"fnMap":{},"branchMap":{},"s":{},"f":{},"b":{},"_coverageSchema":"1a1c01bbd47fc00a2c39e90264f33305004495a9","hash":"6b21869f107409e998c58a01ab89ddd614e4be9a"}
,"D:\\dev\\reprMan\\apps\\client-web\\src\\components\\Footer\\Footer.tsx": {"path":"D:\\dev\\reprMan\\apps\\client-web\\src\\components\\Footer\\Footer.tsx","statementMap":{"0":{"start":{"line":5,"column":15},"end":{"line":34,"column":1}},"1":{"start":{"line":6,"column":16},"end":{"line":6,"column":25}},"2":{"start":{"line":8,"column":2},"end":{"line":33,"column":3}}},"fnMap":{"0":{"name":"(anonymous_0)","decl":{"start":{"line":5,"column":15},"end":{"line":5,"column":16}},"loc":{"start":{"line":5,"column":21},"end":{"line":34,"column":1}},"line":5}},"branchMap":{},"s":{"0":1,"1":1,"2":1},"f":{"0":1},"b":{},"_coverageSchema":"1a1c01bbd47fc00a2c39e90264f33305004495a9","hash":"02c80a17c8feabc7417f3d4f52e7bcf0be55471f"}
,"D:\\dev\\reprMan\\apps\\client-web\\src\\components\\Footer\\index.ts": {"path":"D:\\dev\\reprMan\\apps\\client-web\\src\\components\\Footer\\index.ts","statementMap":{},"fnMap":{},"branchMap":{},"s":{},"f":{},"b":{},"_coverageSchema":"1a1c01bbd47fc00a2c39e90264f33305004495a9","hash":"cc2208481233c683cd065c46a2fa3707e54d5edc"}
,"D:\\dev\\reprMan\\apps\\client-web\\src\\components\\Header\\Header.tsx": {"path":"D:\\dev\\reprMan\\apps\\client-web\\src\\components\\Header\\Header.tsx","statementMap":{"0":{"start":{"line":17,"column":15},"end":{"line":74,"column":1}},"1":{"start":{"line":18,"column":19},"end":{"line":18,"column":32}},"2":{"start":{"line":19,"column":19},"end":{"line":19,"column":56}},"3":{"start":{"line":20,"column":16},"end":{"line":20,"column":25}},"4":{"start":{"line":21,"column":39},"end":{"line":21,"column":55}},"5":{"start":{"line":23,"column":17},"end":{"line":27,"column":18}},"6":{"start":{"line":29,"column":30},"end":{"line":29,"column":79}},"7":{"start":{"line":31,"column":4},"end":{"line":31,"column":57}},"8":{"start":{"line":33,"column":2},"end":{"line":73,"column":3}},"9":{"start":{"line":65,"column":31},"end":{"line":65,"column":78}},"10":{"start":{"line":78,"column":19},"end":{"line":111,"column":1}},"11":{"start":{"line":84,"column":20},"end":{"line":84,"column":43}},"12":{"start":{"line":85,"column":21},"end":{"line":85,"column":47}},"13":{"start":{"line":86,"column":19},"end":{"line":86,"column":52}},"14":{"start":{"line":88,"column":20},"end":{"line":88,"column":64}},"15":{"start":{"line":89,"column":2},"end":{"line":110,"column":3}}},"fnMap":{"0":{"name":"(anonymous_0)","decl":{"start":{"line":17,"column":15},"end":{"line":17,"column":16}},"loc":{"start":{"line":17,"column":21},"end":{"line":74,"column":1}},"line":17},"1":{"name":"(anonymous_1)","decl":{"start":{"line":65,"column":24},"end":{"line":65,"column":25}},"loc":{"start":{"line":65,"column":31},"end":{"line":65,"column":78}},"line":65},"2":{"name":"(anonymous_2)","decl":{"start":{"line":78,"column":19},"end":{"line":78,"column":20}},"loc":{"start":{"line":83,"column":5},"end":{"line":111,"column":1}},"line":83}},"branchMap":{"0":{"loc":{"start":{"line":29,"column":30},"end":{"line":29,"column":79}},"type":"binary-expr","locations":[{"start":{"line":29,"column":30},"end":{"line":29,"column":48}},{"start":{"line":29,"column":52},"end":{"line":29,"column":66}},{"start":{"line":29,"column":70},"end":{"line":29,"column":79}}],"line":29},"1":{"loc":{"start":{"line":31,"column":4},"end":{"line":31,"column":57}},"type":"binary-expr","locations":[{"start":{"line":31,"column":4},"end":{"line":31,"column":20}},{"start":{"line":31,"column":25},"end":{"line":31,"column":44}},{"start":{"line":31,"column":48},"end":{"line":31,"column":56}}],"line":31},"2":{"loc":{"start":{"line":86,"column":19},"end":{"line":86,"column":52}},"type":"binary-expr","locations":[{"start":{"line":86,"column":19},"end":{"line":86,"column":29}},{"start":{"line":86,"column":33},"end":{"line":86,"column":52}}],"line":86},"3":{"loc":{"start":{"line":88,"column":20},"end":{"line":88,"column":64}},"type":"cond-expr","locations":[{"start":{"line":88,"column":32},"end":{"line":88,"column":51}},{"start":{"line":88,"column":54},"end":{"line":88,"column":64}}],"line":88},"4":{"loc":{"start":{"line":96,"column":7},"end":{"line":108,"column":7}},"type":"cond-expr","locations":[{"start":{"line":97,"column":8},"end":{"line":103,"column":15}},{"start":{"line":105,"column":8},"end":{"line":107,"column":18}}],"line":96}},"s":{"0":1,"1":1,"2":1,"3":1,"4":1,"5":1,"6":1,"7":1,"8":1,"9":3,"10":1,"11":3,"12":3,"13":3,"14":3,"15":3},"f":{"0":1,"1":3,"2":3},"b":{"0":[1,1,0],"1":[1,1,1],"2":[3,1],"3":[1,2],"4":[0,3]},"_coverageSchema":"1a1c01bbd47fc00a2c39e90264f33305004495a9","hash":"dccce6ce32bf3ed0c7a8cbe3adc0e0f1b787017b"}
,"D:\\dev\\reprMan\\apps\\client-web\\src\\components\\Header\\index.ts": {"path":"D:\\dev\\reprMan\\apps\\client-web\\src\\components\\Header\\index.ts","statementMap":{},"fnMap":{},"branchMap":{},"s":{},"f":{},"b":{},"_coverageSchema":"1a1c01bbd47fc00a2c39e90264f33305004495a9","hash":"739db433132ce232a789ecbb7c663f12ca27d5e0"}
,"D:\\dev\\reprMan\\apps\\client-web\\src\\components\\Header\\Controls\\Controls.tsx": {"path":"D:\\dev\\reprMan\\apps\\client-web\\src\\components\\Header\\Controls\\Controls.tsx","statementMap":{"0":{"start":{"line":16,"column":36},"end":{"line":82,"column":1}},"1":{"start":{"line":17,"column":16},"end":{"line":17,"column":25}},"2":{"start":{"line":18,"column":20},"end":{"line":18,"column":30}},"3":{"start":{"line":19,"column":21},"end":{"line":19,"column":36}},"4":{"start":{"line":21,"column":2},"end":{"line":23,"column":3}},"5":{"start":{"line":22,"column":4},"end":{"line":22,"column":15}},"6":{"start":{"line":25,"column":21},"end":{"line":25,"column":62}},"7":{"start":{"line":26,"column":18},"end":{"line":26,"column":52}},"8":{"start":{"line":27,"column":25},"end":{"line":27,"column":55}},"9":{"start":{"line":28,"column":24},"end":{"line":28,"column":55}},"10":{"start":{"line":30,"column":2},"end":{"line":81,"column":3}},"11":{"start":{"line":86,"column":25},"end":{"line":98,"column":4}},"12":{"start":{"line":87,"column":2},"end":{"line":98,"column":4}},"13":{"start":{"line":88,"column":30},"end":{"line":90,"column":42}},"14":{"start":{"line":92,"column":34},"end":{"line":92,"column":60}},"15":{"start":{"line":94,"column":6},"end":{"line":95,"column":57}},"16":{"start":{"line":97,"column":4},"end":{"line":97,"column":55}}},"fnMap":{"0":{"name":"(anonymous_0)","decl":{"start":{"line":16,"column":36},"end":{"line":16,"column":37}},"loc":{"start":{"line":16,"column":56},"end":{"line":82,"column":1}},"line":16},"1":{"name":"(anonymous_1)","decl":{"start":{"line":86,"column":25},"end":{"line":86,"column":26}},"loc":{"start":{"line":87,"column":2},"end":{"line":98,"column":4}},"line":87},"2":{"name":"(anonymous_2)","decl":{"start":{"line":87,"column":15},"end":{"line":87,"column":16}},"loc":{"start":{"line":87,"column":22},"end":{"line":98,"column":3}},"line":87}},"branchMap":{"0":{"loc":{"start":{"line":21,"column":2},"end":{"line":23,"column":3}},"type":"if","locations":[{"start":{"line":21,"column":2},"end":{"line":23,"column":3}},{"start":{},"end":{}}],"line":21},"1":{"loc":{"start":{"line":26,"column":18},"end":{"line":26,"column":52}},"type":"cond-expr","locations":[{"start":{"line":26,"column":35},"end":{"line":26,"column":39}},{"start":{"line":26,"column":42},"end":{"line":26,"column":52}}],"line":26},"2":{"loc":{"start":{"line":27,"column":25},"end":{"line":27,"column":55}},"type":"cond-expr","locations":[{"start":{"line":27,"column":38},"end":{"line":27,"column":50}},{"start":{"line":27,"column":53},"end":{"line":27,"column":55}}],"line":27},"3":{"loc":{"start":{"line":54,"column":11},"end":{"line":73,"column":11}},"type":"binary-expr","locations":[{"start":{"line":54,"column":11},"end":{"line":54,"column":27}},{"start":{"line":55,"column":12},"end":{"line":72,"column":20}}],"line":54},"4":{"loc":{"start":{"line":68,"column":31},"end":{"line":68,"column":67}},"type":"cond-expr","locations":[{"start":{"line":68,"column":48},"end":{"line":68,"column":56}},{"start":{"line":68,"column":59},"end":{"line":68,"column":67}}],"line":68},"5":{"loc":{"start":{"line":94,"column":6},"end":{"line":95,"column":57}},"type":"binary-expr","locations":[{"start":{"line":94,"column":6},"end":{"line":94,"column":28}},{"start":{"line":95,"column":6},"end":{"line":95,"column":57}}],"line":94},"6":{"loc":{"start":{"line":97,"column":11},"end":{"line":97,"column":55}},"type":"binary-expr","locations":[{"start":{"line":97,"column":11},"end":{"line":97,"column":28}},{"start":{"line":97,"column":32},"end":{"line":97,"column":55}}],"line":97}},"s":{"0":1,"1":1,"2":1,"3":1,"4":1,"5":1,"6":0,"7":0,"8":0,"9":0,"10":0,"11":1,"12":0,"13":0,"14":0,"15":0,"16":0},"f":{"0":1,"1":0,"2":0},"b":{"0":[1,0],"1":[0,0],"2":[0,0],"3":[0,0],"4":[0,0],"5":[0,0],"6":[0,0]},"_coverageSchema":"1a1c01bbd47fc00a2c39e90264f33305004495a9","hash":"d0dd68fa5385e59a80d81760acb5564a77786fdc"}
,"D:\\dev\\reprMan\\apps\\client-web\\src\\components\\Header\\Controls\\index.ts": {"path":"D:\\dev\\reprMan\\apps\\client-web\\src\\components\\Header\\Controls\\index.ts","statementMap":{},"fnMap":{},"branchMap":{},"s":{},"f":{},"b":{},"_coverageSchema":"1a1c01bbd47fc00a2c39e90264f33305004495a9","hash":"73b634c543c464e218860c9e8ed21de218748302"}
,"D:\\dev\\reprMan\\apps\\client-web\\src\\components\\Header\\Controls\\FilterForm\\Filter.form.tsx": {"path":"D:\\dev\\reprMan\\apps\\client-web\\src\\components\\Header\\Controls\\FilterForm\\Filter.form.tsx","statementMap":{"0":{"start":{"line":10,"column":19},"end":{"line":55,"column":1}},"1":{"start":{"line":11,"column":25},"end":{"line":11,"column":40}},"2":{"start":{"line":12,"column":21},"end":{"line":12,"column":36}},"3":{"start":{"line":14,"column":31},"end":{"line":27,"column":3}},"4":{"start":{"line":18,"column":26},"end":{"line":18,"column":51}},"5":{"start":{"line":19,"column":18},"end":{"line":19,"column":68}},"6":{"start":{"line":19,"column":53},"end":{"line":19,"column":67}},"7":{"start":{"line":20,"column":4},"end":{"line":24,"column":5}},"8":{"start":{"line":21,"column":6},"end":{"line":21,"column":34}},"9":{"start":{"line":23,"column":6},"end":{"line":23,"column":36}},"10":{"start":{"line":26,"column":4},"end":{"line":26,"column":62}},"11":{"start":{"line":29,"column":33},"end":{"line":38,"column":3}},"12":{"start":{"line":30,"column":4},"end":{"line":37,"column":6}},"13":{"start":{"line":36,"column":23},"end":{"line":36,"column":56}},"14":{"start":{"line":40,"column":2},"end":{"line":54,"column":3}},"15":{"start":{"line":47,"column":10},"end":{"line":47,"column":54}}},"fnMap":{"0":{"name":"(anonymous_0)","decl":{"start":{"line":10,"column":19},"end":{"line":10,"column":20}},"loc":{"start":{"line":10,"column":25},"end":{"line":55,"column":1}},"line":10},"1":{"name":"(anonymous_1)","decl":{"start":{"line":14,"column":31},"end":{"line":14,"column":32}},"loc":{"start":{"line":17,"column":7},"end":{"line":27,"column":3}},"line":17},"2":{"name":"(anonymous_2)","decl":{"start":{"line":19,"column":46},"end":{"line":19,"column":47}},"loc":{"start":{"line":19,"column":53},"end":{"line":19,"column":67}},"line":19},"3":{"name":"(anonymous_3)","decl":{"start":{"line":29,"column":33},"end":{"line":29,"column":34}},"loc":{"start":{"line":30,"column":4},"end":{"line":37,"column":6}},"line":30},"4":{"name":"(anonymous_4)","decl":{"start":{"line":36,"column":16},"end":{"line":36,"column":17}},"loc":{"start":{"line":36,"column":23},"end":{"line":36,"column":56}},"line":36},"5":{"name":"(anonymous_5)","decl":{"start":{"line":46,"column":18},"end":{"line":46,"column":19}},"loc":{"start":{"line":47,"column":10},"end":{"line":47,"column":54}},"line":47}},"branchMap":{"0":{"loc":{"start":{"line":20,"column":4},"end":{"line":24,"column":5}},"type":"if","locations":[{"start":{"line":20,"column":4},"end":{"line":24,"column":5}},{"start":{"line":22,"column":11},"end":{"line":24,"column":5}}],"line":20}},"s":{"0":1,"1":0,"2":0,"3":0,"4":0,"5":0,"6":0,"7":0,"8":0,"9":0,"10":0,"11":0,"12":0,"13":0,"14":0,"15":0},"f":{"0":0,"1":0,"2":0,"3":0,"4":0,"5":0},"b":{"0":[0,0]},"_coverageSchema":"1a1c01bbd47fc00a2c39e90264f33305004495a9","hash":"55fbfded056c898e3d3865bc9b2417862a084af7"}
,"D:\\dev\\reprMan\\apps\\client-web\\src\\components\\Header\\Controls\\FilterForm\\index.ts": {"path":"D:\\dev\\reprMan\\apps\\client-web\\src\\components\\Header\\Controls\\FilterForm\\index.ts","statementMap":{},"fnMap":{},"branchMap":{},"s":{},"f":{},"b":{},"_coverageSchema":"1a1c01bbd47fc00a2c39e90264f33305004495a9","hash":"5e0907ff73cecd2d78970fa83c760c7b3ddcdd64"}
,"D:\\dev\\reprMan\\apps\\client-web\\src\\components\\InfoButton\\InfoButton.tsx": {"path":"D:\\dev\\reprMan\\apps\\client-web\\src\\components\\InfoButton\\InfoButton.tsx","statementMap":{"0":{"start":{"line":12,"column":40},"end":{"line":27,"column":1}},"1":{"start":{"line":13,"column":2},"end":{"line":26,"column":4}},"2":{"start":{"line":16,"column":6},"end":{"line":24,"column":7}}},"fnMap":{"0":{"name":"(anonymous_0)","decl":{"start":{"line":12,"column":40},"end":{"line":12,"column":41}},"loc":{"start":{"line":13,"column":2},"end":{"line":26,"column":4}},"line":13},"1":{"name":"(anonymous_1)","decl":{"start":{"line":15,"column":13},"end":{"line":15,"column":14}},"loc":{"start":{"line":16,"column":6},"end":{"line":24,"column":7}},"line":16}},"branchMap":{},"s":{"0":1,"1":0,"2":0},"f":{"0":0,"1":0},"b":{},"_coverageSchema":"1a1c01bbd47fc00a2c39e90264f33305004495a9","hash":"c9e3aeee37b7a6b454261cd442111920a18529ad"}
,"D:\\dev\\reprMan\\apps\\client-web\\src\\components\\InfoButton\\index.ts": {"path":"D:\\dev\\reprMan\\apps\\client-web\\src\\components\\InfoButton\\index.ts","statementMap":{},"fnMap":{},"branchMap":{},"s":{},"f":{},"b":{},"_coverageSchema":"1a1c01bbd47fc00a2c39e90264f33305004495a9","hash":"3e3ff08e1b6a09b05c82c8ca3d2e007945b48cc1"}
,"D:\\dev\\reprMan\\apps\\client-web\\src\\components\\ReprButton\\ReprButton.tsx": {"path":"D:\\dev\\reprMan\\apps\\client-web\\src\\components\\ReprButton\\ReprButton.tsx","statementMap":{"0":{"start":{"line":23,"column":40},"end":{"line":57,"column":1}},"1":{"start":{"line":24,"column":16},"end":{"line":24,"column":25}},"2":{"start":{"line":26,"column":22},"end":{"line":42,"column":3}},"3":{"start":{"line":44,"column":19},"end":{"line":44,"column":36}},"4":{"start":{"line":45,"column":2},"end":{"line":56,"column":3}},"5":{"start":{"line":50,"column":8},"end":{"line":50,"column":27}},"6":{"start":{"line":51,"column":8},"end":{"line":51,"column":58}}},"fnMap":{"0":{"name":"(anonymous_0)","decl":{"start":{"line":23,"column":40},"end":{"line":23,"column":41}},"loc":{"start":{"line":23,"column":73},"end":{"line":57,"column":1}},"line":23},"1":{"name":"(anonymous_1)","decl":{"start":{"line":49,"column":15},"end":{"line":49,"column":16}},"loc":{"start":{"line":49,"column":22},"end":{"line":52,"column":7}},"line":49}},"branchMap":{},"s":{"0":1,"1":0,"2":0,"3":0,"4":0,"5":0,"6":0},"f":{"0":0,"1":0},"b":{},"_coverageSchema":"1a1c01bbd47fc00a2c39e90264f33305004495a9","hash":"9fb2531fbc6520aebfe146c9878ce95f47a91af8"}
,"D:\\dev\\reprMan\\apps\\client-web\\src\\components\\ReprButton\\index.ts": {"path":"D:\\dev\\reprMan\\apps\\client-web\\src\\components\\ReprButton\\index.ts","statementMap":{},"fnMap":{},"branchMap":{},"s":{},"f":{},"b":{},"_coverageSchema":"1a1c01bbd47fc00a2c39e90264f33305004495a9","hash":"fcc5134ed385bbbe95f08787816e1e43a394cd15"}
,"D:\\dev\\reprMan\\apps\\client-web\\src\\components\\ReprLine\\ReprLine.helpers.tsx": {"path":"D:\\dev\\reprMan\\apps\\client-web\\src\\components\\ReprLine\\ReprLine.helpers.tsx","statementMap":{"0":{"start":{"line":4,"column":25},"end":{"line":4,"column":30}},"1":{"start":{"line":8,"column":29},"end":{"line":8,"column":75}},"2":{"start":{"line":9,"column":29},"end":{"line":9,"column":75}},"3":{"start":{"line":10,"column":28},"end":{"line":10,"column":72}},"4":{"start":{"line":12,"column":29},"end":{"line":27,"column":1}},"5":{"start":{"line":16,"column":18},"end":{"line":16,"column":76}},"6":{"start":{"line":18,"column":2},"end":{"line":20,"column":3}},"7":{"start":{"line":19,"column":4},"end":{"line":19,"column":23}},"8":{"start":{"line":22,"column":2},"end":{"line":24,"column":3}},"9":{"start":{"line":23,"column":4},"end":{"line":23,"column":24}},"10":{"start":{"line":26,"column":2},"end":{"line":26,"column":22}}},"fnMap":{"0":{"name":"(anonymous_0)","decl":{"start":{"line":12,"column":29},"end":{"line":12,"column":30}},"loc":{"start":{"line":15,"column":16},"end":{"line":27,"column":1}},"line":15}},"branchMap":{"0":{"loc":{"start":{"line":18,"column":2},"end":{"line":20,"column":3}},"type":"if","locations":[{"start":{"line":18,"column":2},"end":{"line":20,"column":3}},{"start":{},"end":{}}],"line":18},"1":{"loc":{"start":{"line":22,"column":2},"end":{"line":24,"column":3}},"type":"if","locations":[{"start":{"line":22,"column":2},"end":{"line":24,"column":3}},{"start":{},"end":{}}],"line":22}},"s":{"0":2,"1":2,"2":2,"3":2,"4":2,"5":9,"6":9,"7":4,"8":5,"9":2,"10":3},"f":{"0":9},"b":{"0":[4,5],"1":[2,3]},"_coverageSchema":"1a1c01bbd47fc00a2c39e90264f33305004495a9","hash":"cffcfe559aa233283ce2a6a86c535128ab5a9151"}
,"D:\\dev\\reprMan\\apps\\client-web\\src\\components\\ReprLine\\ReprLine.tsx": {"path":"D:\\dev\\reprMan\\apps\\client-web\\src\\components\\ReprLine\\ReprLine.tsx","statementMap":{"0":{"start":{"line":18,"column":36},"end":{"line":75,"column":1}},"1":{"start":{"line":19,"column":16},"end":{"line":19,"column":25}},"2":{"start":{"line":20,"column":23},"end":{"line":20,"column":36}},"3":{"start":{"line":21,"column":61},"end":{"line":21,"column":65}},"4":{"start":{"line":22,"column":24},"end":{"line":22,"column":46}},"5":{"start":{"line":23,"column":21},"end":{"line":23,"column":59}},"6":{"start":{"line":24,"column":19},"end":{"line":24,"column":32}},"7":{"start":{"line":26,"column":2},"end":{"line":74,"column":3}},"8":{"start":{"line":30,"column":21},"end":{"line":30,"column":43}}},"fnMap":{"0":{"name":"(anonymous_0)","decl":{"start":{"line":18,"column":36},"end":{"line":18,"column":37}},"loc":{"start":{"line":18,"column":50},"end":{"line":75,"column":1}},"line":18},"1":{"name":"(anonymous_1)","decl":{"start":{"line":30,"column":15},"end":{"line":30,"column":16}},"loc":{"start":{"line":30,"column":21},"end":{"line":30,"column":43}},"line":30}},"branchMap":{"0":{"loc":{"start":{"line":22,"column":24},"end":{"line":22,"column":46}},"type":"binary-expr","locations":[{"start":{"line":22,"column":24},"end":{"line":22,"column":41}},{"start":{"line":22,"column":45},"end":{"line":22,"column":46}}],"line":22},"1":{"loc":{"start":{"line":39,"column":9},"end":{"line":46,"column":9}},"type":"binary-expr","locations":[{"start":{"line":39,"column":9},"end":{"line":39,"column":18}},{"start":{"line":40,"column":10},"end":{"line":45,"column":26}}],"line":39},"2":{"loc":{"start":{"line":49,"column":11},"end":{"line":49,"column":76}},"type":"cond-expr","locations":[{"start":{"line":49,"column":27},"end":{"line":49,"column":56}},{"start":{"line":49,"column":59},"end":{"line":49,"column":76}}],"line":49},"3":{"loc":{"start":{"line":53,"column":7},"end":{"line":61,"column":7}},"type":"binary-expr","locations":[{"start":{"line":53,"column":7},"end":{"line":53,"column":26}},{"start":{"line":54,"column":8},"end":{"line":60,"column":10}}],"line":53}},"s":{"0":1,"1":0,"2":0,"3":0,"4":0,"5":0,"6":0,"7":0,"8":0},"f":{"0":0,"1":0},"b":{"0":[0,0],"1":[0,0],"2":[0,0],"3":[0,0]},"_coverageSchema":"1a1c01bbd47fc00a2c39e90264f33305004495a9","hash":"fa6b3d95ef5bd85dfd144c988c1c67df30ccaea4"}
,"D:\\dev\\reprMan\\apps\\client-web\\src\\components\\ReprLine\\index.ts": {"path":"D:\\dev\\reprMan\\apps\\client-web\\src\\components\\ReprLine\\index.ts","statementMap":{},"fnMap":{},"branchMap":{},"s":{},"f":{},"b":{},"_coverageSchema":"1a1c01bbd47fc00a2c39e90264f33305004495a9","hash":"e17c25258433b545284be3049c3def4d7e817d85"}
,"D:\\dev\\reprMan\\apps\\client-web\\src\\components\\ReprsList\\ReprsList.tsx": {"path":"D:\\dev\\reprMan\\apps\\client-web\\src\\components\\ReprsList\\ReprsList.tsx","statementMap":{"0":{"start":{"line":5,"column":38},"end":{"line":13,"column":1}},"1":{"start":{"line":6,"column":19},"end":{"line":6,"column":33}},"2":{"start":{"line":8,"column":2},"end":{"line":12,"column":3}},"3":{"start":{"line":10,"column":36},"end":{"line":10,"column":64}}},"fnMap":{"0":{"name":"(anonymous_0)","decl":{"start":{"line":5,"column":38},"end":{"line":5,"column":39}},"loc":{"start":{"line":5,"column":53},"end":{"line":13,"column":1}},"line":5},"1":{"name":"(anonymous_1)","decl":{"start":{"line":10,"column":29},"end":{"line":10,"column":30}},"loc":{"start":{"line":10,"column":36},"end":{"line":10,"column":64}},"line":10}},"branchMap":{"0":{"loc":{"start":{"line":10,"column":7},"end":{"line":10,"column":65}},"type":"binary-expr","locations":[{"start":{"line":10,"column":7},"end":{"line":10,"column":15}},{"start":{"line":10,"column":19},"end":{"line":10,"column":65}}],"line":10}},"s":{"0":1,"1":0,"2":0,"3":0},"f":{"0":0,"1":0},"b":{"0":[0,0]},"_coverageSchema":"1a1c01bbd47fc00a2c39e90264f33305004495a9","hash":"d4003d30a62c2d4f1d81485cc65d00012e8f0b39"}
,"D:\\dev\\reprMan\\apps\\client-web\\src\\components\\ReprsList\\ReprsList.types.ts": {"path":"D:\\dev\\reprMan\\apps\\client-web\\src\\components\\ReprsList\\ReprsList.types.ts","statementMap":{},"fnMap":{},"branchMap":{},"s":{},"f":{},"b":{}}
,"D:\\dev\\reprMan\\apps\\client-web\\src\\components\\ReprsList\\index.ts": {"path":"D:\\dev\\reprMan\\apps\\client-web\\src\\components\\ReprsList\\index.ts","statementMap":{},"fnMap":{},"branchMap":{},"s":{},"f":{},"b":{},"_coverageSchema":"1a1c01bbd47fc00a2c39e90264f33305004495a9","hash":"db8ceed8ccd0805b16b46766dc40eb626a0f11e6"}
,"D:\\dev\\reprMan\\apps\\client-web\\src\\components\\ToastWrapper\\ToastWrapper.tsx": {"path":"D:\\dev\\reprMan\\apps\\client-web\\src\\components\\ToastWrapper\\ToastWrapper.tsx","statementMap":{"0":{"start":{"line":9,"column":21},"end":{"line":23,"column":1}},"1":{"start":{"line":10,"column":21},"end":{"line":10,"column":32}},"2":{"start":{"line":12,"column":2},"end":{"line":12,"column":37}},"3":{"start":{"line":12,"column":26},"end":{"line":12,"column":37}},"4":{"start":{"line":14,"column":2},"end":{"line":22,"column":3}},"5":{"start":{"line":27,"column":20},"end":{"line":59,"column":1}},"6":{"start":{"line":33,"column":27},"end":{"line":33,"column":53}},"7":{"start":{"line":34,"column":2},"end":{"line":58,"column":3}},"8":{"start":{"line":38,"column":21},"end":{"line":38,"column":54}},"9":{"start":{"line":61,"column":27},"end":{"line":66,"column":1}},"10":{"start":{"line":68,"column":28},"end":{"line":70,"column":63}},"11":{"start":{"line":70,"column":38},"end":{"line":70,"column":63}}},"fnMap":{"0":{"name":"(anonymous_0)","decl":{"start":{"line":9,"column":21},"end":{"line":9,"column":22}},"loc":{"start":{"line":9,"column":27},"end":{"line":23,"column":1}},"line":9},"1":{"name":"(anonymous_1)","decl":{"start":{"line":27,"column":20},"end":{"line":27,"column":21}},"loc":{"start":{"line":32,"column":17},"end":{"line":59,"column":1}},"line":32},"2":{"name":"(anonymous_2)","decl":{"start":{"line":38,"column":15},"end":{"line":38,"column":16}},"loc":{"start":{"line":38,"column":21},"end":{"line":38,"column":54}},"line":38},"3":{"name":"(anonymous_3)","decl":{"start":{"line":68,"column":28},"end":{"line":68,"column":29}},"loc":{"start":{"line":70,"column":38},"end":{"line":70,"column":63}},"line":70}},"branchMap":{"0":{"loc":{"start":{"line":12,"column":2},"end":{"line":12,"column":37}},"type":"if","locations":[{"start":{"line":12,"column":2},"end":{"line":12,"column":37}},{"start":{},"end":{}}],"line":12},"1":{"loc":{"start":{"line":29,"column":2},"end":{"line":29,"column":12}},"type":"default-arg","locations":[{"start":{"line":29,"column":10},"end":{"line":29,"column":12}}],"line":29},"2":{"loc":{"start":{"line":31,"column":2},"end":{"line":31,"column":25}},"type":"default-arg","locations":[{"start":{"line":31,"column":10},"end":{"line":31,"column":25}}],"line":31},"3":{"loc":{"start":{"line":69,"column":2},"end":{"line":69,"column":37}},"type":"default-arg","locations":[{"start":{"line":69,"column":22},"end":{"line":69,"column":37}}],"line":69}},"s":{"0":1,"1":1,"2":1,"3":0,"4":1,"5":1,"6":0,"7":0,"8":0,"9":1,"10":1,"11":0},"f":{"0":1,"1":0,"2":0,"3":0},"b":{"0":[0,1],"1":[0],"2":[0],"3":[0]},"_coverageSchema":"1a1c01bbd47fc00a2c39e90264f33305004495a9","hash":"f7b26e6f5c83efa1dc9197045ddbe0b5ce032281"}
,"D:\\dev\\reprMan\\apps\\client-web\\src\\components\\ToastWrapper\\index.ts": {"path":"D:\\dev\\reprMan\\apps\\client-web\\src\\components\\ToastWrapper\\index.ts","statementMap":{},"fnMap":{},"branchMap":{},"s":{},"f":{},"b":{},"_coverageSchema":"1a1c01bbd47fc00a2c39e90264f33305004495a9","hash":"615424fe9294297d546a28997310a45ab7176c66"}
,"D:\\dev\\reprMan\\apps\\client-web\\src\\config\\configureAmplify.ts": {"path":"D:\\dev\\reprMan\\apps\\client-web\\src\\config\\configureAmplify.ts","statementMap":{"0":{"start":{"line":3,"column":16},"end":{"line":3,"column":59}},"1":{"start":{"line":3,"column":43},"end":{"line":3,"column":59}},"2":{"start":{"line":4,"column":16},"end":{"line":9,"column":1}},"3":{"start":{"line":5,"column":12},"end":{"line":5,"column":22}},"4":{"start":{"line":6,"column":2},"end":{"line":6,"column":28}},"5":{"start":{"line":6,"column":10},"end":{"line":6,"column":28}},"6":{"start":{"line":7,"column":2},"end":{"line":7,"column":63}},"7":{"start":{"line":7,"column":21},"end":{"line":7,"column":63}},"8":{"start":{"line":8,"column":2},"end":{"line":8,"column":44}},"9":{"start":{"line":16,"column":19},"end":{"line":16,"column":70}},"10":{"start":{"line":17,"column":25},"end":{"line":19,"column":1}},"11":{"start":{"line":20,"column":23},"end":{"line":20,"column":78}},"12":{"start":{"line":22,"column":35},"end":{"line":22,"column":74}},"13":{"start":{"line":29,"column":2},"end":{"line":29,"column":55}},"14":{"start":{"line":35,"column":2},"end":{"line":35,"column":55}},"15":{"start":{"line":43,"column":2},"end":{"line":43,"column":69}},"16":{"start":{"line":49,"column":2},"end":{"line":52,"column":3}},"17":{"start":{"line":53,"column":2},"end":{"line":56,"column":3}},"18":{"start":{"line":57,"column":2},"end":{"line":60,"column":3}},"19":{"start":{"line":61,"column":2},"end":{"line":64,"column":3}},"20":{"start":{"line":66,"column":2},"end":{"line":70,"column":3}},"21":{"start":{"line":67,"column":4},"end":{"line":69,"column":5}},"22":{"start":{"line":72,"column":2},"end":{"line":74,"column":3}},"23":{"start":{"line":73,"column":4},"end":{"line":73,"column":10}},"24":{"start":{"line":76,"column":2},"end":{"line":88,"column":3}},"25":{"start":{"line":77,"column":4},"end":{"line":86,"column":6}},"26":{"start":{"line":87,"column":4},"end":{"line":87,"column":10}},"27":{"start":{"line":90,"column":2},"end":{"line":98,"column":4}}},"fnMap":{"0":{"name":"(anonymous_0)","decl":{"start":{"line":3,"column":16},"end":{"line":3,"column":17}},"loc":{"start":{"line":3,"column":43},"end":{"line":3,"column":59}},"line":3},"1":{"name":"(anonymous_1)","decl":{"start":{"line":4,"column":16},"end":{"line":4,"column":17}},"loc":{"start":{"line":4,"column":51},"end":{"line":9,"column":1}},"line":4},"2":{"name":"configureAmplify","decl":{"start":{"line":48,"column":16},"end":{"line":48,"column":32}},"loc":{"start":{"line":48,"column":41},"end":{"line":99,"column":1}},"line":48}},"branchMap":{"0":{"loc":{"start":{"line":3,"column":44},"end":{"line":3,"column":51}},"type":"binary-expr","locations":[{"start":{"line":3,"column":44},"end":{"line":3,"column":45}},{"start":{"line":3,"column":49},"end":{"line":3,"column":51}}],"line":3},"1":{"loc":{"start":{"line":6,"column":2},"end":{"line":6,"column":28}},"type":"if","locations":[{"start":{"line":6,"column":2},"end":{"line":6,"column":28}},{"start":{},"end":{}}],"line":6},"2":{"loc":{"start":{"line":7,"column":2},"end":{"line":7,"column":63}},"type":"if","locations":[{"start":{"line":7,"column":2},"end":{"line":7,"column":63}},{"start":{},"end":{}}],"line":7},"3":{"loc":{"start":{"line":22,"column":43},"end":{"line":22,"column":73}},"type":"binary-expr","locations":[{"start":{"line":22,"column":43},"end":{"line":22,"column":53}},{"start":{"line":22,"column":57},"end":{"line":22,"column":73}}],"line":22},"4":{"loc":{"start":{"line":43,"column":2},"end":{"line":43,"column":69}},"type":"binary-expr","locations":[{"start":{"line":43,"column":2},"end":{"line":43,"column":21}},{"start":{"line":43,"column":25},"end":{"line":43,"column":46}},{"start":{"line":43,"column":50},"end":{"line":43,"column":69}}],"line":43},"5":{"loc":{"start":{"line":66,"column":2},"end":{"line":70,"column":3}},"type":"if","locations":[{"start":{"line":66,"column":2},"end":{"line":70,"column":3}},{"start":{},"end":{}}],"line":66},"6":{"loc":{"start":{"line":72,"column":2},"end":{"line":74,"column":3}},"type":"if","locations":[{"start":{"line":72,"column":2},"end":{"line":74,"column":3}},{"start":{},"end":{}}],"line":72},"7":{"loc":{"start":{"line":76,"column":2},"end":{"line":88,"column":3}},"type":"if","locations":[{"start":{"line":76,"column":2},"end":{"line":88,"column":3}},{"start":{},"end":{}}],"line":76}},"s":{"0":1,"1":3,"2":1,"3":0,"4":0,"5":0,"6":0,"7":0,"8":0,"9":1,"10":1,"11":1,"12":1,"13":1,"14":1,"15":1,"16":0,"17":0,"18":0,"19":0,"20":0,"21":0,"22":0,"23":0,"24":0,"25":0,"26":0,"27":0},"f":{"0":3,"1":0,"2":0},"b":{"0":[3,1],"1":[0,0],"2":[0,0],"3":[1,1],"4":[1,0,0],"5":[0,0],"6":[0,0],"7":[0,0]},"_coverageSchema":"1a1c01bbd47fc00a2c39e90264f33305004495a9","hash":"1a892ff03b9b4acc9ebb531e3d4b7f54c310c58b"}
,"D:\\dev\\reprMan\\apps\\client-web\\src\\constants\\index.ts": {"path":"D:\\dev\\reprMan\\apps\\client-web\\src\\constants\\index.ts","statementMap":{"0":{"start":{"line":1,"column":30},"end":{"line":1,"column":32}},"1":{"start":{"line":3,"column":36},"end":{"line":3,"column":38}},"2":{"start":{"line":4,"column":40},"end":{"line":4,"column":41}},"3":{"start":{"line":5,"column":40},"end":{"line":5,"column":43}},"4":{"start":{"line":7,"column":37},"end":{"line":7,"column":40}},"5":{"start":{"line":9,"column":35},"end":{"line":9,"column":38}},"6":{"start":{"line":11,"column":24},"end":{"line":11,"column":52}},"7":{"start":{"line":13,"column":30},"end":{"line":13,"column":36}}},"fnMap":{},"branchMap":{},"s":{"0":4,"1":4,"2":4,"3":4,"4":4,"5":4,"6":4,"7":4},"f":{},"b":{},"_coverageSchema":"1a1c01bbd47fc00a2c39e90264f33305004495a9","hash":"1743cc4c7dff0766b44b8b53b895563b6092f972"}
,"D:\\dev\\reprMan\\apps\\client-web\\src\\modals\\Confirmation\\Confirmation.helpers.ts": {"path":"D:\\dev\\reprMan\\apps\\client-web\\src\\modals\\Confirmation\\Confirmation.helpers.ts","statementMap":{"0":{"start":{"line":10,"column":2},"end":{"line":18,"column":3}},"1":{"start":{"line":20,"column":36},"end":{"line":23,"column":4}},"2":{"start":{"line":25,"column":2},"end":{"line":25,"column":75}}},"fnMap":{"0":{"name":"callConfirmation","decl":{"start":{"line":9,"column":17},"end":{"line":9,"column":33}},"loc":{"start":{"line":9,"column":51},"end":{"line":26,"column":1}},"line":9}},"branchMap":{"0":{"loc":{"start":{"line":25,"column":9},"end":{"line":25,"column":75}},"type":"binary-expr","locations":[{"start":{"line":25,"column":9},"end":{"line":25,"column":60}},{"start":{"line":25,"column":64},"end":{"line":25,"column":75}}],"line":25}},"s":{"0":0,"1":0,"2":0},"f":{"0":0},"b":{"0":[0,0]},"_coverageSchema":"1a1c01bbd47fc00a2c39e90264f33305004495a9","hash":"1fd25f8eac77c1999f89607453dddbd166c50698"}
,"D:\\dev\\reprMan\\apps\\client-web\\src\\modals\\Confirmation\\Confirmation.tsx": {"path":"D:\\dev\\reprMan\\apps\\client-web\\src\\modals\\Confirmation\\Confirmation.tsx","statementMap":{"0":{"start":{"line":13,"column":44},"end":{"line":45,"column":1}},"1":{"start":{"line":14,"column":16},"end":{"line":14,"column":25}},"2":{"start":{"line":15,"column":2},"end":{"line":44,"column":3}},"3":{"start":{"line":26,"column":12},"end":{"line":26,"column":67}},"4":{"start":{"line":27,"column":12},"end":{"line":27,"column":24}},"5":{"start":{"line":36,"column":12},"end":{"line":36,"column":66}},"6":{"start":{"line":37,"column":12},"end":{"line":37,"column":24}}},"fnMap":{"0":{"name":"(anonymous_0)","decl":{"start":{"line":13,"column":44},"end":{"line":13,"column":45}},"loc":{"start":{"line":13,"column":77},"end":{"line":45,"column":1}},"line":13},"1":{"name":"(anonymous_1)","decl":{"start":{"line":25,"column":19},"end":{"line":25,"column":20}},"loc":{"start":{"line":25,"column":25},"end":{"line":28,"column":11}},"line":25},"2":{"name":"(anonymous_2)","decl":{"start":{"line":35,"column":19},"end":{"line":35,"column":20}},"loc":{"start":{"line":35,"column":25},"end":{"line":38,"column":11}},"line":35}},"branchMap":{},"s":{"0":4,"1":0,"2":0,"3":0,"4":0,"5":0,"6":0},"f":{"0":0,"1":0,"2":0},"b":{},"_coverageSchema":"1a1c01bbd47fc00a2c39e90264f33305004495a9","hash":"b5692d32d3d49d8e47fc4219baffe674260c65d9"}
,"D:\\dev\\reprMan\\apps\\client-web\\src\\modals\\Confirmation\\index.ts": {"path":"D:\\dev\\reprMan\\apps\\client-web\\src\\modals\\Confirmation\\index.ts","statementMap":{},"fnMap":{},"branchMap":{},"s":{},"f":{},"b":{},"_coverageSchema":"1a1c01bbd47fc00a2c39e90264f33305004495a9","hash":"35e3a96b1680a83934afdf1717dfea75643b19e5"}
,"D:\\dev\\reprMan\\apps\\client-web\\src\\modals\\EditRepr\\EditRepr.helpers.ts": {"path":"D:\\dev\\reprMan\\apps\\client-web\\src\\modals\\EditRepr\\EditRepr.helpers.ts","statementMap":{"0":{"start":{"line":11,"column":30},"end":{"line":56,"column":1}},"1":{"start":{"line":20,"column":44},"end":{"line":20,"column":48}},"2":{"start":{"line":21,"column":20},"end":{"line":21,"column":40}},"3":{"start":{"line":23,"column":2},"end":{"line":23,"column":57}},"4":{"start":{"line":23,"column":14},"end":{"line":23,"column":57}},"5":{"start":{"line":24,"column":2},"end":{"line":25,"column":66}},"6":{"start":{"line":25,"column":4},"end":{"line":25,"column":66}},"7":{"start":{"line":27,"column":34},"end":{"line":29,"column":3}},"8":{"start":{"line":28,"column":11},"end":{"line":28,"column":32}},"9":{"start":{"line":31,"column":2},"end":{"line":35,"column":5}},"10":{"start":{"line":32,"column":4},"end":{"line":35,"column":5}},"11":{"start":{"line":37,"column":2},"end":{"line":41,"column":5}},"12":{"start":{"line":38,"column":4},"end":{"line":41,"column":5}},"13":{"start":{"line":43,"column":2},"end":{"line":47,"column":5}},"14":{"start":{"line":44,"column":4},"end":{"line":47,"column":5}},"15":{"start":{"line":49,"column":2},"end":{"line":53,"column":5}},"16":{"start":{"line":50,"column":4},"end":{"line":53,"column":5}},"17":{"start":{"line":55,"column":2},"end":{"line":55,"column":18}},"18":{"start":{"line":58,"column":20},"end":{"line":59,"column":43}},"19":{"start":{"line":59,"column":2},"end":{"line":59,"column":43}},"20":{"start":{"line":61,"column":30},"end":{"line":65,"column":57}},"21":{"start":{"line":65,"column":5},"end":{"line":65,"column":57}},"22":{"start":{"line":65,"column":44},"end":{"line":65,"column":55}},"23":{"start":{"line":67,"column":27},"end":{"line":82,"column":1}},"24":{"start":{"line":75,"column":22},"end":{"line":75,"column":75}},"25":{"start":{"line":76,"column":2},"end":{"line":76,"column":24}},"26":{"start":{"line":78,"column":2},"end":{"line":78,"column":59}},"27":{"start":{"line":78,"column":53},"end":{"line":78,"column":59}},"28":{"start":{"line":80,"column":2},"end":{"line":80,"column":49}},"29":{"start":{"line":81,"column":2},"end":{"line":81,"column":24}},"30":{"start":{"line":84,"column":31},"end":{"line":94,"column":1}},"31":{"start":{"line":89,"column":16},"end":{"line":89,"column":59}},"32":{"start":{"line":89,"column":44},"end":{"line":89,"column":58}},"33":{"start":{"line":91,"column":2},"end":{"line":91,"column":26}},"34":{"start":{"line":91,"column":20},"end":{"line":91,"column":26}},"35":{"start":{"line":93,"column":2},"end":{"line":93,"column":42}}},"fnMap":{"0":{"name":"(anonymous_0)","decl":{"start":{"line":11,"column":30},"end":{"line":11,"column":31}},"loc":{"start":{"line":19,"column":6},"end":{"line":56,"column":1}},"line":19},"1":{"name":"(anonymous_1)","decl":{"start":{"line":28,"column":4},"end":{"line":28,"column":5}},"loc":{"start":{"line":28,"column":11},"end":{"line":28,"column":32}},"line":28},"2":{"name":"(anonymous_2)","decl":{"start":{"line":58,"column":20},"end":{"line":58,"column":21}},"loc":{"start":{"line":59,"column":2},"end":{"line":59,"column":43}},"line":59},"3":{"name":"(anonymous_3)","decl":{"start":{"line":61,"column":30},"end":{"line":61,"column":31}},"loc":{"start":{"line":65,"column":5},"end":{"line":65,"column":57}},"line":65},"4":{"name":"(anonymous_4)","decl":{"start":{"line":65,"column":37},"end":{"line":65,"column":38}},"loc":{"start":{"line":65,"column":44},"end":{"line":65,"column":55}},"line":65},"5":{"name":"(anonymous_5)","decl":{"start":{"line":67,"column":27},"end":{"line":67,"column":28}},"loc":{"start":{"line":74,"column":6},"end":{"line":82,"column":1}},"line":74},"6":{"name":"(anonymous_6)","decl":{"start":{"line":84,"column":31},"end":{"line":84,"column":32}},"loc":{"start":{"line":88,"column":5},"end":{"line":94,"column":1}},"line":88},"7":{"name":"(anonymous_7)","decl":{"start":{"line":89,"column":37},"end":{"line":89,"column":38}},"loc":{"start":{"line":89,"column":44},"end":{"line":89,"column":58}},"line":89}},"branchMap":{"0":{"loc":{"start":{"line":23,"column":2},"end":{"line":23,"column":57}},"type":"if","locations":[{"start":{"line":23,"column":2},"end":{"line":23,"column":57}},{"start":{},"end":{}}],"line":23},"1":{"loc":{"start":{"line":24,"column":2},"end":{"line":25,"column":66}},"type":"if","locations":[{"start":{"line":24,"column":2},"end":{"line":25,"column":66}},{"start":{},"end":{}}],"line":24},"2":{"loc":{"start":{"line":31,"column":2},"end":{"line":35,"column":5}},"type":"if","locations":[{"start":{"line":31,"column":2},"end":{"line":35,"column":5}},{"start":{},"end":{}}],"line":31},"3":{"loc":{"start":{"line":37,"column":2},"end":{"line":41,"column":5}},"type":"if","locations":[{"start":{"line":37,"column":2},"end":{"line":41,"column":5}},{"start":{},"end":{}}],"line":37},"4":{"loc":{"start":{"line":43,"column":2},"end":{"line":47,"column":5}},"type":"if","locations":[{"start":{"line":43,"column":2},"end":{"line":47,"column":5}},{"start":{},"end":{}}],"line":43},"5":{"loc":{"start":{"line":49,"column":2},"end":{"line":53,"column":5}},"type":"if","locations":[{"start":{"line":49,"column":2},"end":{"line":53,"column":5}},{"start":{},"end":{}}],"line":49},"6":{"loc":{"start":{"line":59,"column":2},"end":{"line":59,"column":43}},"type":"cond-expr","locations":[{"start":{"line":59,"column":18},"end":{"line":59,"column":32}},{"start":{"line":59,"column":35},"end":{"line":59,"column":43}}],"line":59},"7":{"loc":{"start":{"line":78,"column":2},"end":{"line":78,"column":59}},"type":"if","locations":[{"start":{"line":78,"column":2},"end":{"line":78,"column":59}},{"start":{},"end":{}}],"line":78},"8":{"loc":{"start":{"line":78,"column":6},"end":{"line":78,"column":51}},"type":"binary-expr","locations":[{"start":{"line":78,"column":6},"end":{"line":78,"column":31}},{"start":{"line":78,"column":35},"end":{"line":78,"column":51}}],"line":78},"9":{"loc":{"start":{"line":91,"column":2},"end":{"line":91,"column":26}},"type":"if","locations":[{"start":{"line":91,"column":2},"end":{"line":91,"column":26}},{"start":{},"end":{}}],"line":91}},"s":{"0":1,"1":0,"2":0,"3":0,"4":0,"5":0,"6":0,"7":0,"8":0,"9":0,"10":0,"11":0,"12":0,"13":0,"14":0,"15":0,"16":0,"17":0,"18":1,"19":0,"20":1,"21":0,"22":0,"23":1,"24":0,"25":0,"26":0,"27":0,"28":0,"29":0,"30":1,"31":0,"32":0,"33":0,"34":0,"35":0},"f":{"0":0,"1":0,"2":0,"3":0,"4":0,"5":0,"6":0,"7":0},"b":{"0":[0,0],"1":[0,0],"2":[0,0],"3":[0,0],"4":[0,0],"5":[0,0],"6":[0,0],"7":[0,0],"8":[0,0],"9":[0,0]},"_coverageSchema":"1a1c01bbd47fc00a2c39e90264f33305004495a9","hash":"2a7024368ae41f16c89f2edd31d686db5c828161"}
,"D:\\dev\\reprMan\\apps\\client-web\\src\\modals\\EditRepr\\EditRepr.tsx": {"path":"D:\\dev\\reprMan\\apps\\client-web\\src\\modals\\EditRepr\\EditRepr.tsx","statementMap":{"0":{"start":{"line":28,"column":36},"end":{"line":281,"column":1}},"1":{"start":{"line":29,"column":16},"end":{"line":29,"column":25}},"2":{"start":{"line":30,"column":46},"end":{"line":30,"column":61}},"3":{"start":{"line":31,"column":48},"end":{"line":31,"column":60}},"4":{"start":{"line":32,"column":29},"end":{"line":32,"column":39}},"5":{"start":{"line":33,"column":15},"end":{"line":33,"column":26}},"6":{"start":{"line":34,"column":23},"end":{"line":34,"column":26}},"7":{"start":{"line":35,"column":28},"end":{"line":35,"column":49}},"8":{"start":{"line":36,"column":23},"end":{"line":36,"column":39}},"9":{"start":{"line":37,"column":25},"end":{"line":37,"column":43}},"10":{"start":{"line":38,"column":38},"end":{"line":38,"column":75}},"11":{"start":{"line":40,"column":26},"end":{"line":44,"column":4}},"12":{"start":{"line":45,"column":30},"end":{"line":45,"column":58}},"13":{"start":{"line":47,"column":23},"end":{"line":47,"column":45}},"14":{"start":{"line":49,"column":4},"end":{"line":50,"column":79}},"15":{"start":{"line":50,"column":41},"end":{"line":50,"column":78}},"16":{"start":{"line":52,"column":4},"end":{"line":54,"column":19}},"17":{"start":{"line":55,"column":22},"end":{"line":55,"column":66}},"18":{"start":{"line":57,"column":19},"end":{"line":62,"column":3}},"19":{"start":{"line":58,"column":4},"end":{"line":61,"column":6}},"20":{"start":{"line":64,"column":31},"end":{"line":64,"column":77}},"21":{"start":{"line":66,"column":2},"end":{"line":77,"column":3}},"22":{"start":{"line":67,"column":4},"end":{"line":76,"column":5}},"23":{"start":{"line":79,"column":2},"end":{"line":280,"column":3}},"24":{"start":{"line":99,"column":51},"end":{"line":99,"column":75}},"25":{"start":{"line":127,"column":18},"end":{"line":133,"column":20}},"26":{"start":{"line":131,"column":22},"end":{"line":131,"column":70}},"27":{"start":{"line":153,"column":22},"end":{"line":153,"column":74}},"28":{"start":{"line":179,"column":20},"end":{"line":179,"column":45}},"29":{"start":{"line":182,"column":20},"end":{"line":191,"column":21}},"30":{"start":{"line":183,"column":22},"end":{"line":190,"column":24}},"31":{"start":{"line":200,"column":20},"end":{"line":207,"column":22}},"32":{"start":{"line":231,"column":51},"end":{"line":231,"column":77}},"33":{"start":{"line":254,"column":32},"end":{"line":258,"column":14}},"34":{"start":{"line":260,"column":12},"end":{"line":273,"column":13}},"35":{"start":{"line":261,"column":14},"end":{"line":261,"column":36}},"36":{"start":{"line":263,"column":31},"end":{"line":270,"column":23}},"37":{"start":{"line":271,"column":14},"end":{"line":271,"column":50}},"38":{"start":{"line":272,"column":14},"end":{"line":272,"column":26}}},"fnMap":{"0":{"name":"(anonymous_0)","decl":{"start":{"line":28,"column":36},"end":{"line":28,"column":37}},"loc":{"start":{"line":28,"column":60},"end":{"line":281,"column":1}},"line":28},"1":{"name":"(anonymous_1)","decl":{"start":{"line":50,"column":20},"end":{"line":50,"column":21}},"loc":{"start":{"line":50,"column":41},"end":{"line":50,"column":78}},"line":50},"2":{"name":"(anonymous_2)","decl":{"start":{"line":57,"column":19},"end":{"line":57,"column":20}},"loc":{"start":{"line":57,"column":53},"end":{"line":62,"column":3}},"line":57},"3":{"name":"(anonymous_3)","decl":{"start":{"line":99,"column":24},"end":{"line":99,"column":25}},"loc":{"start":{"line":99,"column":51},"end":{"line":99,"column":75}},"line":99},"4":{"name":"(anonymous_4)","decl":{"start":{"line":126,"column":31},"end":{"line":126,"column":32}},"loc":{"start":{"line":127,"column":18},"end":{"line":133,"column":20}},"line":127},"5":{"name":"(anonymous_5)","decl":{"start":{"line":130,"column":36},"end":{"line":130,"column":37}},"loc":{"start":{"line":131,"column":22},"end":{"line":131,"column":70}},"line":131},"6":{"name":"(anonymous_6)","decl":{"start":{"line":152,"column":29},"end":{"line":152,"column":30}},"loc":{"start":{"line":153,"column":22},"end":{"line":153,"column":74}},"line":153},"7":{"name":"(anonymous_7)","decl":{"start":{"line":178,"column":28},"end":{"line":178,"column":29}},"loc":{"start":{"line":179,"column":20},"end":{"line":179,"column":45}},"line":179},"8":{"name":"(anonymous_8)","decl":{"start":{"line":181,"column":30},"end":{"line":181,"column":31}},"loc":{"start":{"line":181,"column":43},"end":{"line":192,"column":19}},"line":181},"9":{"name":"(anonymous_9)","decl":{"start":{"line":199,"column":27},"end":{"line":199,"column":28}},"loc":{"start":{"line":200,"column":20},"end":{"line":207,"column":22}},"line":200},"10":{"name":"(anonymous_10)","decl":{"start":{"line":231,"column":24},"end":{"line":231,"column":25}},"loc":{"start":{"line":231,"column":51},"end":{"line":231,"column":77}},"line":231},"11":{"name":"(anonymous_11)","decl":{"start":{"line":253,"column":19},"end":{"line":253,"column":20}},"loc":{"start":{"line":253,"column":25},"end":{"line":274,"column":11}},"line":253}},"branchMap":{"0":{"loc":{"start":{"line":35,"column":28},"end":{"line":35,"column":49}},"type":"binary-expr","locations":[{"start":{"line":35,"column":28},"end":{"line":35,"column":43}},{"start":{"line":35,"column":47},"end":{"line":35,"column":49}}],"line":35},"1":{"loc":{"start":{"line":36,"column":23},"end":{"line":36,"column":39}},"type":"binary-expr","locations":[{"start":{"line":36,"column":23},"end":{"line":36,"column":33}},{"start":{"line":36,"column":37},"end":{"line":36,"column":39}}],"line":36},"2":{"loc":{"start":{"line":37,"column":25},"end":{"line":37,"column":43}},"type":"binary-expr","locations":[{"start":{"line":37,"column":25},"end":{"line":37,"column":37}},{"start":{"line":37,"column":41},"end":{"line":37,"column":43}}],"line":37},"3":{"loc":{"start":{"line":49,"column":4},"end":{"line":50,"column":79}},"type":"binary-expr","locations":[{"start":{"line":49,"column":4},"end":{"line":49,"column":50}},{"start":{"line":50,"column":4},"end":{"line":50,"column":79}}],"line":49},"4":{"loc":{"start":{"line":52,"column":4},"end":{"line":54,"column":19}},"type":"binary-expr","locations":[{"start":{"line":52,"column":4},"end":{"line":52,"column":31}},{"start":{"line":53,"column":4},"end":{"line":53,"column":35}},{"start":{"line":54,"column":4},"end":{"line":54,"column":19}}],"line":52},"5":{"loc":{"start":{"line":55,"column":22},"end":{"line":55,"column":66}},"type":"binary-expr","locations":[{"start":{"line":55,"column":22},"end":{"line":55,"column":35}},{"start":{"line":55,"column":40},"end":{"line":55,"column":53}},{"start":{"line":55,"column":57},"end":{"line":55,"column":65}}],"line":55},"6":{"loc":{"start":{"line":66,"column":2},"end":{"line":77,"column":3}},"type":"if","locations":[{"start":{"line":66,"column":2},"end":{"line":77,"column":3}},{"start":{},"end":{}}],"line":66},"7":{"loc":{"start":{"line":83,"column":11},"end":{"line":85,"column":40}},"type":"cond-expr","locations":[{"start":{"line":84,"column":14},"end":{"line":84,"column":46}},{"start":{"line":85,"column":14},"end":{"line":85,"column":40}}],"line":83},"8":{"loc":{"start":{"line":125,"column":15},"end":{"line":142,"column":15}},"type":"cond-expr","locations":[{"start":{"line":126,"column":16},"end":{"line":134,"column":18}},{"start":{"line":136,"column":16},"end":{"line":141,"column":28}}],"line":125},"9":{"loc":{"start":{"line":144,"column":15},"end":{"line":157,"column":15}},"type":"binary-expr","locations":[{"start":{"line":144,"column":15},"end":{"line":144,"column":44}},{"start":{"line":145,"column":16},"end":{"line":156,"column":19}}],"line":144},"10":{"loc":{"start":{"line":176,"column":28},"end":{"line":176,"column":72}},"type":"cond-expr","locations":[{"start":{"line":176,"column":51},"end":{"line":176,"column":67}},{"start":{"line":176,"column":70},"end":{"line":176,"column":72}}],"line":176},"11":{"loc":{"start":{"line":182,"column":20},"end":{"line":191,"column":21}},"type":"if","locations":[{"start":{"line":182,"column":20},"end":{"line":191,"column":21}},{"start":{},"end":{}}],"line":182},"12":{"loc":{"start":{"line":213,"column":15},"end":{"line":217,"column":15}},"type":"binary-expr","locations":[{"start":{"line":213,"column":15},"end":{"line":213,"column":37}},{"start":{"line":214,"column":16},"end":{"line":216,"column":20}}],"line":213},"13":{"loc":{"start":{"line":260,"column":12},"end":{"line":273,"column":13}},"type":"if","locations":[{"start":{"line":260,"column":12},"end":{"line":273,"column":13}},{"start":{"line":262,"column":19},"end":{"line":273,"column":13}}],"line":260},"14":{"loc":{"start":{"line":264,"column":20},"end":{"line":264,"column":33}},"type":"binary-expr","locations":[{"start":{"line":264,"column":20},"end":{"line":264,"column":27}},{"start":{"line":264,"column":31},"end":{"line":264,"column":33}}],"line":264},"15":{"loc":{"start":{"line":267,"column":29},"end":{"line":267,"column":52}},"type":"binary-expr","locations":[{"start":{"line":267,"column":29},"end":{"line":267,"column":45}},{"start":{"line":267,"column":49},"end":{"line":267,"column":52}}],"line":267},"16":{"loc":{"start":{"line":268,"column":32},"end":{"line":268,"column":71}},"type":"binary-expr","locations":[{"start":{"line":268,"column":32},"end":{"line":268,"column":51}},{"start":{"line":268,"column":56},"end":{"line":268,"column":70}}],"line":268}},"s":{"0":1,"1":0,"2":0,"3":0,"4":0,"5":0,"6":0,"7":0,"8":0,"9":0,"10":0,"11":0,"12":0,"13":0,"14":0,"15":0,"16":0,"17":0,"18":0,"19":0,"20":0,"21":0,"22":0,"23":0,"24":0,"25":0,"26":0,"27":0,"28":0,"29":0,"30":0,"31":0,"32":0,"33":0,"34":0,"35":0,"36":0,"37":0,"38":0},"f":{"0":0,"1":0,"2":0,"3":0,"4":0,"5":0,"6":0,"7":0,"8":0,"9":0,"10":0,"11":0},"b":{"0":[0,0],"1":[0,0],"2":[0,0],"3":[0,0],"4":[0,0,0],"5":[0,0,0],"6":[0,0],"7":[0,0],"8":[0,0],"9":[0,0],"10":[0,0],"11":[0,0],"12":[0,0],"13":[0,0],"14":[0,0],"15":[0,0],"16":[0,0]},"_coverageSchema":"1a1c01bbd47fc00a2c39e90264f33305004495a9","hash":"effc0cee19fbcf971029c8c34aeab9b90f318491"}
,"D:\\dev\\reprMan\\apps\\client-web\\src\\modals\\EditRepr\\index.ts": {"path":"D:\\dev\\reprMan\\apps\\client-web\\src\\modals\\EditRepr\\index.ts","statementMap":{},"fnMap":{},"branchMap":{},"s":{},"f":{},"b":{},"_coverageSchema":"1a1c01bbd47fc00a2c39e90264f33305004495a9","hash":"e6e17aee4418c1c3dc0fbe5698e474d92618f098"}
,"D:\\dev\\reprMan\\apps\\client-web\\src\\modals\\EditRepr\\CategoryLine\\CategoryLine.tsx": {"path":"D:\\dev\\reprMan\\apps\\client-web\\src\\modals\\EditRepr\\CategoryLine\\CategoryLine.tsx","statementMap":{"0":{"start":{"line":9,"column":44},"end":{"line":33,"column":1}},"1":{"start":{"line":10,"column":2},"end":{"line":32,"column":3}},"2":{"start":{"line":27,"column":23},"end":{"line":27,"column":47}}},"fnMap":{"0":{"name":"(anonymous_0)","decl":{"start":{"line":9,"column":44},"end":{"line":9,"column":45}},"loc":{"start":{"line":9,"column":78},"end":{"line":33,"column":1}},"line":9},"1":{"name":"(anonymous_1)","decl":{"start":{"line":27,"column":17},"end":{"line":27,"column":18}},"loc":{"start":{"line":27,"column":23},"end":{"line":27,"column":47}},"line":27}},"branchMap":{},"s":{"0":1,"1":0,"2":0},"f":{"0":0,"1":0},"b":{},"_coverageSchema":"1a1c01bbd47fc00a2c39e90264f33305004495a9","hash":"2e1f088d51a01314c6e9741ec7a1b8b5feebac85"}
,"D:\\dev\\reprMan\\apps\\client-web\\src\\modals\\EditRepr\\CategoryLine\\index.ts": {"path":"D:\\dev\\reprMan\\apps\\client-web\\src\\modals\\EditRepr\\CategoryLine\\index.ts","statementMap":{},"fnMap":{},"branchMap":{},"s":{},"f":{},"b":{},"_coverageSchema":"1a1c01bbd47fc00a2c39e90264f33305004495a9","hash":"e6258a6a13417878073f8d43e5fcaaa3507aff40"}
,"D:\\dev\\reprMan\\apps\\client-web\\src\\modals\\Info\\Info.tsx": {"path":"D:\\dev\\reprMan\\apps\\client-web\\src\\modals\\Info\\Info.tsx","statementMap":{"0":{"start":{"line":9,"column":28},"end":{"line":33,"column":1}},"1":{"start":{"line":10,"column":2},"end":{"line":32,"column":3}},"2":{"start":{"line":17,"column":27},"end":{"line":17,"column":43}},"3":{"start":{"line":18,"column":24},"end":{"line":22,"column":11}},"4":{"start":{"line":23,"column":10},"end":{"line":28,"column":11}}},"fnMap":{"0":{"name":"(anonymous_0)","decl":{"start":{"line":9,"column":28},"end":{"line":9,"column":29}},"loc":{"start":{"line":9,"column":49},"end":{"line":33,"column":1}},"line":9},"1":{"name":"(anonymous_1)","decl":{"start":{"line":16,"column":18},"end":{"line":16,"column":19}},"loc":{"start":{"line":16,"column":46},"end":{"line":29,"column":9}},"line":16}},"branchMap":{"0":{"loc":{"start":{"line":19,"column":20},"end":{"line":19,"column":43}},"type":"cond-expr","locations":[{"start":{"line":19,"column":31},"end":{"line":19,"column":39}},{"start":{"line":19,"column":42},"end":{"line":19,"column":43}}],"line":19},"1":{"loc":{"start":{"line":20,"column":24},"end":{"line":20,"column":52}},"type":"cond-expr","locations":[{"start":{"line":20,"column":35},"end":{"line":20,"column":41}},{"start":{"line":20,"column":44},"end":{"line":20,"column":52}}],"line":20},"2":{"loc":{"start":{"line":21,"column":23},"end":{"line":21,"column":53}},"type":"cond-expr","locations":[{"start":{"line":21,"column":34},"end":{"line":21,"column":42}},{"start":{"line":21,"column":45},"end":{"line":21,"column":53}}],"line":21}},"s":{"0":1,"1":0,"2":0,"3":0,"4":0},"f":{"0":0,"1":0},"b":{"0":[0,0],"1":[0,0],"2":[0,0]},"_coverageSchema":"1a1c01bbd47fc00a2c39e90264f33305004495a9","hash":"2350492f6277a034899183dd7309b4da74fe405a"}
,"D:\\dev\\reprMan\\apps\\client-web\\src\\modals\\Info\\index.ts": {"path":"D:\\dev\\reprMan\\apps\\client-web\\src\\modals\\Info\\index.ts","statementMap":{},"fnMap":{},"branchMap":{},"s":{},"f":{},"b":{}}
,"D:\\dev\\reprMan\\apps\\client-web\\src\\modals\\ModalContainer\\ModalContainer.tsx": {"path":"D:\\dev\\reprMan\\apps\\client-web\\src\\modals\\ModalContainer\\ModalContainer.tsx","statementMap":{"0":{"start":{"line":12,"column":23},"end":{"line":43,"column":1}},"1":{"start":{"line":13,"column":31},"end":{"line":13,"column":41}},"2":{"start":{"line":14,"column":21},"end":{"line":14,"column":55}},"3":{"start":{"line":14,"column":27},"end":{"line":14,"column":55}},"4":{"start":{"line":16,"column":2},"end":{"line":42,"column":3}}},"fnMap":{"0":{"name":"(anonymous_0)","decl":{"start":{"line":12,"column":23},"end":{"line":12,"column":24}},"loc":{"start":{"line":12,"column":29},"end":{"line":43,"column":1}},"line":12},"1":{"name":"(anonymous_1)","decl":{"start":{"line":14,"column":21},"end":{"line":14,"column":22}},"loc":{"start":{"line":14,"column":27},"end":{"line":14,"column":55}},"line":14}},"branchMap":{"0":{"loc":{"start":{"line":25,"column":7},"end":{"line":27,"column":7}},"type":"binary-expr","locations":[{"start":{"line":25,"column":7},"end":{"line":25,"column":45}},{"start":{"line":26,"column":8},"end":{"line":26,"column":74}}],"line":25},"1":{"loc":{"start":{"line":29,"column":7},"end":{"line":34,"column":7}},"type":"binary-expr","locations":[{"start":{"line":29,"column":7},"end":{"line":29,"column":48}},{"start":{"line":30,"column":8},"end":{"line":33,"column":10}}],"line":29},"2":{"loc":{"start":{"line":36,"column":7},"end":{"line":38,"column":7}},"type":"binary-expr","locations":[{"start":{"line":36,"column":7},"end":{"line":36,"column":41}},{"start":{"line":37,"column":8},"end":{"line":37,"column":68}}],"line":36},"3":{"loc":{"start":{"line":40,"column":7},"end":{"line":40,"column":78}},"type":"binary-expr","locations":[{"start":{"line":40,"column":7},"end":{"line":40,"column":40}},{"start":{"line":40,"column":44},"end":{"line":40,"column":78}}],"line":40}},"s":{"0":1,"1":1,"2":1,"3":0,"4":1},"f":{"0":1,"1":0},"b":{"0":[1,0],"1":[1,0],"2":[1,0],"3":[1,0]},"_coverageSchema":"1a1c01bbd47fc00a2c39e90264f33305004495a9","hash":"6f65a80cd821fb1762aebb3e7833c104618e27a2"}
,"D:\\dev\\reprMan\\apps\\client-web\\src\\modals\\ModalContainer\\ModalContainer.types.ts": {"path":"D:\\dev\\reprMan\\apps\\client-web\\src\\modals\\ModalContainer\\ModalContainer.types.ts","statementMap":{"0":{"start":{"line":13,"column":30},"end":{"line":13,"column":43}}},"fnMap":{},"branchMap":{},"s":{"0":4},"f":{},"b":{},"_coverageSchema":"1a1c01bbd47fc00a2c39e90264f33305004495a9","hash":"6eea000a7142a67299750cbf7a9c120e64c20189"}
,"D:\\dev\\reprMan\\apps\\client-web\\src\\modals\\ModalContainer\\index.ts": {"path":"D:\\dev\\reprMan\\apps\\client-web\\src\\modals\\ModalContainer\\index.ts","statementMap":{},"fnMap":{},"branchMap":{},"s":{},"f":{},"b":{},"_coverageSchema":"1a1c01bbd47fc00a2c39e90264f33305004495a9","hash":"8a31306c9e41d0ed134bd1847e7ab14e8a157b04"}
,"D:\\dev\\reprMan\\apps\\client-web\\src\\modals\\Query\\Query.helpers.ts": {"path":"D:\\dev\\reprMan\\apps\\client-web\\src\\modals\\Query\\Query.helpers.ts","statementMap":{"0":{"start":{"line":15,"column":36},"end":{"line":21,"column":34}},"1":{"start":{"line":16,"column":38},"end":{"line":20,"column":5}},"2":{"start":{"line":23,"column":2},"end":{"line":32,"column":3}},"3":{"start":{"line":34,"column":25},"end":{"line":36,"column":3}},"4":{"start":{"line":35,"column":41},"end":{"line":35,"column":59}},"5":{"start":{"line":38,"column":2},"end":{"line":38,"column":45}},"6":{"start":{"line":38,"column":41},"end":{"line":38,"column":44}},"7":{"start":{"line":41,"column":13},"end":{"line":41,"column":26}},"8":{"start":{"line":42,"column":21},"end":{"line":42,"column":54}},"9":{"start":{"line":42,"column":38},"end":{"line":42,"column":54}}},"fnMap":{"0":{"name":"callQuery","decl":{"start":{"line":6,"column":17},"end":{"line":6,"column":26}},"loc":{"start":{"line":14,"column":3},"end":{"line":39,"column":1}},"line":14},"1":{"name":"(anonymous_1)","decl":{"start":{"line":16,"column":4},"end":{"line":16,"column":5}},"loc":{"start":{"line":16,"column":38},"end":{"line":20,"column":5}},"line":16},"2":{"name":"(anonymous_2)","decl":{"start":{"line":35,"column":34},"end":{"line":35,"column":35}},"loc":{"start":{"line":35,"column":41},"end":{"line":35,"column":59}},"line":35},"3":{"name":"(anonymous_3)","decl":{"start":{"line":38,"column":29},"end":{"line":38,"column":30}},"loc":{"start":{"line":38,"column":41},"end":{"line":38,"column":44}},"line":38},"4":{"name":"(anonymous_4)","decl":{"start":{"line":42,"column":21},"end":{"line":42,"column":22}},"loc":{"start":{"line":42,"column":38},"end":{"line":42,"column":54}},"line":42}},"branchMap":{},"s":{"0":0,"1":0,"2":0,"3":0,"4":0,"5":0,"6":0,"7":4,"8":4,"9":0},"f":{"0":0,"1":0,"2":0,"3":0,"4":0},"b":{},"_coverageSchema":"1a1c01bbd47fc00a2c39e90264f33305004495a9","hash":"3f2c3a04b6288f1679cc787a859014ed6daa54b7"}
,"D:\\dev\\reprMan\\apps\\client-web\\src\\modals\\Query\\Query.tsx": {"path":"D:\\dev\\reprMan\\apps\\client-web\\src\\modals\\Query\\Query.tsx","statementMap":{"0":{"start":{"line":21,"column":30},"end":{"line":57,"column":1}},"1":{"start":{"line":27,"column":2},"end":{"line":27,"column":55}},"2":{"start":{"line":27,"column":44},"end":{"line":27,"column":55}},"3":{"start":{"line":29,"column":2},"end":{"line":56,"column":3}},"4":{"start":{"line":36,"column":27},"end":{"line":36,"column":43}},"5":{"start":{"line":37,"column":24},"end":{"line":41,"column":11}},"6":{"start":{"line":42,"column":10},"end":{"line":47,"column":11}},"7":{"start":{"line":52,"column":10},"end":{"line":52,"column":52}},"8":{"start":{"line":61,"column":21},"end":{"line":79,"column":1}},"9":{"start":{"line":65,"column":2},"end":{"line":78,"column":11}},"10":{"start":{"line":70,"column":6},"end":{"line":73,"column":8}},"11":{"start":{"line":74,"column":6},"end":{"line":74,"column":18}}},"fnMap":{"0":{"name":"(anonymous_0)","decl":{"start":{"line":21,"column":30},"end":{"line":21,"column":31}},"loc":{"start":{"line":26,"column":6},"end":{"line":57,"column":1}},"line":26},"1":{"name":"(anonymous_1)","decl":{"start":{"line":35,"column":18},"end":{"line":35,"column":19}},"loc":{"start":{"line":35,"column":46},"end":{"line":48,"column":9}},"line":35},"2":{"name":"(anonymous_2)","decl":{"start":{"line":51,"column":39},"end":{"line":51,"column":40}},"loc":{"start":{"line":52,"column":10},"end":{"line":52,"column":52}},"line":52},"3":{"name":"(anonymous_3)","decl":{"start":{"line":61,"column":21},"end":{"line":61,"column":22}},"loc":{"start":{"line":65,"column":2},"end":{"line":78,"column":11}},"line":65},"4":{"name":"(anonymous_4)","decl":{"start":{"line":69,"column":13},"end":{"line":69,"column":14}},"loc":{"start":{"line":69,"column":19},"end":{"line":75,"column":5}},"line":69}},"branchMap":{"0":{"loc":{"start":{"line":27,"column":2},"end":{"line":27,"column":55}},"type":"if","locations":[{"start":{"line":27,"column":2},"end":{"line":27,"column":55}},{"start":{},"end":{}}],"line":27},"1":{"loc":{"start":{"line":38,"column":20},"end":{"line":38,"column":43}},"type":"cond-expr","locations":[{"start":{"line":38,"column":31},"end":{"line":38,"column":39}},{"start":{"line":38,"column":42},"end":{"line":38,"column":43}}],"line":38},"2":{"loc":{"start":{"line":39,"column":24},"end":{"line":39,"column":52}},"type":"cond-expr","locations":[{"start":{"line":39,"column":35},"end":{"line":39,"column":41}},{"start":{"line":39,"column":44},"end":{"line":39,"column":52}}],"line":39},"3":{"loc":{"start":{"line":40,"column":23},"end":{"line":40,"column":53}},"type":"cond-expr","locations":[{"start":{"line":40,"column":34},"end":{"line":40,"column":42}},{"start":{"line":40,"column":45},"end":{"line":40,"column":53}}],"line":40},"4":{"loc":{"start":{"line":68,"column":13},"end":{"line":68,"column":33}},"type":"binary-expr","locations":[{"start":{"line":68,"column":13},"end":{"line":68,"column":20}},{"start":{"line":68,"column":24},"end":{"line":68,"column":33}}],"line":68}},"s":{"0":4,"1":0,"2":0,"3":0,"4":0,"5":0,"6":0,"7":0,"8":4,"9":0,"10":0,"11":0},"f":{"0":0,"1":0,"2":0,"3":0,"4":0},"b":{"0":[0,0],"1":[0,0],"2":[0,0],"3":[0,0],"4":[0,0]},"_coverageSchema":"1a1c01bbd47fc00a2c39e90264f33305004495a9","hash":"038a63c8dae2cc4700fca6350282ea56fac6f8a8"}
,"D:\\dev\\reprMan\\apps\\client-web\\src\\modals\\Query\\index.ts": {"path":"D:\\dev\\reprMan\\apps\\client-web\\src\\modals\\Query\\index.ts","statementMap":{},"fnMap":{},"branchMap":{},"s":{},"f":{},"b":{},"_coverageSchema":"1a1c01bbd47fc00a2c39e90264f33305004495a9","hash":"0ca759eaed4b22ecc79265975194aa627fec1b79"}
,"D:\\dev\\reprMan\\apps\\client-web\\src\\modules\\index.ts": {"path":"D:\\dev\\reprMan\\apps\\client-web\\src\\modules\\index.ts","statementMap":{},"fnMap":{},"branchMap":{},"s":{},"f":{},"b":{},"_coverageSchema":"1a1c01bbd47fc00a2c39e90264f33305004495a9","hash":"a6ac0276d30523be2368f7cc2c4e1ce461a9d9bb"}
,"D:\\dev\\reprMan\\apps\\client-web\\src\\modules\\CognitoAuth\\CognitoAuthBar.tsx": {"path":"D:\\dev\\reprMan\\apps\\client-web\\src\\modules\\CognitoAuth\\CognitoAuthBar.tsx","statementMap":{"0":{"start":{"line":16,"column":23},"end":{"line":126,"column":1}},"1":{"start":{"line":17,"column":19},"end":{"line":17,"column":32}},"2":{"start":{"line":18,"column":19},"end":{"line":18,"column":32}},"3":{"start":{"line":19,"column":16},"end":{"line":19,"column":25}},"4":{"start":{"line":20,"column":19},"end":{"line":20,"column":28}},"5":{"start":{"line":21,"column":39},"end":{"line":21,"column":55}},"6":{"start":{"line":22,"column":40},"end":{"line":22,"column":55}},"7":{"start":{"line":24,"column":26},"end":{"line":34,"column":3}},"8":{"start":{"line":26,"column":6},"end":{"line":26,"column":78}},"9":{"start":{"line":27,"column":4},"end":{"line":33,"column":5}},"10":{"start":{"line":36,"column":24},"end":{"line":46,"column":3}},"11":{"start":{"line":37,"column":4},"end":{"line":37,"column":24}},"12":{"start":{"line":38,"column":4},"end":{"line":45,"column":5}},"13":{"start":{"line":39,"column":6},"end":{"line":39,"column":21}},"14":{"start":{"line":40,"column":6},"end":{"line":40,"column":27}},"15":{"start":{"line":42,"column":6},"end":{"line":42,"column":26}},"16":{"start":{"line":44,"column":6},"end":{"line":44,"column":27}},"17":{"start":{"line":48,"column":2},"end":{"line":50,"column":3}},"18":{"start":{"line":49,"column":4},"end":{"line":49,"column":15}},"19":{"start":{"line":52,"column":2},"end":{"line":61,"column":3}},"20":{"start":{"line":53,"column":4},"end":{"line":60,"column":5}},"21":{"start":{"line":63,"column":19},"end":{"line":63,"column":56}},"22":{"start":{"line":65,"column":2},"end":{"line":125,"column":3}},"23":{"start":{"line":98,"column":29},"end":{"line":98,"column":44}},"24":{"start":{"line":118,"column":25},"end":{"line":118,"column":44}}},"fnMap":{"0":{"name":"(anonymous_0)","decl":{"start":{"line":16,"column":23},"end":{"line":16,"column":24}},"loc":{"start":{"line":16,"column":29},"end":{"line":126,"column":1}},"line":16},"1":{"name":"(anonymous_1)","decl":{"start":{"line":24,"column":26},"end":{"line":24,"column":27}},"loc":{"start":{"line":24,"column":44},"end":{"line":34,"column":3}},"line":24},"2":{"name":"(anonymous_2)","decl":{"start":{"line":36,"column":24},"end":{"line":36,"column":25}},"loc":{"start":{"line":36,"column":36},"end":{"line":46,"column":3}},"line":36},"3":{"name":"(anonymous_3)","decl":{"start":{"line":98,"column":23},"end":{"line":98,"column":24}},"loc":{"start":{"line":98,"column":29},"end":{"line":98,"column":44}},"line":98},"4":{"name":"(anonymous_4)","decl":{"start":{"line":118,"column":19},"end":{"line":118,"column":20}},"loc":{"start":{"line":118,"column":25},"end":{"line":118,"column":44}},"line":118}},"branchMap":{"0":{"loc":{"start":{"line":26,"column":6},"end":{"line":26,"column":78}},"type":"cond-expr","locations":[{"start":{"line":26,"column":33},"end":{"line":26,"column":44}},{"start":{"line":26,"column":47},"end":{"line":26,"column":78}}],"line":26},"1":{"loc":{"start":{"line":48,"column":2},"end":{"line":50,"column":3}},"type":"if","locations":[{"start":{"line":48,"column":2},"end":{"line":50,"column":3}},{"start":{},"end":{}}],"line":48},"2":{"loc":{"start":{"line":52,"column":2},"end":{"line":61,"column":3}},"type":"if","locations":[{"start":{"line":52,"column":2},"end":{"line":61,"column":3}},{"start":{},"end":{}}],"line":52},"3":{"loc":{"start":{"line":63,"column":19},"end":{"line":63,"column":56}},"type":"cond-expr","locations":[{"start":{"line":63,"column":30},"end":{"line":63,"column":51}},{"start":{"line":63,"column":54},"end":{"line":63,"column":56}}],"line":63},"4":{"loc":{"start":{"line":67,"column":7},"end":{"line":123,"column":7}},"type":"cond-expr","locations":[{"start":{"line":68,"column":8},"end":{"line":112,"column":19}},{"start":{"line":114,"column":8},"end":{"line":122,"column":17}}],"line":67},"5":{"loc":{"start":{"line":89,"column":15},"end":{"line":91,"column":22}},"type":"cond-expr","locations":[{"start":{"line":90,"column":16},"end":{"line":90,"column":72}},{"start":{"line":91,"column":18},"end":{"line":91,"column":22}}],"line":89},"6":{"loc":{"start":{"line":89,"column":15},"end":{"line":89,"column":52}},"type":"binary-expr","locations":[{"start":{"line":89,"column":15},"end":{"line":89,"column":24}},{"start":{"line":89,"column":28},"end":{"line":89,"column":52}}],"line":89},"7":{"loc":{"start":{"line":101,"column":15},"end":{"line":108,"column":22}},"type":"cond-expr","locations":[{"start":{"line":102,"column":16},"end":{"line":107,"column":18}},{"start":{"line":108,"column":18},"end":{"line":108,"column":22}}],"line":101}},"s":{"0":1,"1":1,"2":1,"3":1,"4":1,"5":1,"6":1,"7":1,"8":0,"9":0,"10":1,"11":0,"12":0,"13":0,"14":0,"15":0,"16":0,"17":1,"18":0,"19":1,"20":1,"21":0,"22":0,"23":0,"24":0},"f":{"0":1,"1":0,"2":0,"3":0,"4":0},"b":{"0":[0,0],"1":[0,1],"2":[1,0],"3":[0,0],"4":[0,0],"5":[0,0],"6":[0,0],"7":[0,0]},"_coverageSchema":"1a1c01bbd47fc00a2c39e90264f33305004495a9","hash":"6368df729bb0cfbe612d46bb3d51cec3256a5482"}
,"D:\\dev\\reprMan\\apps\\client-web\\src\\modules\\CognitoAuth\\CognitoAuthContext.tsx": {"path":"D:\\dev\\reprMan\\apps\\client-web\\src\\modules\\CognitoAuth\\CognitoAuthContext.tsx","statementMap":{"0":{"start":{"line":21,"column":27},"end":{"line":21,"column":78}},"1":{"start":{"line":23,"column":35},"end":{"line":73,"column":1}},"2":{"start":{"line":28,"column":19},"end":{"line":28,"column":32}},"3":{"start":{"line":29,"column":19},"end":{"line":29,"column":28}},"4":{"start":{"line":30,"column":46},"end":{"line":30,"column":76}},"5":{"start":{"line":32,"column":25},"end":{"line":48,"column":16}},"6":{"start":{"line":33,"column":4},"end":{"line":35,"column":5}},"7":{"start":{"line":34,"column":6},"end":{"line":34,"column":12}},"8":{"start":{"line":36,"column":4},"end":{"line":47,"column":5}},"9":{"start":{"line":37,"column":19},"end":{"line":37,"column":49}},"10":{"start":{"line":38,"column":6},"end":{"line":42,"column":7}},"11":{"start":{"line":39,"column":8},"end":{"line":39,"column":31}},"12":{"start":{"line":41,"column":8},"end":{"line":41,"column":29}},"13":{"start":{"line":44,"column":6},"end":{"line":44,"column":27}},"14":{"start":{"line":46,"column":6},"end":{"line":46,"column":29}},"15":{"start":{"line":50,"column":2},"end":{"line":55,"column":22}},"16":{"start":{"line":51,"column":4},"end":{"line":53,"column":5}},"17":{"start":{"line":52,"column":6},"end":{"line":52,"column":12}},"18":{"start":{"line":54,"column":4},"end":{"line":54,"column":20}},"19":{"start":{"line":57,"column":19},"end":{"line":57,"column":53}},"20":{"start":{"line":59,"column":16},"end":{"line":66,"column":3}},"21":{"start":{"line":60,"column":11},"end":{"line":64,"column":5}},"22":{"start":{"line":68,"column":2},"end":{"line":72,"column":3}},"23":{"start":{"line":76,"column":14},"end":{"line":76,"column":44}},"24":{"start":{"line":77,"column":2},"end":{"line":79,"column":3}},"25":{"start":{"line":78,"column":4},"end":{"line":78,"column":77}},"26":{"start":{"line":80,"column":2},"end":{"line":80,"column":12}}},"fnMap":{"0":{"name":"(anonymous_0)","decl":{"start":{"line":23,"column":35},"end":{"line":23,"column":36}},"loc":{"start":{"line":27,"column":6},"end":{"line":73,"column":1}},"line":27},"1":{"name":"(anonymous_1)","decl":{"start":{"line":32,"column":37},"end":{"line":32,"column":38}},"loc":{"start":{"line":32,"column":49},"end":{"line":48,"column":3}},"line":32},"2":{"name":"(anonymous_2)","decl":{"start":{"line":50,"column":12},"end":{"line":50,"column":13}},"loc":{"start":{"line":50,"column":18},"end":{"line":55,"column":3}},"line":50},"3":{"name":"(anonymous_3)","decl":{"start":{"line":60,"column":4},"end":{"line":60,"column":5}},"loc":{"start":{"line":60,"column":11},"end":{"line":64,"column":5}},"line":60},"4":{"name":"useCognitoAuth","decl":{"start":{"line":75,"column":16},"end":{"line":75,"column":30}},"loc":{"start":{"line":75,"column":58},"end":{"line":81,"column":1}},"line":75}},"branchMap":{"0":{"loc":{"start":{"line":33,"column":4},"end":{"line":35,"column":5}},"type":"if","locations":[{"start":{"line":33,"column":4},"end":{"line":35,"column":5}},{"start":{},"end":{}}],"line":33},"1":{"loc":{"start":{"line":38,"column":6},"end":{"line":42,"column":7}},"type":"if","locations":[{"start":{"line":38,"column":6},"end":{"line":42,"column":7}},{"start":{"line":40,"column":13},"end":{"line":42,"column":7}}],"line":38},"2":{"loc":{"start":{"line":51,"column":4},"end":{"line":53,"column":5}},"type":"if","locations":[{"start":{"line":51,"column":4},"end":{"line":53,"column":5}},{"start":{},"end":{}}],"line":51},"3":{"loc":{"start":{"line":57,"column":27},"end":{"line":57,"column":52}},"type":"binary-expr","locations":[{"start":{"line":57,"column":27},"end":{"line":57,"column":37}},{"start":{"line":57,"column":41},"end":{"line":57,"column":52}}],"line":57},"4":{"loc":{"start":{"line":77,"column":2},"end":{"line":79,"column":3}},"type":"if","locations":[{"start":{"line":77,"column":2},"end":{"line":79,"column":3}},{"start":{},"end":{}}],"line":77}},"s":{"0":1,"1":1,"2":1,"3":1,"4":1,"5":1,"6":1,"7":0,"8":1,"9":1,"10":1,"11":0,"12":1,"13":0,"14":1,"15":1,"16":1,"17":0,"18":1,"19":1,"20":1,"21":1,"22":1,"23":3,"24":3,"25":0,"26":3},"f":{"0":1,"1":1,"2":1,"3":1,"4":3},"b":{"0":[0,1],"1":[0,1],"2":[0,1],"3":[1,0],"4":[0,3]},"_coverageSchema":"1a1c01bbd47fc00a2c39e90264f33305004495a9","hash":"18497de58c68a5
[...]
,"D:\\dev\\reprMan\\apps\\client-web\\src\\utilities\\reprs\\reprsText.ts": {"path":"D:\\dev\\reprMan\\apps\\client-web\\src\\utilities\\reprs\\reprsText.ts","statementMap":{"0":{"start":{"line":15,"column":35},"end":{"line":31,"column":39}},"1":{"start":{"line":16,"column":2},"end":{"line":31,"column":39}},"2":{"start":{"line":18,"column":6},"end":{"line":29,"column":18}},"3":{"start":{"line":33,"column":36},"end":{"line":120,"column":1}},"4":{"start":{"line":34,"column":20},"end":{"line":34,"column":36}},"5":{"start":{"line":35,"column":16},"end":{"line":35,"column":27}},"6":{"start":{"line":37,"column":2},"end":{"line":117,"column":3}},"7":{"start":{"line":37,"column":15},"end":{"line":37,"column":16}},"8":{"start":{"line":38,"column":18},"end":{"line":38,"column":53}},"9":{"start":{"line":39,"column":4},"end":{"line":41,"column":5}},"10":{"start":{"line":40,"column":6},"end":{"line":40,"column":71}},"11":{"start":{"line":42,"column":4},"end":{"line":46,"column":5}},"12":{"start":{"line":43,"column":6},"end":{"line":45,"column":7}},"13":{"start":{"line":48,"column":23},"end":{"line":51,"column":28}},"14":{"start":{"line":51,"column":18},"end":{"line":51,"column":27}},"15":{"start":{"line":53,"column":23},"end":{"line":53,"column":60}},"16":{"start":{"line":55,"column":6},"end":{"line":55,"column":73}},"17":{"start":{"line":56,"column":4},"end":{"line":62,"column":5}},"18":{"start":{"line":57,"column":6},"end":{"line":61,"column":7}},"19":{"start":{"line":64,"column":27},"end":{"line":64,"column":69}},"20":{"start":{"line":66,"column":6},"end":{"line":68,"column":48}},"21":{"start":{"line":69,"column":4},"end":{"line":75,"column":5}},"22":{"start":{"line":70,"column":6},"end":{"line":74,"column":7}},"23":{"start":{"line":77,"column":29},"end":{"line":77,"column":73}},"24":{"start":{"line":79,"column":6},"end":{"line":81,"column":52}},"25":{"start":{"line":82,"column":4},"end":{"line":88,"column":5}},"26":{"start":{"line":83,"column":6},"end":{"line":87,"column":7}},"27":{"start":{"line":90,"column":18},"end":{"line":90,"column":50}},"28":{"start":{"line":91,"column":15},"end":{"line":91,"column":73}},"29":{"start":{"line":93,"column":19},"end":{"line":95,"column":75}},"30":{"start":{"line":95,"column":23},"end":{"line":95,"column":74}},"31":{"start":{"line":96,"column":22},"end":{"line":96,"column":61}},"32":{"start":{"line":98,"column":4},"end":{"line":104,"column":5}},"33":{"start":{"line":99,"column":6},"end":{"line":103,"column":7}},"34":{"start":{"line":106,"column":17},"end":{"line":113,"column":13}},"35":{"start":{"line":115,"column":4},"end":{"line":115,"column":20}},"36":{"start":{"line":116,"column":4},"end":{"line":116,"column":21}},"37":{"start":{"line":116,"column":16},"end":{"line":116,"column":21}},"38":{"start":{"line":119,"column":2},"end":{"line":119,"column":14}}},"fnMap":{"0":{"name":"(anonymous_0)","decl":{"start":{"line":15,"column":35},"end":{"line":15,"column":36}},"loc":{"start":{"line":16,"column":2},"end":{"line":31,"column":39}},"line":16},"1":{"name":"(anonymous_1)","decl":{"start":{"line":17,"column":9},"end":{"line":17,"column":10}},"loc":{"start":{"line":18,"column":6},"end":{"line":29,"column":18}},"line":18},"2":{"name":"(anonymous_2)","decl":{"start":{"line":33,"column":36},"end":{"line":33,"column":37}},"loc":{"start":{"line":33,"column":61},"end":{"line":120,"column":1}},"line":33},"3":{"name":"(anonymous_3)","decl":{"start":{"line":51,"column":11},"end":{"line":51,"column":12}},"loc":{"start":{"line":51,"column":18},"end":{"line":51,"column":27}},"line":51},"4":{"name":"(anonymous_4)","decl":{"start":{"line":95,"column":13},"end":{"line":95,"column":14}},"loc":{"start":{"line":95,"column":23},"end":{"line":95,"column":74}},"line":95}},"branchMap":{"0":{"loc":{"start":{"line":20,"column":8},"end":{"line":20,"column":69}},"type":"binary-expr","locations":[{"start":{"line":20,"column":8},"end":{"line":20,"column":46}},{"start":{"line":20,"column":50},"end":{"line":20,"column":69}}],"line":20},"1":{"loc":{"start":{"line":21,"column":8},"end":{"line":21,"column":40}},"type":"binary-expr","locations":[{"start":{"line":21,"column":8},"end":{"line":21,"column":17}},{"start":{"line":21,"column":21},"end":{"line":21,"column":40}}],"line":21},"2":{"loc":{"start":{"line":22,"column":8},"end":{"line":24,"column":31}},"type":"cond-expr","locations":[{"start":{"line":23,"column":12},"end":{"line":23,"column":53}},{"start":{"line":24,"column":12},"end":{"line":24,"column":31}}],"line":22},"3":{"loc":{"start":{"line":25,"column":8},"end":{"line":27,"column":31}},"type":"cond-expr","locations":[{"start":{"line":26,"column":12},"end":{"line":26,"column":59}},{"start":{"line":27,"column":12},"end":{"line":27,"column":31}}],"line":25},"4":{"loc":{"start":{"line":28,"column":8},"end":{"line":28,"column":35}},"type":"binary-expr","locations":[{"start":{"line":28,"column":8},"end":{"line":28,"column":12}},{"start":{"line":28,"column":16},"end":{"line":28,"column":35}}],"line":28},"5":{"loc":{"start":{"line":39,"column":4},"end":{"line":41,"column":5}},"type":"if","locations":[{"start":{"line":39,"column":4},"end":{"line":41,"column":5}},{"start":{},"end":{}}],"line":39},"6":{"loc":{"start":{"line":42,"column":4},"end":{"line":46,"column":5}},"type":"if","locations":[{"start":{"line":42,"column":4},"end":{"line":46,"column":5}},{"start":{},"end":{}}],"line":42},"7":{"loc":{"start":{"line":55,"column":6},"end":{"line":55,"column":73}},"type":"cond-expr","locations":[{"start":{"line":55,"column":58},"end":{"line":55,"column":60}},{"start":{"line":55,"column":63},"end":{"line":55,"column":73}}],"line":55},"8":{"loc":{"start":{"line":55,"column":6},"end":{"line":55,"column":55}},"type":"binary-expr","locations":[{"start":{"line":55,"column":6},"end":{"line":55,"column":40}},{"start":{"line":55,"column":44},"end":{"line":55,"column":55}}],"line":55},"9":{"loc":{"start":{"line":56,"column":4},"end":{"line":62,"column":5}},"type":"if","locations":[{"start":{"line":56,"column":4},"end":{"line":62,"column":5}},{"start":{},"end":{}}],"line":56},"10":{"loc":{"start":{"line":66,"column":6},"end":{"line":68,"column":48}},"type":"cond-expr","locations":[{"start":{"line":67,"column":10},"end":{"line":67,"column":34}},{"start":{"line":68,"column":10},"end":{"line":68,"column":48}}],"line":66},"11":{"loc":{"start":{"line":66,"column":6},"end":{"line":66,"column":69}},"type":"binary-expr","locations":[{"start":{"line":66,"column":6},"end":{"line":66,"column":50}},{"start":{"line":66,"column":54},"end":{"line":66,"column":69}}],"line":66},"12":{"loc":{"start":{"line":69,"column":4},"end":{"line":75,"column":5}},"type":"if","locations":[{"start":{"line":69,"column":4},"end":{"line":75,"column":5}},{"start":{},"end":{}}],"line":69},"13":{"loc":{"start":{"line":69,"column":8},"end":{"line":69,"column":55}},"type":"binary-expr","locations":[{"start":{"line":69,"column":8},"end":{"line":69,"column":20}},{"start":{"line":69,"column":24},"end":{"line":69,"column":55}}],"line":69},"14":{"loc":{"start":{"line":79,"column":6},"end":{"line":81,"column":52}},"type":"cond-expr","locations":[{"start":{"line":80,"column":10},"end":{"line":80,"column":12}},{"start":{"line":81,"column":10},"end":{"line":81,"column":52}}],"line":79},"15":{"loc":{"start":{"line":79,"column":6},"end":{"line":79,"column":67}},"type":"binary-expr","locations":[{"start":{"line":79,"column":6},"end":{"line":79,"column":46}},{"start":{"line":79,"column":50},"end":{"line":79,"column":67}}],"line":79},"16":{"loc":{"start":{"line":82,"column":4},"end":{"line":88,"column":5}},"type":"if","locations":[{"start":{"line":82,"column":4},"end":{"line":88,"column":5}},{"start":{},"end":{}}],"line":82},"17":{"loc":{"start":{"line":82,"column":8},"end":{"line":82,"column":76}},"type":"binary-expr","locations":[{"start":{"line":82,"column":8},"end":{"line":82,"column":35}},{"start":{"line":82,"column":39},"end":{"line":82,"column":76}}],"line":82},"18":{"loc":{"start":{"line":91,"column":15},"end":{"line":91,"column":73}},"type":"cond-expr","locations":[{"start":{"line":91,"column":63},"end":{"line":91,"column":65}},{"start":{"line":91,"column":68},"end":{"line":91,"column":73}}],"line":91},"19":{"loc":{"start":{"line":91,"column":15},"end":{"line":91,"column":60}},"type":"binary-expr","locations":[{"start":{"line":91,"column":15},"end":{"line":91,"column":50}},{"start":{"line":91,"column":54},"end":{"line":91,"column":60}}],"line":91},"20":{"loc":{"start":{"line":95,"column":23},"end":{"line":95,"column":74}},"type":"binary-expr","locations":[{"start":{"line":95,"column":23},"end":{"line":95,"column":35}},{"start":{"line":95,"column":39},"end":{"line":95,"column":74}}],"line":95},"21":{"loc":{"start":{"line":98,"column":4},"end":{"line":104,"column":5}},"type":"if","locations":[{"start":{"line":98,"column":4},"end":{"line":104,"column":5}},{"start":{},"end":{}}],"line":98},"22":{"loc":{"start":{"line":98,"column":8},"end":{"line":98,"column":52}},"type":"binary-expr","locations":[{"start":{"line":98,"column":8},"end":{"line":98,"column":15}},{"start":{"line":98,"column":19},"end":{"line":98,"column":52}}],"line":98},"23":{"loc":{"start":{"line":116,"column":4},"end":{"line":116,"column":21}},"type":"if","locations":[{"start":{"line":116,"column":4},"end":{"line":116,"column":21}},{"start":{},"end":{}}],"line":116}},"s":{"0":4,"1":0,"2":0,"3":4,"4":0,"5":0,"6":0,"7":0,"8":0,"9":0,"10":0,"11":0,"12":0,"13":0,"14":0,"15":0,"16":0,"17":0,"18":0,"19":0,"20":0,"21":0,"22":0,"23":0,"24":0,"25":0,"26":0,"27":0,"28":0,"29":0,"30":0,"31":0,"32":0,"33":0,"34":0,"35":0,"36":0,"37":0,"38":0},"f":{"0":0,"1":0,"2":0,"3":0,"4":0},"b":{"0":[0,0],"1":[0,0],"2":[0,0],"3":[0,0],"4":[0,0],"5":[0,0],"6":[0,0],"7":[0,0],"8":[0,0],"9":[0,0],"10":[0,0],"11":[0,0],"12":[0,0],"13":[0,0],"14":[0,0],"15":[0,0],"16":[0,0],"17":[0,0],"18":[0,0],"19":[0,0],"20":[0,0],"21":[0,0],"22":[0,0],"23":[0,0]},"_coverageSchema":"1a1c01bbd47fc00a2c39e90264f33305004495a9","hash":"b3ea81d203f5a55de4c19afcdcc59c685b03491f"}
,"D:\\dev\\reprMan\\apps\\client-web\\src\\utilities\\reprs\\reprsXlsx.ts": {"path":"D:\\dev\\reprMan\\apps\\client-web\\src\\utilities\\reprs\\reprsXlsx.ts","statementMap":{"0":{"start":{"line":8,"column":16},"end":{"line":8,"column":48}},"1":{"start":{"line":9,"column":19},"end":{"line":9,"column":39}},"2":{"start":{"line":10,"column":2},"end":{"line":10,"column":69}},"3":{"start":{"line":11,"column":25},"end":{"line":11,"column":55}},"4":{"start":{"line":13,"column":2},"end":{"line":20,"column":3}},"5":{"start":{"line":22,"column":2},"end":{"line":22,"column":48}},"6":{"start":{"line":24,"column":2},"end":{"line":24,"column":68}},"7":{"start":{"line":26,"column":2},"end":{"line":39,"column":3}},"8":{"start":{"line":28,"column":6},"end":{"line":37,"column":8}},"9":{"start":{"line":41,"column":24},"end":{"line":41,"column":53}},"10":{"start":{"line":42,"column":28},"end":{"line":44,"column":27}},"11":{"start":{"line":45,"column":2},"end":{"line":45,"column":66}},"12":{"start":{"line":47,"column":17},"end":{"line":47,"column":50}},"13":{"start":{"line":49,"column":2},"end":{"line":49,"column":27}},"14":{"start":{"line":52,"column":42},"end":{"line":135,"column":23}},"15":{"start":{"line":53,"column":2},"end":{"line":135,"column":23}},"16":{"start":{"line":55,"column":6},"end":{"line":55,"column":64}},"17":{"start":{"line":55,"column":42},"end":{"line":55,"column":45}},"18":{"start":{"line":55,"column":48},"end":{"line":55,"column":64}},"19":{"start":{"line":64,"column":10},"end":{"line":64,"column":19}},"20":{"start":{"line":66,"column":20},"end":{"line":66,"column":36}},"21":{"start":{"line":68,"column":27},"end":{"line":68,"column":75}},"22":{"start":{"line":70,"column":6},"end":{"line":72,"column":7}},"23":{"start":{"line":71,"column":8},"end":{"line":71,"column":69}},"24":{"start":{"line":73,"column":6},"end":{"line":77,"column":7}},"25":{"start":{"line":74,"column":8},"end":{"line":76,"column":9}},"26":{"start":{"line":79,"column":25},"end":{"line":79,"column":65}},"27":{"start":{"line":81,"column":22},"end":{"line":81,"column":40}},"28":{"start":{"line":82,"column":6},"end":{"line":86,"column":7}},"29":{"start":{"line":83,"column":8},"end":{"line":85,"column":9}},"30":{"start":{"line":88,"column":36},"end":{"line":88,"column":58}},"31":{"start":{"line":90,"column":8},"end":{"line":92,"column":57}},"32":{"start":{"line":93,"column":6},"end":{"line":100,"column":7}},"33":{"start":{"line":97,"column":8},"end":{"line":99,"column":9}},"34":{"start":{"line":102,"column":42},"end":{"line":102,"column":70}},"35":{"start":{"line":104,"column":8},"end":{"line":107,"column":36}},"36":{"start":{"line":108,"column":6},"end":{"line":116,"column":7}},"37":{"start":{"line":113,"column":8},"end":{"line":115,"column":9}},"38":{"start":{"line":117,"column":29},"end":{"line":117,"column":73}},"39":{"start":{"line":119,"column":24},"end":{"line":119,"column":37}},"40":{"start":{"line":120,"column":6},"end":{"line":122,"column":7}},"41":{"start":{"line":121,"column":8},"end":{"line":121,"column":78}},"42":{"start":{"line":124,"column":17},"end":{"line":124,"column":32}},"43":{"start":{"line":126,"column":6},"end":{"line":133,"column":26}},"44":{"start":{"line":135,"column":19},"end":{"line":135,"column":22}}},"fnMap":{"0":{"name":"makeReprsXlsxFormat","decl":{"start":{"line":7,"column":22},"end":{"line":7,"column":41}},"loc":{"start":{"line":7,"column":56},"end":{"line":50,"column":1}},"line":7},"1":{"name":"(anonymous_1)","decl":{"start":{"line":27,"column":4},"end":{"line":27,"column":5}},"loc":{"start":{"line":27,"column":73},"end":{"line":38,"column":5}},"line":27},"2":{"name":"(anonymous_2)","decl":{"start":{"line":52,"column":42},"end":{"line":52,"column":43}},"loc":{"start":{"line":53,"column":2},"end":{"line":135,"column":23}},"line":53},"3":{"name":"(anonymous_3)","decl":{"start":{"line":54,"column":9},"end":{"line":54,"column":10}},"loc":{"start":{"line":54,"column":29},"end":{"line":134,"column":5}},"line":54},"4":{"name":"(anonymous_4)","decl":{"start":{"line":55,"column":26},"end":{"line":55,"column":27}},"loc":{"start":{"line":55,"column":42},"end":{"line":55,"column":45}},"line":55},"5":{"name":"(anonymous_5)","decl":{"start":{"line":135,"column":12},"end":{"line":135,"column":13}},"loc":{"start":{"line":135,"column":19},"end":{"line":135,"column":22}},"line":135}},"branchMap":{"0":{"loc":{"start":{"line":32,"column":21},"end":{"line":32,"column":73}},"type":"cond-expr","locations":[{"start":{"line":32,"column":35},"end":{"line":32,"column":68}},{"start":{"line":32,"column":71},"end":{"line":32,"column":73}}],"line":32},"1":{"loc":{"start":{"line":33,"column":27},"end":{"line":35,"column":14}},"type":"cond-expr","locations":[{"start":{"line":34,"column":12},"end":{"line":34,"column":51}},{"start":{"line":35,"column":12},"end":{"line":35,"column":14}}],"line":33},"2":{"loc":{"start":{"line":55,"column":6},"end":{"line":55,"column":64}},"type":"if","locations":[{"start":{"line":55,"column":6},"end":{"line":55,"column":64}},{"start":{},"end":{}}],"line":55},"3":{"loc":{"start":{"line":70,"column":6},"end":{"line":72,"column":7}},"type":"if","locations":[{"start":{"line":70,"column":6},"end":{"line":72,"column":7}},{"start":{},"end":{}}],"line":70},"4":{"loc":{"start":{"line":73,"column":6},"end":{"line":77,"column":7}},"type":"if","locations":[{"start":{"line":73,"column":6},"end":{"line":77,"column":7}},{"start":{},"end":{}}],"line":73},"5":{"loc":{"start":{"line":82,"column":6},"end":{"line":86,"column":7}},"type":"if","locations":[{"start":{"line":82,"column":6},"end":{"line":86,"column":7}},{"start":{},"end":{}}],"line":82},"6":{"loc":{"start":{"line":90,"column":8},"end":{"line":92,"column":57}},"type":"cond-expr","locations":[{"start":{"line":91,"column":12},"end":{"line":91,"column":14}},{"start":{"line":92,"column":12},"end":{"line":92,"column":57}}],"line":90},"7":{"loc":{"start":{"line":90,"column":8},"end":{"line":90,"column":79}},"type":"binary-expr","locations":[{"start":{"line":90,"column":8},"end":{"line":90,"column":30}},{"start":{"line":90,"column":34},"end":{"line":90,"column":79}}],"line":90},"8":{"loc":{"start":{"line":93,"column":6},"end":{"line":100,"column":7}},"type":"if","locations":[{"start":{"line":93,"column":6},"end":{"line":100,"column":7}},{"start":{},"end":{}}],"line":93},"9":{"loc":{"start":{"line":94,"column":8},"end":{"line":95,"column":70}},"type":"binary-expr","locations":[{"start":{"line":94,"column":8},"end":{"line":94,"column":21}},{"start":{"line":95,"column":9},"end":{"line":95,"column":40}},{"start":{"line":95,"column":44},"end":{"line":95,"column":69}}],"line":94},"10":{"loc":{"start":{"line":104,"column":8},"end":{"line":107,"column":36}},"type":"cond-expr","locations":[{"start":{"line":106,"column":12},"end":{"line":106,"column":14}},{"start":{"line":107,"column":12},"end":{"line":107,"column":36}}],"line":104},"11":{"loc":{"start":{"line":104,"column":8},"end":{"line":105,"column":59}},"type":"binary-expr","locations":[{"start":{"line":104,"column":8},"end":{"line":104,"column":36}},{"start":{"line":105,"column":8},"end":{"line":105,"column":59}}],"line":104},"12":{"loc":{"start":{"line":108,"column":6},"end":{"line":116,"column":7}},"type":"if","locations":[{"start":{"line":108,"column":6},"end":{"line":116,"column":7}},{"start":{},"end":{}}],"line":108},"13":{"loc":{"start":{"line":109,"column":8},"end":{"line":111,"column":42}},"type":"binary-expr","locations":[{"start":{"line":109,"column":8},"end":{"line":109,"column":27}},{"start":{"line":110,"column":9},"end":{"line":110,"column":46}},{"start":{"line":111,"column":10},"end":{"line":111,"column":41}}],"line":109},"14":{"loc":{"start":{"line":117,"column":29},"end":{"line":117,"column":73}},"type":"cond-expr","locations":[{"start":{"line":117,"column":49},"end":{"line":117,"column":68}},{"start":{"line":117,"column":71},"end":{"line":117,"column":73}}],"line":117},"15":{"loc":{"start":{"line":120,"column":6},"end":{"line":122,"column":7}},"type":"if","locations":[{"start":{"line":120,"column":6},"end":{"line":122,"column":7}},{"start":{},"end":{}}],"line":120},"16":{"loc":{"start":{"line":124,"column":17},"end":{"line":124,"column":32}},"type":"binary-expr","locations":[{"start":{"line":124,"column":17},"end":{"line":124,"column":26}},{"start":{"line":124,"column":30},"end":{"line":124,"column":32}}],"line":124}},"s":{"0":0,"1":0,"2":0,"3":0,"4":0,"5":0,"6":0,"7":0,"8":0,"9":0,"10":0,"11":0,"12":0,"13":0,"14":4,"15":0,"16":0,"17":0,"18":0,"19":0,"20":0,"21":0,"22":0,"23":0,"24":0,"25":0,"26":0,"27":0,"28":0,"29":0,"30":0,"31":0,"32":0,"33":0,"34":0,"35":0,"36":0,"37":0,"38":0,"39":0,"40":0,"41":0,"42":0,"43":0,"44":0},"f":{"0":0,"1":0,"2":0,"3":0,"4":0,"5":0},"b":{"0":[0,0],"1":[0,0],"2":[0,0],"3":[0,0],"4":[0,0],"5":[0,0],"6":[0,0],"7":[0,0],"8":[0,0],"9":[0,0,0],"10":[0,0],"11":[0,0],"12":[0,0],"13":[0,0,0],"14":[0,0],"15":[0,0],"16":[0,0]},"_coverageSchema":"1a1c01bbd47fc00a2c39e90264f33305004495a9","hash":"de529d7d8f947c4ea1264cef6db3b80f90587a63"}
}
